# Logfile created on 2026-02-15 16:52:10 +0100 by logger.rb/v1.4.3
2026-02-15 16:52:10 +0100: Memory Usage (426796K) : Starting running IHP-SG13G2 KLayout DRC runset on /home/designer/shared/IHP-AnalogAcademy/modules/module_3_8_bit_SAR_ADC/part_5_analog_layout/comparator/layout/DIFF_COMPARATOR.gds
2026-02-15 16:52:10 +0100: Memory Usage (426796K) : Ruby Version for klayout: 3.0.2
2026-02-15 16:52:10 +0100: Memory Usage (427692K) : Loading database to memory is complete.
2026-02-15 16:52:10 +0100: Memory Usage (427692K) : IHP-SG13G2 KLayout DRC runset output at: /home/designer/shared/IHP-AnalogAcademy/modules/module_3_8_bit_SAR_ADC/part_5_analog_layout/comparator/layout/drc_run_DIFF_COMPARATOR/DIFF_COMPARATOR_DIFF_COMPARATOR_main.lyrdb
2026-02-15 16:52:10 +0100: Memory Usage (427820K) : Evaluate switches.
2026-02-15 16:52:10 +0100: Memory Usage (427820K) : tables selected: main
2026-02-15 16:52:10 +0100: Memory Usage (427820K) : KLayout will use 1 thread(s) in tiling mode.
2026-02-15 16:52:10 +0100: Memory Usage (427820K) : deep mode is enabled.
2026-02-15 16:52:10 +0100: Memory Usage (427820K) : FEOL enabled: true
2026-02-15 16:52:10 +0100: Memory Usage (427820K) : BEOL enabled: true
2026-02-15 16:52:10 +0100: Memory Usage (427820K) : OFFGRID enabled: true
2026-02-15 16:52:10 +0100: Memory Usage (427820K) : PIN enabled: true
2026-02-15 16:52:10 +0100: Memory Usage (427820K) : FORBIDDEN enabled: true
2026-02-15 16:52:10 +0100: Memory Usage (427820K) : RECOMMENDED enabled: false
2026-02-15 16:52:10 +0100: Memory Usage (427820K) : PreCheck DRC enabled: false
2026-02-15 16:52:10 +0100: Memory Usage (427820K) : CONNECTIVITY_RULES enabled: true.
2026-02-15 16:52:10 +0100: Memory Usage (427820K) : Read in polygons from layers.
2026-02-15 16:52:10 +0100: Memory Usage (428972K) : activ_drw has 141 polygons
2026-02-15 16:52:10 +0100: Memory Usage (428972K) : activ_pin has 0 polygons
2026-02-15 16:52:10 +0100: Memory Usage (428972K) : activ_mask has 0 polygons
2026-02-15 16:52:10 +0100: Memory Usage (428972K) : activ_filler has 0 polygons
2026-02-15 16:52:10 +0100: Memory Usage (428972K) : activ_nofill has 0 polygons
2026-02-15 16:52:10 +0100: Memory Usage (428972K) : activ_opc has 0 polygons
2026-02-15 16:52:10 +0100: Memory Usage (428972K) : activ_iopc has 0 polygons
2026-02-15 16:52:10 +0100: Memory Usage (428972K) : activ_noqrc has 0 polygons
2026-02-15 16:52:10 +0100: Memory Usage (428972K) : biwind_drw has 0 polygons
2026-02-15 16:52:10 +0100: Memory Usage (428972K) : biwind_opc has 0 polygons
2026-02-15 16:52:10 +0100: Memory Usage (428972K) : pemwind_drw has 0 polygons
2026-02-15 16:52:10 +0100: Memory Usage (428972K) : gatpoly_drw has 194 polygons
2026-02-15 16:52:10 +0100: Memory Usage (428972K) : gatpoly_pin has 17 polygons
2026-02-15 16:52:10 +0100: Memory Usage (428972K) : gatpoly_filler has 0 polygons
2026-02-15 16:52:10 +0100: Memory Usage (428972K) : gatpoly_nofill has 0 polygons
2026-02-15 16:52:10 +0100: Memory Usage (428972K) : gatpoly_opc has 0 polygons
2026-02-15 16:52:10 +0100: Memory Usage (428972K) : gatpoly_iopc has 0 polygons
2026-02-15 16:52:10 +0100: Memory Usage (428972K) : gatpoly_noqrc has 0 polygons
2026-02-15 16:52:10 +0100: Memory Usage (428972K) : cont_drw has 1239 polygons
2026-02-15 16:52:10 +0100: Memory Usage (428972K) : cont_opc has 0 polygons
2026-02-15 16:52:10 +0100: Memory Usage (428972K) : nsd_drw has 0 polygons
2026-02-15 16:52:10 +0100: Memory Usage (428972K) : nsd_block has 0 polygons
2026-02-15 16:52:10 +0100: Memory Usage (428972K) : metal1_drw has 288 polygons
2026-02-15 16:52:10 +0100: Memory Usage (428972K) : metal1_pin has 34 polygons
2026-02-15 16:52:10 +0100: Memory Usage (429100K) : metal1_mask has 0 polygons
2026-02-15 16:52:10 +0100: Memory Usage (429100K) : metal1_filler has 0 polygons
2026-02-15 16:52:10 +0100: Memory Usage (429100K) : metal1_nofill has 0 polygons
2026-02-15 16:52:10 +0100: Memory Usage (429100K) : metal1_slit has 0 polygons
2026-02-15 16:52:10 +0100: Memory Usage (429356K) : metal1_text has 0 polygons
2026-02-15 16:52:10 +0100: Memory Usage (429612K) : metal1_opc has 0 polygons
2026-02-15 16:52:10 +0100: Memory Usage (429612K) : metal1_noqrc has 0 polygons
2026-02-15 16:52:10 +0100: Memory Usage (429612K) : metal1_res has 0 polygons
2026-02-15 16:52:10 +0100: Memory Usage (429612K) : metal1_iprobe has 0 polygons
2026-02-15 16:52:10 +0100: Memory Usage (429612K) : metal1_diffprb has 0 polygons
2026-02-15 16:52:10 +0100: Memory Usage (429612K) : passiv_drw has 0 polygons
2026-02-15 16:52:10 +0100: Memory Usage (429740K) : passiv_pin has 0 polygons
2026-02-15 16:52:10 +0100: Memory Usage (429740K) : passiv_sbump has 0 polygons
2026-02-15 16:52:10 +0100: Memory Usage (429740K) : passiv_pillar has 0 polygons
2026-02-15 16:52:10 +0100: Memory Usage (429868K) : passiv_pdl has 0 polygons
2026-02-15 16:52:10 +0100: Memory Usage (429868K) : metal2_drw has 207 polygons
2026-02-15 16:52:10 +0100: Memory Usage (429868K) : metal2_pin has 4 polygons
2026-02-15 16:52:10 +0100: Memory Usage (429868K) : metal2_mask has 0 polygons
2026-02-15 16:52:10 +0100: Memory Usage (429996K) : metal2_filler has 0 polygons
2026-02-15 16:52:10 +0100: Memory Usage (429996K) : metal2_nofill has 0 polygons
2026-02-15 16:52:10 +0100: Memory Usage (429996K) : metal2_slit has 0 polygons
2026-02-15 16:52:10 +0100: Memory Usage (430124K) : metal2_text has 3 polygons
2026-02-15 16:52:10 +0100: Memory Usage (430124K) : metal2_opc has 0 polygons
2026-02-15 16:52:10 +0100: Memory Usage (430124K) : metal2_noqrc has 0 polygons
2026-02-15 16:52:10 +0100: Memory Usage (430252K) : metal2_res has 0 polygons
2026-02-15 16:52:10 +0100: Memory Usage (430252K) : metal2_iprobe has 0 polygons
2026-02-15 16:52:10 +0100: Memory Usage (430252K) : metal2_diffprb has 0 polygons
2026-02-15 16:52:10 +0100: Memory Usage (430380K) : baspoly_drw has 0 polygons
2026-02-15 16:52:10 +0100: Memory Usage (430380K) : baspoly_pin has 0 polygons
2026-02-15 16:52:10 +0100: Memory Usage (430380K) : psd_drw has 20 polygons
2026-02-15 16:52:10 +0100: Memory Usage (430508K) : nldb_drw has 0 polygons
2026-02-15 16:52:10 +0100: Memory Usage (430508K) : digibnd_drw has 0 polygons
2026-02-15 16:52:10 +0100: Memory Usage (430508K) : via1_drw has 556 polygons
2026-02-15 16:52:10 +0100: Memory Usage (430636K) : backmetal1_drw has 0 polygons
2026-02-15 16:52:10 +0100: Memory Usage (430636K) : backmetal1_pin has 0 polygons
2026-02-15 16:52:10 +0100: Memory Usage (430636K) : backmetal1_mask has 0 polygons
2026-02-15 16:52:10 +0100: Memory Usage (430764K) : backmetal1_filler has 0 polygons
2026-02-15 16:52:10 +0100: Memory Usage (430764K) : backmetal1_nofill has 0 polygons
2026-02-15 16:52:10 +0100: Memory Usage (430764K) : backmetal1_slit has 0 polygons
2026-02-15 16:52:10 +0100: Memory Usage (430892K) : backmetal1_text has 0 polygons
2026-02-15 16:52:10 +0100: Memory Usage (430892K) : backmetal1_opc has 0 polygons
2026-02-15 16:52:10 +0100: Memory Usage (430892K) : backmetal1_noqrc has 0 polygons
2026-02-15 16:52:10 +0100: Memory Usage (431020K) : backmetal1_res has 0 polygons
2026-02-15 16:52:10 +0100: Memory Usage (431020K) : backmetal1_iprobe has 0 polygons
2026-02-15 16:52:10 +0100: Memory Usage (431020K) : backmetal1_diffprb has 0 polygons
2026-02-15 16:52:10 +0100: Memory Usage (431148K) : backpassiv_drw has 0 polygons
2026-02-15 16:52:10 +0100: Memory Usage (431148K) : res_drw has 0 polygons
2026-02-15 16:52:10 +0100: Memory Usage (431148K) : sram_drw has 0 polygons
2026-02-15 16:52:10 +0100: Memory Usage (431148K) : trans_drw has 0 polygons
2026-02-15 16:52:10 +0100: Memory Usage (431276K) : ind_drw has 0 polygons
2026-02-15 16:52:10 +0100: Memory Usage (431276K) : ind_pin has 0 polygons
2026-02-15 16:52:10 +0100: Memory Usage (431276K) : ind_text has 0 polygons
2026-02-15 16:52:10 +0100: Memory Usage (431404K) : salblock_drw has 0 polygons
2026-02-15 16:52:10 +0100: Memory Usage (431404K) : via2_drw has 455 polygons
2026-02-15 16:52:10 +0100: Memory Usage (431404K) : metal3_drw has 163 polygons
2026-02-15 16:52:10 +0100: Memory Usage (431532K) : metal3_pin has 3 polygons
2026-02-15 16:52:10 +0100: Memory Usage (431532K) : metal3_mask has 0 polygons
2026-02-15 16:52:10 +0100: Memory Usage (431532K) : metal3_filler has 0 polygons
2026-02-15 16:52:10 +0100: Memory Usage (431660K) : metal3_nofill has 0 polygons
2026-02-15 16:52:10 +0100: Memory Usage (431660K) : metal3_slit has 0 polygons
2026-02-15 16:52:10 +0100: Memory Usage (431660K) : metal3_text has 3 polygons
2026-02-15 16:52:10 +0100: Memory Usage (431788K) : metal3_opc has 0 polygons
2026-02-15 16:52:10 +0100: Memory Usage (431788K) : metal3_noqrc has 0 polygons
2026-02-15 16:52:10 +0100: Memory Usage (431788K) : metal3_res has 0 polygons
2026-02-15 16:52:10 +0100: Memory Usage (431916K) : metal3_iprobe has 0 polygons
2026-02-15 16:52:10 +0100: Memory Usage (431916K) : metal3_diffprb has 0 polygons
2026-02-15 16:52:10 +0100: Memory Usage (431916K) : nwell_drw has 19 polygons
2026-02-15 16:52:10 +0100: Memory Usage (432044K) : nwell_pin has 0 polygons
2026-02-15 16:52:10 +0100: Memory Usage (432044K) : nbulay_drw has 8 polygons
2026-02-15 16:52:10 +0100: Memory Usage (432044K) : nbulay_pin has 0 polygons
2026-02-15 16:52:10 +0100: Memory Usage (432044K) : nbulay_block has 0 polygons
2026-02-15 16:52:10 +0100: Memory Usage (432044K) : emwind_drw has 0 polygons
2026-02-15 16:52:10 +0100: Memory Usage (432044K) : emwind_opc has 0 polygons
2026-02-15 16:52:10 +0100: Memory Usage (432172K) : deepco_drw has 0 polygons
2026-02-15 16:52:10 +0100: Memory Usage (432172K) : deepco_drw has 0 polygons
2026-02-15 16:52:10 +0100: Memory Usage (432300K) : mim_drw has 0 polygons
2026-02-15 16:52:10 +0100: Memory Usage (432300K) : edgeseal_drw has 0 polygons
2026-02-15 16:52:10 +0100: Memory Usage (432428K) : edgeseal_bound has 0 polygons
2026-02-15 16:52:10 +0100: Memory Usage (432428K) : substrate_drw has 20 polygons
2026-02-15 16:52:10 +0100: Memory Usage (432428K) : substrate_text has 0 polygons
2026-02-15 16:52:10 +0100: Memory Usage (432556K) : dfpad_drw has 0 polygons
2026-02-15 16:52:10 +0100: Memory Usage (432556K) : dfpad_pillar has 0 polygons
2026-02-15 16:52:10 +0100: Memory Usage (432684K) : dfpad_sbump has 0 polygons
2026-02-15 16:52:10 +0100: Memory Usage (432684K) : thickgateox_drw has 0 polygons
2026-02-15 16:52:10 +0100: Memory Usage (432684K) : pldb_drw has 0 polygons
2026-02-15 16:52:10 +0100: Memory Usage (432812K) : pwell_drw has 0 polygons
2026-02-15 16:52:10 +0100: Memory Usage (432812K) : pwell_pin has 0 polygons
2026-02-15 16:52:10 +0100: Memory Usage (432940K) : pwell_block has 0 polygons
2026-02-15 16:52:10 +0100: Memory Usage (432940K) : ic_drw has 0 polygons
2026-02-15 16:52:10 +0100: Memory Usage (433068K) : via3_drw has 286 polygons
2026-02-15 16:52:10 +0100: Memory Usage (433068K) : metal4_drw has 72 polygons
2026-02-15 16:52:10 +0100: Memory Usage (433068K) : metal4_pin has 0 polygons
2026-02-15 16:52:10 +0100: Memory Usage (433196K) : metal4_mask has 0 polygons
2026-02-15 16:52:10 +0100: Memory Usage (433196K) : metal4_filler has 0 polygons
2026-02-15 16:52:10 +0100: Memory Usage (433196K) : metal4_nofill has 0 polygons
2026-02-15 16:52:10 +0100: Memory Usage (433324K) : metal4_slit has 0 polygons
2026-02-15 16:52:10 +0100: Memory Usage (433324K) : metal4_text has 0 polygons
2026-02-15 16:52:10 +0100: Memory Usage (433324K) : metal4_opc has 0 polygons
2026-02-15 16:52:10 +0100: Memory Usage (433452K) : metal4_noqrc has 0 polygons
2026-02-15 16:52:10 +0100: Memory Usage (433452K) : metal4_res has 0 polygons
2026-02-15 16:52:10 +0100: Memory Usage (433580K) : metal4_iprobe has 0 polygons
2026-02-15 16:52:10 +0100: Memory Usage (433580K) : metal4_diffprb has 0 polygons
2026-02-15 16:52:10 +0100: Memory Usage (433580K) : heattrans_drw has 47 polygons
2026-02-15 16:52:10 +0100: Memory Usage (433708K) : heatres_drw has 0 polygons
2026-02-15 16:52:10 +0100: Memory Usage (433708K) : pempoly_drw has 0 polygons
2026-02-15 16:52:10 +0100: Memory Usage (433836K) : fbe_drw has 0 polygons
2026-02-15 16:52:10 +0100: Memory Usage (433836K) : empoly_drw has 0 polygons
2026-02-15 16:52:10 +0100: Memory Usage (433964K) : ldmos_drw has 0 polygons
2026-02-15 16:52:10 +0100: Memory Usage (433964K) : pbiwind_drw has 0 polygons
2026-02-15 16:52:10 +0100: Memory Usage (433964K) : digisub_drw has 0 polygons
2026-02-15 16:52:10 +0100: Memory Usage (434092K) : nodrc_drw has 0 polygons
2026-02-15 16:52:10 +0100: Memory Usage (434092K) : text_drw has 32 polygons
2026-02-15 16:52:10 +0100: Memory Usage (434220K) : via4_drw has 264 polygons
2026-02-15 16:52:10 +0100: Memory Usage (434220K) : metal5_drw has 64 polygons
2026-02-15 16:52:10 +0100: Memory Usage (434348K) : metal5_pin has 0 polygons
2026-02-15 16:52:10 +0100: Memory Usage (434348K) : metal5_mask has 0 polygons
2026-02-15 16:52:10 +0100: Memory Usage (434476K) : metal5_filler has 0 polygons
2026-02-15 16:52:10 +0100: Memory Usage (434476K) : metal5_nofill has 0 polygons
2026-02-15 16:52:10 +0100: Memory Usage (434476K) : metal5_slit has 0 polygons
2026-02-15 16:52:10 +0100: Memory Usage (434604K) : metal5_text has 0 polygons
2026-02-15 16:52:10 +0100: Memory Usage (434604K) : metal5_opc has 0 polygons
2026-02-15 16:52:10 +0100: Memory Usage (434604K) : metal5_noqrc has 0 polygons
2026-02-15 16:52:10 +0100: Memory Usage (434604K) : metal5_res has 0 polygons
2026-02-15 16:52:10 +0100: Memory Usage (434732K) : metal5_iprobe has 0 polygons
2026-02-15 16:52:10 +0100: Memory Usage (434732K) : metal5_diffprb has 0 polygons
2026-02-15 16:52:10 +0100: Memory Usage (434860K) : radhard_drw has 0 polygons
2026-02-15 16:52:10 +0100: Memory Usage (434860K) : memcap_drw has 0 polygons
2026-02-15 16:52:10 +0100: Memory Usage (434988K) : varicap_drw has 0 polygons
2026-02-15 16:52:10 +0100: Memory Usage (434988K) : flash_drw has 0 polygons
2026-02-15 16:52:10 +0100: Memory Usage (434988K) : intbondvia_drw has 0 polygons
2026-02-15 16:52:10 +0100: Memory Usage (435116K) : intbondmet_drw has 0 polygons
2026-02-15 16:52:10 +0100: Memory Usage (435116K) : devbondvia_drw has 0 polygons
2026-02-15 16:52:10 +0100: Memory Usage (435244K) : devbondmet_drw has 0 polygons
2026-02-15 16:52:10 +0100: Memory Usage (435244K) : devtrench_drw has 0 polygons
2026-02-15 16:52:10 +0100: Memory Usage (435244K) : redist_drw has 0 polygons
2026-02-15 16:52:10 +0100: Memory Usage (435372K) : graphbot_drw has 0 polygons
2026-02-15 16:52:10 +0100: Memory Usage (435372K) : graphtop_drw has 0 polygons
2026-02-15 16:52:10 +0100: Memory Usage (435500K) : antvia1_drw has 0 polygons
2026-02-15 16:52:10 +0100: Memory Usage (435500K) : antmetal2_drw has 0 polygons
2026-02-15 16:52:10 +0100: Memory Usage (435628K) : graphcont_drw has 0 polygons
2026-02-15 16:52:10 +0100: Memory Usage (435628K) : siwg_drw has 0 polygons
2026-02-15 16:52:10 +0100: Memory Usage (435756K) : siwg_filler has 0 polygons
2026-02-15 16:52:10 +0100: Memory Usage (435756K) : siwg_nofill has 0 polygons
2026-02-15 16:52:10 +0100: Memory Usage (435756K) : sigrating_drw has 0 polygons
2026-02-15 16:52:10 +0100: Memory Usage (435756K) : singrating_drw has 0 polygons
2026-02-15 16:52:10 +0100: Memory Usage (435884K) : graphpas_drw has 0 polygons
2026-02-15 16:52:10 +0100: Memory Usage (435884K) : emwind3_drw has 0 polygons
2026-02-15 16:52:10 +0100: Memory Usage (435884K) : emwihv3_drw has 0 polygons
2026-02-15 16:52:10 +0100: Memory Usage (436012K) : redbulay_drw has 0 polygons
2026-02-15 16:52:10 +0100: Memory Usage (436012K) : smos_drw has 0 polygons
2026-02-15 16:52:10 +0100: Memory Usage (436140K) : graphpad_drw has 0 polygons
2026-02-15 16:52:10 +0100: Memory Usage (436140K) : polimide_drw has 0 polygons
2026-02-15 16:52:10 +0100: Memory Usage (436140K) : polimide_pin has 0 polygons
2026-02-15 16:52:10 +0100: Memory Usage (436268K) : recog_drw has 0 polygons
2026-02-15 16:52:10 +0100: Memory Usage (436268K) : recog_pin has 0 polygons
2026-02-15 16:52:10 +0100: Memory Usage (436396K) : recog_esd has 0 polygons
2026-02-15 16:52:10 +0100: Memory Usage (436396K) : recog_diode has 0 polygons
2026-02-15 16:52:10 +0100: Memory Usage (436524K) : recog_tsv has 0 polygons
2026-02-15 16:52:10 +0100: Memory Usage (436524K) : recog_iprobe has 0 polygons
2026-02-15 16:52:10 +0100: Memory Usage (436524K) : recog_diffprb has 0 polygons
2026-02-15 16:52:10 +0100: Memory Usage (436652K) : recog_pillar has 0 polygons
2026-02-15 16:52:10 +0100: Memory Usage (436652K) : recog_sbump has 0 polygons
2026-02-15 16:52:10 +0100: Memory Usage (436780K) : recog_otp has 0 polygons
2026-02-15 16:52:10 +0100: Memory Usage (436780K) : recog_pdiode has 0 polygons
2026-02-15 16:52:10 +0100: Memory Usage (436908K) : recog_mom has 0 polygons
2026-02-15 16:52:10 +0100: Memory Usage (436908K) : recog_pcm has 0 polygons
2026-02-15 16:52:10 +0100: Memory Usage (436908K) : colopen_drw has 0 polygons
2026-02-15 16:52:10 +0100: Memory Usage (437036K) : graphmetal1_drw has 0 polygons
2026-02-15 16:52:10 +0100: Memory Usage (437036K) : graphmetal1_filler has 0 polygons
2026-02-15 16:52:10 +0100: Memory Usage (437164K) : graphmetal1_nofill has 0 polygons
2026-02-15 16:52:10 +0100: Memory Usage (437164K) : graphmetal1_slit has 0 polygons
2026-02-15 16:52:10 +0100: Memory Usage (437164K) : graphmetal1_opc has 0 polygons
2026-02-15 16:52:10 +0100: Memory Usage (437292K) : graphmet1l_drw has 0 polygons
2026-02-15 16:52:10 +0100: Memory Usage (437292K) : graphmet1l_filler has 0 polygons
2026-02-15 16:52:10 +0100: Memory Usage (437420K) : graphmet1l_nofill has 0 polygons
2026-02-15 16:52:10 +0100: Memory Usage (437420K) : graphmet1l_slit has 0 polygons
2026-02-15 16:52:10 +0100: Memory Usage (437548K) : graphmet1l_opc has 0 polygons
2026-02-15 16:52:10 +0100: Memory Usage (437548K) : extblock_drw has 0 polygons
2026-02-15 16:52:10 +0100: Memory Usage (437548K) : nldd_drw has 0 polygons
2026-02-15 16:52:10 +0100: Memory Usage (437676K) : pldd_drw has 0 polygons
2026-02-15 16:52:10 +0100: Memory Usage (437676K) : next_drw has 0 polygons
2026-02-15 16:52:10 +0100: Memory Usage (437804K) : pext_drw has 0 polygons
2026-02-15 16:52:10 +0100: Memory Usage (437804K) : nexthv_drw has 0 polygons
2026-02-15 16:52:10 +0100: Memory Usage (437804K) : pexthv_drw has 0 polygons
2026-02-15 16:52:10 +0100: Memory Usage (437932K) : graphgate_drw has 0 polygons
2026-02-15 16:52:10 +0100: Memory Usage (437932K) : sinwg_drw has 0 polygons
2026-02-15 16:52:10 +0100: Memory Usage (438060K) : sinwg_filler has 0 polygons
2026-02-15 16:52:10 +0100: Memory Usage (438060K) : sinwg_nofill has 0 polygons
2026-02-15 16:52:10 +0100: Memory Usage (438188K) : mempad_drw has 0 polygons
2026-02-15 16:52:10 +0100: Memory Usage (438188K) : topvia1_drw has 64 polygons
2026-02-15 16:52:10 +0100: Memory Usage (438316K) : topmetal1_drw has 42 polygons
2026-02-15 16:52:11 +0100: Memory Usage (438316K) : topmetal1_pin has 1 polygons
2026-02-15 16:52:11 +0100: Memory Usage (438444K) : topmetal1_mask has 0 polygons
2026-02-15 16:52:11 +0100: Memory Usage (438444K) : topmetal1_filler has 0 polygons
2026-02-15 16:52:11 +0100: Memory Usage (438572K) : topmetal1_nofill has 0 polygons
2026-02-15 16:52:11 +0100: Memory Usage (438572K) : topmetal1_slit has 0 polygons
2026-02-15 16:52:11 +0100: Memory Usage (438572K) : topmetal1_text has 1 polygons
2026-02-15 16:52:11 +0100: Memory Usage (438700K) : topmetal1_noqrc has 0 polygons
2026-02-15 16:52:11 +0100: Memory Usage (438700K) : topmetal1_res has 0 polygons
2026-02-15 16:52:11 +0100: Memory Usage (438828K) : topmetal1_iprobe has 0 polygons
2026-02-15 16:52:11 +0100: Memory Usage (438828K) : topmetal1_diffprb has 0 polygons
2026-02-15 16:52:11 +0100: Memory Usage (438828K) : inldpwl_drw has 0 polygons
2026-02-15 16:52:11 +0100: Memory Usage (438956K) : polyres_drw has 0 polygons
2026-02-15 16:52:11 +0100: Memory Usage (438956K) : polyres_pin has 0 polygons
2026-02-15 16:52:11 +0100: Memory Usage (439084K) : vmim_drw has 0 polygons
2026-02-15 16:52:11 +0100: Memory Usage (439084K) : nbulaycut_drw has 0 polygons
2026-02-15 16:52:11 +0100: Memory Usage (439212K) : antmetal1_drw has 0 polygons
2026-02-15 16:52:11 +0100: Memory Usage (439212K) : topvia2_drw has 8 polygons
2026-02-15 16:52:11 +0100: Memory Usage (439468K) : topmetal2_drw has 8 polygons
2026-02-15 16:52:11 +0100: Memory Usage (439596K) : topmetal2_pin has 1 polygons
2026-02-15 16:52:11 +0100: Memory Usage (439596K) : topmetal2_mask has 0 polygons
2026-02-15 16:52:11 +0100: Memory Usage (439724K) : topmetal2_filler has 0 polygons
2026-02-15 16:52:11 +0100: Memory Usage (439724K) : topmetal2_nofill has 0 polygons
2026-02-15 16:52:11 +0100: Memory Usage (439852K) : topmetal2_slit has 0 polygons
2026-02-15 16:52:11 +0100: Memory Usage (439852K) : topmetal2_text has 1 polygons
2026-02-15 16:52:11 +0100: Memory Usage (439852K) : topmetal2_noqrc has 0 polygons
2026-02-15 16:52:11 +0100: Memory Usage (439980K) : topmetal2_res has 0 polygons
2026-02-15 16:52:11 +0100: Memory Usage (439980K) : topmetal2_iprobe has 0 polygons
2026-02-15 16:52:11 +0100: Memory Usage (440108K) : topmetal2_diffprb has 0 polygons
2026-02-15 16:52:11 +0100: Memory Usage (440108K) : snsring_drw has 0 polygons
2026-02-15 16:52:11 +0100: Memory Usage (440108K) : sensor_drw has 0 polygons
2026-02-15 16:52:11 +0100: Memory Usage (440236K) : snsarms_drw has 0 polygons
2026-02-15 16:52:11 +0100: Memory Usage (440236K) : snscmosvia_drw has 0 polygons
2026-02-15 16:52:11 +0100: Memory Usage (440364K) : colwind_drw has 0 polygons
2026-02-15 16:52:11 +0100: Memory Usage (440364K) : flm_drw has 0 polygons
2026-02-15 16:52:11 +0100: Memory Usage (440492K) : hafniumox_drw has 0 polygons
2026-02-15 16:52:11 +0100: Memory Usage (440492K) : memvia_drw has 0 polygons
2026-02-15 16:52:11 +0100: Memory Usage (440492K) : thinfilmres_drw has 0 polygons
2026-02-15 16:52:11 +0100: Memory Usage (440620K) : rfmem_drw has 0 polygons
2026-02-15 16:52:11 +0100: Memory Usage (440620K) : norcx_drw has 0 polygons
2026-02-15 16:52:11 +0100: Memory Usage (440748K) : norcx_m2m3 has 0 polygons
2026-02-15 16:52:11 +0100: Memory Usage (440748K) : norcx_m2m4 has 0 polygons
2026-02-15 16:52:11 +0100: Memory Usage (440876K) : norcx_m2m5 has 0 polygons
2026-02-15 16:52:11 +0100: Memory Usage (440876K) : norcx_m2tm1 has 0 polygons
2026-02-15 16:52:11 +0100: Memory Usage (440876K) : norcx_m2tm2 has 0 polygons
2026-02-15 16:52:11 +0100: Memory Usage (440876K) : norcx_m3m4 has 0 polygons
2026-02-15 16:52:11 +0100: Memory Usage (441004K) : norcx_m3m5 has 0 polygons
2026-02-15 16:52:11 +0100: Memory Usage (441004K) : norcx_m3tm1 has 0 polygons
2026-02-15 16:52:11 +0100: Memory Usage (441004K) : norcx_m3tm2 has 0 polygons
2026-02-15 16:52:11 +0100: Memory Usage (441004K) : norcx_m4m5 has 0 polygons
2026-02-15 16:52:11 +0100: Memory Usage (441004K) : norcx_m4tm1 has 0 polygons
2026-02-15 16:52:11 +0100: Memory Usage (441004K) : norcx_m4tm2 has 0 polygons
2026-02-15 16:52:11 +0100: Memory Usage (441132K) : norcx_m5tm1 has 0 polygons
2026-02-15 16:52:11 +0100: Memory Usage (441132K) : norcx_m5tm2 has 0 polygons
2026-02-15 16:52:11 +0100: Memory Usage (441260K) : norcx_tm1tm2 has 0 polygons
2026-02-15 16:52:11 +0100: Memory Usage (441260K) : norcx_m1sub has 0 polygons
2026-02-15 16:52:11 +0100: Memory Usage (441260K) : norcx_m2sub has 0 polygons
2026-02-15 16:52:11 +0100: Memory Usage (441388K) : norcx_m3sub has 0 polygons
2026-02-15 16:52:11 +0100: Memory Usage (441388K) : norcx_m4sub has 0 polygons
2026-02-15 16:52:11 +0100: Memory Usage (441516K) : norcx_m5sub has 0 polygons
2026-02-15 16:52:11 +0100: Memory Usage (441516K) : norcx_tm1sub has 0 polygons
2026-02-15 16:52:11 +0100: Memory Usage (441644K) : norcx_tm2sub has 0 polygons
2026-02-15 16:52:11 +0100: Memory Usage (441644K) : snsbotvia_drw has 0 polygons
2026-02-15 16:52:11 +0100: Memory Usage (441644K) : snstopvia_drw has 0 polygons
2026-02-15 16:52:11 +0100: Memory Usage (441772K) : deepvia_drw has 0 polygons
2026-02-15 16:52:11 +0100: Memory Usage (441772K) : fgetch_drw has 0 polygons
2026-02-15 16:52:11 +0100: Memory Usage (441900K) : ctrgat_drw has 0 polygons
2026-02-15 16:52:11 +0100: Memory Usage (441900K) : fgimp_drw has 0 polygons
2026-02-15 16:52:11 +0100: Memory Usage (442028K) : emwihv_drw has 0 polygons
2026-02-15 16:52:11 +0100: Memory Usage (442028K) : lbe_drw has 0 polygons
2026-02-15 16:52:11 +0100: Memory Usage (442028K) : alcustop_drw has 0 polygons
2026-02-15 16:52:11 +0100: Memory Usage (442156K) : nometfiller_drw has 0 polygons
2026-02-15 16:52:11 +0100: Memory Usage (442156K) : prboundary_drw has 0 polygons
2026-02-15 16:52:11 +0100: Memory Usage (442156K) : exchange0_drw has 0 polygons
2026-02-15 16:52:11 +0100: Memory Usage (442284K) : exchange0_pin has 0 polygons
2026-02-15 16:52:11 +0100: Memory Usage (442284K) : exchange0_text has 0 polygons
2026-02-15 16:52:11 +0100: Memory Usage (442284K) : exchange1_drw has 0 polygons
2026-02-15 16:52:11 +0100: Memory Usage (442412K) : exchange1_pin has 0 polygons
2026-02-15 16:52:11 +0100: Memory Usage (442412K) : exchange1_text has 0 polygons
2026-02-15 16:52:11 +0100: Memory Usage (442540K) : exchange2_drw has 0 polygons
2026-02-15 16:52:11 +0100: Memory Usage (442540K) : exchange2_pin has 0 polygons
2026-02-15 16:52:11 +0100: Memory Usage (442540K) : exchange2_text has 0 polygons
2026-02-15 16:52:11 +0100: Memory Usage (442668K) : exchange3_drw has 0 polygons
2026-02-15 16:52:11 +0100: Memory Usage (442668K) : exchange3_pin has 0 polygons
2026-02-15 16:52:11 +0100: Memory Usage (442796K) : exchange3_text has 0 polygons
2026-02-15 16:52:11 +0100: Memory Usage (442796K) : exchange4_drw has 0 polygons
2026-02-15 16:52:11 +0100: Memory Usage (442796K) : exchange4_pin has 0 polygons
2026-02-15 16:52:11 +0100: Memory Usage (442924K) : exchange4_text has 0 polygons
2026-02-15 16:52:11 +0100: Memory Usage (442924K) : isonwell_drw has 0 polygons
2026-02-15 16:52:11 +0100: Memory Usage (442924K) : Total no. of polygons in the design is 4265
2026-02-15 16:52:11 +0100: Memory Usage (442924K) : Loaded TECH DRC rules values from /opt/pdks/ihp-sg13g2/libs.tech/klayout/python/sg13g2_pycell_lib/sg13g2_tech_mod.json
2026-02-15 16:52:11 +0100: Memory Usage (442924K) : Loaded default DRC rules values from /opt/pdks/ihp-sg13g2/libs.tech/klayout/tech/drc/rule_decks/sg13g2_tech_default.json
2026-02-15 16:52:11 +0100: Memory Usage (442924K) : The following rules values were missing in tech json and default values were used:
2026-02-15 16:52:11 +0100: Memory Usage (442924K) :   - Cnt_c_digibnd
2026-02-15 16:52:11 +0100: Memory Usage (443820K) : Total area of the design is 1662.396 um^2.
2026-02-15 16:52:11 +0100: Memory Usage (443820K) : The design dimensions are 40.8 µm * 40.745000000000005 µm.
2026-02-15 16:52:11 +0100: Memory Usage (443820K) : Starting general IHP-SG13G2 derivations.
2026-02-15 16:52:11 +0100: Memory Usage (443820K) : Starting Pwell derivations
2026-02-15 16:52:11 +0100: Memory Usage (446380K) : Starting n-Activ derivations
2026-02-15 16:52:11 +0100: Memory Usage (446892K) : Starting p-Activ derivations
2026-02-15 16:52:11 +0100: Memory Usage (447020K) : Starting ptap derivations
2026-02-15 16:52:11 +0100: Memory Usage (447020K) : Starting ntap derivations
2026-02-15 16:52:11 +0100: Memory Usage (447148K) : Starting pact FET derivations
2026-02-15 16:52:11 +0100: Memory Usage (447276K) : Starting nact FET derivations
2026-02-15 16:52:11 +0100: Memory Usage (447276K) : Starting Gate derivations
2026-02-15 16:52:11 +0100: Memory Usage (447532K) : Starting cont/contbar general derivations
2026-02-15 16:52:11 +0100: Memory Usage (448044K) : Starting pad general derivations
2026-02-15 16:52:11 +0100: Memory Usage (448172K) : Starting IHP-SG13G2 DRC connectivity related derivations.
2026-02-15 16:52:11 +0100: Memory Usage (448812K) : Starting IHP-SG13G2 DRC connectivity setup
2026-02-15 16:52:11 +0100: Memory Usage (449068K) : Starting IHP-SG13G2 DRC rules.
2026-02-15 16:52:11 +0100: Memory Usage (449068K) : Running all FEOL rules
2026-02-15 16:52:11 +0100: Memory Usage (449068K) : Running all BEOL rules
2026-02-15 16:52:11 +0100: Memory Usage (449068K) : Running all PIN rules
2026-02-15 16:52:11 +0100: Memory Usage (449068K) : Running all FORBIDDEN rules
2026-02-15 16:52:11 +0100: Memory Usage (449068K) : Starting 5.1 NWell table
2026-02-15 16:52:11 +0100: Memory Usage (449068K) : Executing rule NW.b
2026-02-15 16:52:11 +0100: Memory Usage (449452K) : Executing rule NW.b1
2026-02-15 16:52:11 +0100: Memory Usage (449452K) : Starting 5.2 PWell:block
2026-02-15 16:52:11 +0100: Memory Usage (449452K) : Executing rule PWB.e
2026-02-15 16:52:11 +0100: Memory Usage (449452K) : Executing rule PWB.e1
2026-02-15 16:52:11 +0100: Memory Usage (449452K) : Executing rule PWB.f
2026-02-15 16:52:11 +0100: Memory Usage (449452K) : Executing rule PWB.f1
2026-02-15 16:52:11 +0100: Memory Usage (449452K) : Starting 5.3 nBuLay table
2026-02-15 16:52:11 +0100: Memory Usage (449452K) : Executing rule NBL.b
2026-02-15 16:52:11 +0100: Memory Usage (449452K) : Executing rule NBL.c
2026-02-15 16:52:11 +0100: Memory Usage (449452K) : Executing rule NBL.d
2026-02-15 16:52:11 +0100: Memory Usage (449452K) : Executing rule NBL.e
2026-02-15 16:52:11 +0100: Memory Usage (449452K) : Executing rule NBL.f
2026-02-15 16:52:11 +0100: Memory Usage (449452K) : Starting 5.5. Activ table
2026-02-15 16:52:11 +0100: Memory Usage (449452K) : Executing rule Act.a
2026-02-15 16:52:11 +0100: Memory Usage (449452K) : Executing rule Act.b
2026-02-15 16:52:11 +0100: Memory Usage (449580K) : Starting 5.6 Activ:filler table
2026-02-15 16:52:11 +0100: Memory Usage (449580K) : Executing rule AFil.c1
2026-02-15 16:52:11 +0100: Memory Usage (449580K) : Executing rule AFil.c
2026-02-15 16:52:11 +0100: Memory Usage (449580K) : Executing rule AFil.d
2026-02-15 16:52:11 +0100: Memory Usage (449580K) : Executing rule AFil.e
2026-02-15 16:52:11 +0100: Memory Usage (449580K) : Executing rule AFil.j
2026-02-15 16:52:11 +0100: Memory Usage (449580K) : Starting 5.7. ThickGateOx table
2026-02-15 16:52:11 +0100: Memory Usage (449580K) : Executing rule TGO.f
2026-02-15 16:52:11 +0100: Memory Usage (449580K) : Starting 5.8. GatPoly table
2026-02-15 16:52:11 +0100: Memory Usage (449580K) : Executing rule Gat.a
2026-02-15 16:52:11 +0100: Memory Usage (449580K) : Executing rule Gat.b
2026-02-15 16:52:11 +0100: Memory Usage (449580K) : Executing rule Gat.d
2026-02-15 16:52:11 +0100: Memory Usage (449580K) : Executing rule Gat.a1
2026-02-15 16:52:11 +0100: Memory Usage (450348K) : Executing rule Gat.a2
2026-02-15 16:52:11 +0100: Memory Usage (450348K) : Executing rule Gat.g
2026-02-15 16:52:11 +0100: Memory Usage (450348K) : Starting 5.9 GatPoly:filler
2026-02-15 16:52:11 +0100: Memory Usage (450348K) : Executing rule GFil.d
2026-02-15 16:52:11 +0100: Memory Usage (450348K) : Executing rule GFil.e
2026-02-15 16:52:11 +0100: Memory Usage (450348K) : Executing rule GFil.i
2026-02-15 16:52:11 +0100: Memory Usage (450348K) : Starting 5.10 pSD table
2026-02-15 16:52:11 +0100: Memory Usage (450348K) : Executing rule pSD.c1
2026-02-15 16:52:11 +0100: Memory Usage (450348K) : Starting 5.14. Cont table
2026-02-15 16:52:11 +0100: Memory Usage (450348K) : Executing rule Cnt.a
2026-02-15 16:52:11 +0100: Memory Usage (450348K) : Executing rule Cnt.b
2026-02-15 16:52:11 +0100: Memory Usage (450348K) : Executing rule Cnt.c
2026-02-15 16:52:11 +0100: Memory Usage (450348K) : Executing rule Cnt.c
2026-02-15 16:52:11 +0100: Memory Usage (450348K) : Executing rule Cnt.d
2026-02-15 16:52:11 +0100: Memory Usage (450348K) : Executing rule Cnt.e
2026-02-15 16:52:11 +0100: Memory Usage (450348K) : Executing rule Cnt.g1
2026-02-15 16:52:11 +0100: Memory Usage (450348K) : Executing rule Cnt.g2
2026-02-15 16:52:11 +0100: Memory Usage (450348K) : Starting 5.15. ContBar table
2026-02-15 16:52:11 +0100: Memory Usage (450348K) : Executing rule CntB.b1
2026-02-15 16:52:11 +0100: Memory Usage (450348K) : Executing rule CntB.h1
2026-02-15 16:52:11 +0100: Memory Usage (450348K) : Starting 6.1.3 NPN Substrate-Tie table
2026-02-15 16:52:11 +0100: Memory Usage (450348K) : Executing rule npn13G2.bR 
2026-02-15 16:52:11 +0100: Memory Usage (450348K) : Executing rule npn13G2L.cR 
2026-02-15 16:52:11 +0100: Memory Usage (450348K) : Executing rule npn13G2V.cR 
2026-02-15 16:52:11 +0100: Memory Usage (450348K) : Starting 6.7 Schottky diode table
2026-02-15 16:52:11 +0100: Memory Usage (450348K) : Executing rule Sdiod.d
2026-02-15 16:52:11 +0100: Memory Usage (450348K) : Executing rule Sdiod.e
2026-02-15 16:52:11 +0100: Memory Usage (450348K) : Starting 7.2 Latch-up table
2026-02-15 16:52:11 +0100: Memory Usage (450348K) : Executing rule LU.b
2026-02-15 16:52:12 +0100: Memory Usage (450348K) : Starting 5.16. Metal1 table
2026-02-15 16:52:12 +0100: Memory Usage (450348K) : Executing rule M1.a
2026-02-15 16:52:12 +0100: Memory Usage (450348K) : Executing rule M1.b
2026-02-15 16:52:12 +0100: Memory Usage (450476K) : Executing rule M1.e
2026-02-15 16:52:12 +0100: Memory Usage (450476K) : Executing rule M1.f
2026-02-15 16:52:12 +0100: Memory Usage (450476K) : Executing rule M1.g
2026-02-15 16:52:12 +0100: Memory Usage (450476K) : Executing rule M1.i
2026-02-15 16:52:12 +0100: Memory Usage (450476K) : Starting 5.17 Metaln table
2026-02-15 16:52:12 +0100: Memory Usage (450476K) : Executing rule M2.a
2026-02-15 16:52:12 +0100: Memory Usage (450476K) : Executing rule M2.b
2026-02-15 16:52:12 +0100: Memory Usage (450476K) : Executing rule M2.e
2026-02-15 16:52:12 +0100: Memory Usage (450476K) : Executing rule M2.f
2026-02-15 16:52:12 +0100: Memory Usage (450476K) : Executing rule M2.g
2026-02-15 16:52:12 +0100: Memory Usage (450476K) : Executing rule M2.i
2026-02-15 16:52:12 +0100: Memory Usage (450476K) : Executing rule M3.a
2026-02-15 16:52:12 +0100: Memory Usage (450476K) : Executing rule M3.b
2026-02-15 16:52:12 +0100: Memory Usage (450476K) : Executing rule M3.e
2026-02-15 16:52:12 +0100: Memory Usage (450476K) : Executing rule M3.f
2026-02-15 16:52:12 +0100: Memory Usage (450476K) : Executing rule M3.g
2026-02-15 16:52:12 +0100: Memory Usage (450476K) : Executing rule M3.i
2026-02-15 16:52:12 +0100: Memory Usage (450476K) : Executing rule M4.a
2026-02-15 16:52:12 +0100: Memory Usage (450476K) : Executing rule M4.b
2026-02-15 16:52:12 +0100: Memory Usage (450476K) : Executing rule M4.e
2026-02-15 16:52:12 +0100: Memory Usage (450476K) : Executing rule M4.f
2026-02-15 16:52:12 +0100: Memory Usage (450476K) : Executing rule M4.g
2026-02-15 16:52:12 +0100: Memory Usage (450476K) : Executing rule M4.i
2026-02-15 16:52:12 +0100: Memory Usage (450476K) : Executing rule M5.a
2026-02-15 16:52:12 +0100: Memory Usage (450476K) : Executing rule M5.b
2026-02-15 16:52:12 +0100: Memory Usage (450476K) : Executing rule M5.e
2026-02-15 16:52:12 +0100: Memory Usage (450476K) : Executing rule M5.f
2026-02-15 16:52:12 +0100: Memory Usage (450476K) : Executing rule M5.g
2026-02-15 16:52:12 +0100: Memory Usage (450476K) : Executing rule M5.i
2026-02-15 16:52:12 +0100: Memory Usage (450476K) : Starting 5.18 Metaln:filler table
2026-02-15 16:52:12 +0100: Memory Usage (450476K) : Executing rule M1Fil.c
2026-02-15 16:52:12 +0100: Memory Usage (450476K) : Executing rule M1Fil.a2
2026-02-15 16:52:12 +0100: Memory Usage (450476K) : Executing rule M2Fil.c
2026-02-15 16:52:12 +0100: Memory Usage (450476K) : Executing rule M2Fil.a2
2026-02-15 16:52:12 +0100: Memory Usage (450476K) : Executing rule M3Fil.c
2026-02-15 16:52:12 +0100: Memory Usage (450476K) : Executing rule M3Fil.a2
2026-02-15 16:52:12 +0100: Memory Usage (450476K) : Executing rule M4Fil.c
2026-02-15 16:52:12 +0100: Memory Usage (450476K) : Executing rule M4Fil.a2
2026-02-15 16:52:12 +0100: Memory Usage (450476K) : Executing rule M5Fil.c
2026-02-15 16:52:12 +0100: Memory Usage (450476K) : Executing rule M5Fil.a2
2026-02-15 16:52:12 +0100: Memory Usage (450476K) : Starting 5.19. Via1 table
2026-02-15 16:52:12 +0100: Memory Usage (450476K) : Starting 5.19. Via1 table derivations
2026-02-15 16:52:12 +0100: Memory Usage (450476K) : Executing rule V1.a
2026-02-15 16:52:12 +0100: Memory Usage (450476K) : Executing rule V1.b
2026-02-15 16:52:12 +0100: Memory Usage (450476K) : Executing rule V1.c
2026-02-15 16:52:12 +0100: Memory Usage (450476K) : Starting 5.20. Vian table
2026-02-15 16:52:12 +0100: Memory Usage (450476K) : Executing rule V2.a
2026-02-15 16:52:12 +0100: Memory Usage (450476K) : Executing rule V2.b
2026-02-15 16:52:12 +0100: Memory Usage (450476K) : Executing rule V2.c
2026-02-15 16:52:12 +0100: Memory Usage (450476K) : Executing rule V3.a
2026-02-15 16:52:12 +0100: Memory Usage (450476K) : Executing rule V3.b
2026-02-15 16:52:12 +0100: Memory Usage (450476K) : Executing rule V3.c
2026-02-15 16:52:12 +0100: Memory Usage (450476K) : Executing rule V4.a
2026-02-15 16:52:13 +0100: Memory Usage (450476K) : Executing rule V4.b
2026-02-15 16:52:13 +0100: Memory Usage (450476K) : Executing rule V4.c
2026-02-15 16:52:13 +0100: Memory Usage (450476K) : Starting 5.21. TopVia1 table
2026-02-15 16:52:13 +0100: Memory Usage (450476K) : Executing rule TV1.a
2026-02-15 16:52:13 +0100: Memory Usage (450476K) : Executing rule TV1.b
2026-02-15 16:52:13 +0100: Memory Usage (450476K) : Executing rule TV1.c
2026-02-15 16:52:13 +0100: Memory Usage (450476K) : Executing rule TV1.d
2026-02-15 16:52:13 +0100: Memory Usage (450476K) : Starting 5.22. TopMetal1 table
2026-02-15 16:52:13 +0100: Memory Usage (450476K) : Executing rule TM1.a
2026-02-15 16:52:13 +0100: Memory Usage (450476K) : Executing rule TM1.b
2026-02-15 16:52:13 +0100: Memory Usage (450476K) : Starting 5.23 TopMetal1:filler table
2026-02-15 16:52:13 +0100: Memory Usage (450476K) : Executing rule TM1Fil.c
2026-02-15 16:52:13 +0100: Memory Usage (450476K) : Executing rule TM1Fil.a1
2026-02-15 16:52:13 +0100: Memory Usage (450476K) : Starting 5.24. TopVia2 table
2026-02-15 16:52:13 +0100: Memory Usage (450476K) : Executing rule TV2.a
2026-02-15 16:52:13 +0100: Memory Usage (450476K) : Executing rule TV2.b
2026-02-15 16:52:13 +0100: Memory Usage (450476K) : Executing rule TV2.c
2026-02-15 16:52:13 +0100: Memory Usage (450476K) : Executing rule TV2.d
2026-02-15 16:52:13 +0100: Memory Usage (450476K) : Starting 5.25. TopMetal2 table
2026-02-15 16:52:13 +0100: Memory Usage (450476K) : Executing rule TM2.a
2026-02-15 16:52:13 +0100: Memory Usage (450476K) : Executing rule TM2.b
2026-02-15 16:52:13 +0100: Memory Usage (450476K) : Executing rule TM2.bR
2026-02-15 16:52:13 +0100: Memory Usage (450476K) : Starting 5.26 TopMetal2:filler table
2026-02-15 16:52:13 +0100: Memory Usage (450476K) : Executing rule TM2Fil.c
2026-02-15 16:52:13 +0100: Memory Usage (450476K) : Executing rule TM2Fil.a1
2026-02-15 16:52:13 +0100: Memory Usage (450476K) : Starting 5.27. Passiv table
2026-02-15 16:52:13 +0100: Memory Usage (450476K) : Executing rule Pas.a
2026-02-15 16:52:13 +0100: Memory Usage (450476K) : Executing rule Pas.b
2026-02-15 16:52:13 +0100: Memory Usage (450476K) : Executing rule Pas.c
2026-02-15 16:52:13 +0100: Memory Usage (450476K) : Starting 6.9.2 Copper Pillar table
2026-02-15 16:52:13 +0100: Memory Usage (450476K) : Executing rule Padc.a
2026-02-15 16:52:13 +0100: Memory Usage (450476K) : Executing rule Padc.b
2026-02-15 16:52:13 +0100: Memory Usage (450476K) : Executing rule Padc.c
2026-02-15 16:52:13 +0100: Memory Usage (450476K) : Executing rule Padb.f
2026-02-15 16:52:13 +0100: Memory Usage (450476K) : Starting 6.9.1 Solder Bump
2026-02-15 16:52:13 +0100: Memory Usage (450476K) : Executing rule Padb.a
2026-02-15 16:52:13 +0100: Memory Usage (450476K) : Executing rule Padb.b
2026-02-15 16:52:13 +0100: Memory Usage (450476K) : Executing rule Padb.c
2026-02-15 16:52:13 +0100: Memory Usage (450476K) : Executing rule Padb.f
2026-02-15 16:52:13 +0100: Memory Usage (450476K) : Executing rule Padb.d
2026-02-15 16:52:13 +0100: Memory Usage (450476K) : Starting 6.10 Sealring table
2026-02-15 16:52:13 +0100: Memory Usage (450476K) : Executing rule Seal.l
2026-02-15 16:52:13 +0100: Memory Usage (450476K) : Executing rule Seal.n
2026-02-15 16:52:13 +0100: Memory Usage (450476K) : Executing rule seal.b_metal1
2026-02-15 16:52:13 +0100: Memory Usage (450476K) : Executing rule seal.b_metal2
2026-02-15 16:52:13 +0100: Memory Usage (450476K) : Executing rule seal.b_metal3
2026-02-15 16:52:13 +0100: Memory Usage (450476K) : Executing rule seal.b_metal4
2026-02-15 16:52:13 +0100: Memory Usage (450476K) : Executing rule seal.b_metal5
2026-02-15 16:52:13 +0100: Memory Usage (450476K) : Executing rule seal.b_topmetal1
2026-02-15 16:52:13 +0100: Memory Usage (450476K) : Executing rule seal.b_topmetal2
2026-02-15 16:52:13 +0100: Memory Usage (450476K) : Executing rule seal.b_activ
2026-02-15 16:52:13 +0100: Memory Usage (450476K) : Executing rule seal.b_psd
2026-02-15 16:52:13 +0100: Memory Usage (450476K) : Executing rule Seal.k
2026-02-15 16:52:13 +0100: Memory Usage (450476K) : Executing rule Seal.m
2026-02-15 16:52:13 +0100: Memory Usage (450476K) : Starting 6.11 MIM table
2026-02-15 16:52:13 +0100: Memory Usage (450476K) : Executing rule MIM.c
2026-02-15 16:52:13 +0100: Memory Usage (450476K) : Executing rule MIM.d
2026-02-15 16:52:13 +0100: Memory Usage (450476K) : Executing rule MIM.gR
2026-02-15 16:52:13 +0100: Memory Usage (450476K) : Starting 7.3 Metal Slits table
2026-02-15 16:52:13 +0100: Memory Usage (450476K) : Executing rule Slt.e1_M1
2026-02-15 16:52:13 +0100: Memory Usage (450476K) : Executing rule Slt.e1_M2
2026-02-15 16:52:13 +0100: Memory Usage (450476K) : Executing rule Slt.e1_M3
2026-02-15 16:52:13 +0100: Memory Usage (450476K) : Executing rule Slt.e1_M4
2026-02-15 16:52:13 +0100: Memory Usage (450476K) : Executing rule Slt.e1_M5
2026-02-15 16:52:13 +0100: Memory Usage (450476K) : Executing rule Slt.e1_TM1
2026-02-15 16:52:13 +0100: Memory Usage (450476K) : Executing rule Slt.e1_TM2
2026-02-15 16:52:13 +0100: Memory Usage (450476K) : Starting 9.1. LBE table
2026-02-15 16:52:13 +0100: Memory Usage (450476K) : Executing rule LBE.a
2026-02-15 16:52:13 +0100: Memory Usage (450476K) : Executing rule LBE.b
2026-02-15 16:52:13 +0100: Memory Usage (450476K) : Executing rule LBE.b1
2026-02-15 16:52:13 +0100: Memory Usage (450476K) : Executing rule LBE.c
2026-02-15 16:52:13 +0100: Memory Usage (450476K) : Executing rule LBE.d
2026-02-15 16:52:13 +0100: Memory Usage (450476K) : Executing rule LBE.h
2026-02-15 16:52:13 +0100: Memory Usage (450476K) : Starting 7.4. PIN table
2026-02-15 16:52:13 +0100: Memory Usage (450476K) : Executing rule Pin.a
2026-02-15 16:52:13 +0100: Memory Usage (450476K) : Executing rule Pin.b
2026-02-15 16:52:13 +0100: Memory Usage (450476K) : Executing rule Pin.e
2026-02-15 16:52:13 +0100: Memory Usage (450476K) : Executing rule Pin.f_M2
2026-02-15 16:52:13 +0100: Memory Usage (450476K) : Executing rule Pin.f_M3
2026-02-15 16:52:13 +0100: Memory Usage (450476K) : Executing rule Pin.f_M4
2026-02-15 16:52:13 +0100: Memory Usage (450476K) : Executing rule Pin.f_M5
2026-02-15 16:52:13 +0100: Memory Usage (450476K) : Executing rule Pin.g
2026-02-15 16:52:13 +0100: Memory Usage (450476K) : Executing rule Pin.h
2026-02-15 16:52:13 +0100: Memory Usage (450476K) : Starting 3.2. FORBIDDEN table
2026-02-15 16:52:13 +0100: Memory Usage (450476K) : Executing rule forbidden.biwind
2026-02-15 16:52:13 +0100: Memory Usage (450476K) : Executing rule forbidden.pemwind
2026-02-15 16:52:13 +0100: Memory Usage (450476K) : Executing rule forbidden.baspoly
2026-02-15 16:52:13 +0100: Memory Usage (450476K) : Executing rule forbidden.deepco
2026-02-15 16:52:13 +0100: Memory Usage (450476K) : Executing rule forbidden.pempoly
2026-02-15 16:52:13 +0100: Memory Usage (450476K) : Executing rule forbidden.empoly
2026-02-15 16:52:13 +0100: Memory Usage (450476K) : Executing rule forbidden.ldmos
2026-02-15 16:52:13 +0100: Memory Usage (450476K) : Executing rule forbidden.pbiwind
2026-02-15 16:52:13 +0100: Memory Usage (450476K) : Executing rule forbidden.nodrc
2026-02-15 16:52:13 +0100: Memory Usage (450476K) : Executing rule forbidden.flash
2026-02-15 16:52:13 +0100: Memory Usage (450476K) : Executing rule forbidden.colwind
2026-02-15 16:52:13 +0100: Memory Usage (450476K) : KLayout DRC run for tables 'main' completed in 2.63 seconds
