# Logfile created on 2026-02-25 10:58:53 +0100 by logger.rb/v1.4.3
2026-02-25 10:58:53 +0100: Memory Usage (427196K) : Starting running IHP-SG13G2 KLayout DRC runset on /home/designer/shared/IHP-AnalogAcademy/modules/module_3_8_bit_SAR_ADC/part_5_analog_layout/bootstrap/layout/bootstrap_switch.gds
2026-02-25 10:58:53 +0100: Memory Usage (427196K) : Ruby Version for klayout: 3.0.2
2026-02-25 10:58:53 +0100: Memory Usage (428348K) : Loading database to memory is complete.
2026-02-25 10:58:53 +0100: Memory Usage (428348K) : IHP-SG13G2 KLayout DRC runset output at: /home/designer/shared/IHP-AnalogAcademy/modules/module_3_8_bit_SAR_ADC/part_5_analog_layout/bootstrap/layout/drc_run_bootstrap_switch/bootstrap_switch_bootstrap_switch_main.lyrdb
2026-02-25 10:58:53 +0100: Memory Usage (428476K) : Evaluate switches.
2026-02-25 10:58:53 +0100: Memory Usage (428476K) : tables selected: main
2026-02-25 10:58:53 +0100: Memory Usage (428476K) : KLayout will use 1 thread(s) in tiling mode.
2026-02-25 10:58:53 +0100: Memory Usage (428476K) : deep mode is enabled.
2026-02-25 10:58:53 +0100: Memory Usage (428476K) : FEOL enabled: true
2026-02-25 10:58:53 +0100: Memory Usage (428476K) : BEOL enabled: true
2026-02-25 10:58:53 +0100: Memory Usage (428476K) : OFFGRID enabled: true
2026-02-25 10:58:53 +0100: Memory Usage (428476K) : PIN enabled: true
2026-02-25 10:58:53 +0100: Memory Usage (428476K) : FORBIDDEN enabled: true
2026-02-25 10:58:53 +0100: Memory Usage (428476K) : RECOMMENDED enabled: true
2026-02-25 10:58:53 +0100: Memory Usage (428476K) : PreCheck DRC enabled: false
2026-02-25 10:58:53 +0100: Memory Usage (428476K) : CONNECTIVITY_RULES enabled: true.
2026-02-25 10:58:53 +0100: Memory Usage (428476K) : Read in polygons from layers.
2026-02-25 10:58:53 +0100: Memory Usage (429116K) : activ_drw has 75 polygons
2026-02-25 10:58:53 +0100: Memory Usage (429116K) : activ_pin has 0 polygons
2026-02-25 10:58:53 +0100: Memory Usage (429116K) : activ_mask has 0 polygons
2026-02-25 10:58:53 +0100: Memory Usage (429116K) : activ_filler has 0 polygons
2026-02-25 10:58:53 +0100: Memory Usage (429116K) : activ_nofill has 0 polygons
2026-02-25 10:58:53 +0100: Memory Usage (429116K) : activ_opc has 0 polygons
2026-02-25 10:58:53 +0100: Memory Usage (429116K) : activ_iopc has 0 polygons
2026-02-25 10:58:53 +0100: Memory Usage (429116K) : activ_noqrc has 0 polygons
2026-02-25 10:58:53 +0100: Memory Usage (429116K) : biwind_drw has 0 polygons
2026-02-25 10:58:53 +0100: Memory Usage (429116K) : biwind_opc has 0 polygons
2026-02-25 10:58:53 +0100: Memory Usage (429116K) : pemwind_drw has 0 polygons
2026-02-25 10:58:53 +0100: Memory Usage (429116K) : gatpoly_drw has 52 polygons
2026-02-25 10:58:53 +0100: Memory Usage (429116K) : gatpoly_pin has 13 polygons
2026-02-25 10:58:53 +0100: Memory Usage (429116K) : gatpoly_filler has 0 polygons
2026-02-25 10:58:53 +0100: Memory Usage (429116K) : gatpoly_nofill has 0 polygons
2026-02-25 10:58:53 +0100: Memory Usage (429116K) : gatpoly_opc has 0 polygons
2026-02-25 10:58:53 +0100: Memory Usage (429116K) : gatpoly_iopc has 0 polygons
2026-02-25 10:58:53 +0100: Memory Usage (429116K) : gatpoly_noqrc has 0 polygons
2026-02-25 10:58:53 +0100: Memory Usage (429244K) : cont_drw has 282 polygons
2026-02-25 10:58:53 +0100: Memory Usage (429244K) : cont_opc has 0 polygons
2026-02-25 10:58:53 +0100: Memory Usage (429244K) : nsd_drw has 0 polygons
2026-02-25 10:58:53 +0100: Memory Usage (429244K) : nsd_block has 0 polygons
2026-02-25 10:58:53 +0100: Memory Usage (429628K) : metal1_drw has 169 polygons
2026-02-25 10:58:53 +0100: Memory Usage (429628K) : metal1_pin has 30 polygons
2026-02-25 10:58:53 +0100: Memory Usage (429756K) : metal1_mask has 0 polygons
2026-02-25 10:58:53 +0100: Memory Usage (429756K) : metal1_filler has 0 polygons
2026-02-25 10:58:53 +0100: Memory Usage (429756K) : metal1_nofill has 0 polygons
2026-02-25 10:58:53 +0100: Memory Usage (429756K) : metal1_slit has 0 polygons
2026-02-25 10:58:53 +0100: Memory Usage (430012K) : metal1_text has 0 polygons
2026-02-25 10:58:53 +0100: Memory Usage (430012K) : metal1_opc has 0 polygons
2026-02-25 10:58:53 +0100: Memory Usage (430140K) : metal1_noqrc has 0 polygons
2026-02-25 10:58:53 +0100: Memory Usage (430140K) : metal1_res has 0 polygons
2026-02-25 10:58:53 +0100: Memory Usage (430140K) : metal1_iprobe has 0 polygons
2026-02-25 10:58:53 +0100: Memory Usage (430140K) : metal1_diffprb has 0 polygons
2026-02-25 10:58:53 +0100: Memory Usage (430140K) : passiv_drw has 0 polygons
2026-02-25 10:58:53 +0100: Memory Usage (430268K) : passiv_pin has 0 polygons
2026-02-25 10:58:53 +0100: Memory Usage (430268K) : passiv_sbump has 0 polygons
2026-02-25 10:58:53 +0100: Memory Usage (430268K) : passiv_pillar has 0 polygons
2026-02-25 10:58:53 +0100: Memory Usage (430396K) : passiv_pdl has 0 polygons
2026-02-25 10:58:53 +0100: Memory Usage (430396K) : metal2_drw has 63 polygons
2026-02-25 10:58:53 +0100: Memory Usage (430396K) : metal2_pin has 1 polygons
2026-02-25 10:58:53 +0100: Memory Usage (430524K) : metal2_mask has 0 polygons
2026-02-25 10:58:53 +0100: Memory Usage (430524K) : metal2_filler has 0 polygons
2026-02-25 10:58:53 +0100: Memory Usage (430524K) : metal2_nofill has 0 polygons
2026-02-25 10:58:53 +0100: Memory Usage (430652K) : metal2_slit has 0 polygons
2026-02-25 10:58:53 +0100: Memory Usage (430780K) : metal2_text has 1 polygons
2026-02-25 10:58:53 +0100: Memory Usage (430780K) : metal2_opc has 0 polygons
2026-02-25 10:58:53 +0100: Memory Usage (430780K) : metal2_noqrc has 0 polygons
2026-02-25 10:58:53 +0100: Memory Usage (430908K) : metal2_res has 0 polygons
2026-02-25 10:58:53 +0100: Memory Usage (430908K) : metal2_iprobe has 0 polygons
2026-02-25 10:58:53 +0100: Memory Usage (430908K) : metal2_diffprb has 0 polygons
2026-02-25 10:58:53 +0100: Memory Usage (431036K) : baspoly_drw has 0 polygons
2026-02-25 10:58:53 +0100: Memory Usage (431036K) : baspoly_pin has 0 polygons
2026-02-25 10:58:53 +0100: Memory Usage (431036K) : psd_drw has 15 polygons
2026-02-25 10:58:53 +0100: Memory Usage (431164K) : nldb_drw has 0 polygons
2026-02-25 10:58:53 +0100: Memory Usage (431164K) : digibnd_drw has 0 polygons
2026-02-25 10:58:53 +0100: Memory Usage (431164K) : via1_drw has 107 polygons
2026-02-25 10:58:53 +0100: Memory Usage (431292K) : backmetal1_drw has 0 polygons
2026-02-25 10:58:53 +0100: Memory Usage (431292K) : backmetal1_pin has 0 polygons
2026-02-25 10:58:53 +0100: Memory Usage (431292K) : backmetal1_mask has 0 polygons
2026-02-25 10:58:53 +0100: Memory Usage (431420K) : backmetal1_filler has 0 polygons
2026-02-25 10:58:53 +0100: Memory Usage (431420K) : backmetal1_nofill has 0 polygons
2026-02-25 10:58:53 +0100: Memory Usage (431420K) : backmetal1_slit has 0 polygons
2026-02-25 10:58:53 +0100: Memory Usage (431548K) : backmetal1_text has 0 polygons
2026-02-25 10:58:53 +0100: Memory Usage (431548K) : backmetal1_opc has 0 polygons
2026-02-25 10:58:53 +0100: Memory Usage (431548K) : backmetal1_noqrc has 0 polygons
2026-02-25 10:58:53 +0100: Memory Usage (431676K) : backmetal1_res has 0 polygons
2026-02-25 10:58:53 +0100: Memory Usage (431676K) : backmetal1_iprobe has 0 polygons
2026-02-25 10:58:53 +0100: Memory Usage (431676K) : backmetal1_diffprb has 0 polygons
2026-02-25 10:58:53 +0100: Memory Usage (431804K) : backpassiv_drw has 0 polygons
2026-02-25 10:58:53 +0100: Memory Usage (431804K) : res_drw has 0 polygons
2026-02-25 10:58:53 +0100: Memory Usage (431804K) : sram_drw has 0 polygons
2026-02-25 10:58:53 +0100: Memory Usage (431804K) : trans_drw has 0 polygons
2026-02-25 10:58:53 +0100: Memory Usage (431932K) : ind_drw has 0 polygons
2026-02-25 10:58:53 +0100: Memory Usage (431932K) : ind_pin has 0 polygons
2026-02-25 10:58:53 +0100: Memory Usage (431932K) : ind_text has 0 polygons
2026-02-25 10:58:53 +0100: Memory Usage (432060K) : salblock_drw has 0 polygons
2026-02-25 10:58:53 +0100: Memory Usage (432060K) : via2_drw has 83 polygons
2026-02-25 10:58:53 +0100: Memory Usage (432060K) : metal3_drw has 29 polygons
2026-02-25 10:58:53 +0100: Memory Usage (432188K) : metal3_pin has 2 polygons
2026-02-25 10:58:53 +0100: Memory Usage (432188K) : metal3_mask has 0 polygons
2026-02-25 10:58:53 +0100: Memory Usage (432188K) : metal3_filler has 0 polygons
2026-02-25 10:58:53 +0100: Memory Usage (432316K) : metal3_nofill has 0 polygons
2026-02-25 10:58:53 +0100: Memory Usage (432316K) : metal3_slit has 0 polygons
2026-02-25 10:58:53 +0100: Memory Usage (432316K) : metal3_text has 2 polygons
2026-02-25 10:58:53 +0100: Memory Usage (432444K) : metal3_opc has 0 polygons
2026-02-25 10:58:53 +0100: Memory Usage (432444K) : metal3_noqrc has 0 polygons
2026-02-25 10:58:53 +0100: Memory Usage (432444K) : metal3_res has 0 polygons
2026-02-25 10:58:53 +0100: Memory Usage (432572K) : metal3_iprobe has 0 polygons
2026-02-25 10:58:53 +0100: Memory Usage (432572K) : metal3_diffprb has 0 polygons
2026-02-25 10:58:53 +0100: Memory Usage (432572K) : nwell_drw has 11 polygons
2026-02-25 10:58:53 +0100: Memory Usage (432700K) : nwell_pin has 0 polygons
2026-02-25 10:58:53 +0100: Memory Usage (432700K) : nbulay_drw has 0 polygons
2026-02-25 10:58:53 +0100: Memory Usage (432700K) : nbulay_pin has 0 polygons
2026-02-25 10:58:53 +0100: Memory Usage (432700K) : nbulay_block has 0 polygons
2026-02-25 10:58:53 +0100: Memory Usage (432700K) : emwind_drw has 0 polygons
2026-02-25 10:58:53 +0100: Memory Usage (432828K) : emwind_opc has 0 polygons
2026-02-25 10:58:53 +0100: Memory Usage (432828K) : deepco_drw has 0 polygons
2026-02-25 10:58:53 +0100: Memory Usage (432828K) : deepco_drw has 0 polygons
2026-02-25 10:58:53 +0100: Memory Usage (432828K) : mim_drw has 3 polygons
2026-02-25 10:58:53 +0100: Memory Usage (432956K) : edgeseal_drw has 0 polygons
2026-02-25 10:58:53 +0100: Memory Usage (432956K) : edgeseal_bound has 0 polygons
2026-02-25 10:58:53 +0100: Memory Usage (433084K) : substrate_drw has 5 polygons
2026-02-25 10:58:53 +0100: Memory Usage (433084K) : substrate_text has 0 polygons
2026-02-25 10:58:53 +0100: Memory Usage (433084K) : dfpad_drw has 0 polygons
2026-02-25 10:58:53 +0100: Memory Usage (433212K) : dfpad_pillar has 0 polygons
2026-02-25 10:58:53 +0100: Memory Usage (433212K) : dfpad_sbump has 0 polygons
2026-02-25 10:58:53 +0100: Memory Usage (433340K) : thickgateox_drw has 0 polygons
2026-02-25 10:58:53 +0100: Memory Usage (433340K) : pldb_drw has 0 polygons
2026-02-25 10:58:53 +0100: Memory Usage (433340K) : pwell_drw has 6 polygons
2026-02-25 10:58:53 +0100: Memory Usage (433468K) : pwell_pin has 0 polygons
2026-02-25 10:58:53 +0100: Memory Usage (433468K) : pwell_block has 0 polygons
2026-02-25 10:58:53 +0100: Memory Usage (433596K) : ic_drw has 0 polygons
2026-02-25 10:58:53 +0100: Memory Usage (433596K) : via3_drw has 72 polygons
2026-02-25 10:58:53 +0100: Memory Usage (433724K) : metal4_drw has 18 polygons
2026-02-25 10:58:53 +0100: Memory Usage (433724K) : metal4_pin has 0 polygons
2026-02-25 10:58:53 +0100: Memory Usage (433724K) : metal4_mask has 0 polygons
2026-02-25 10:58:53 +0100: Memory Usage (433852K) : metal4_filler has 0 polygons
2026-02-25 10:58:53 +0100: Memory Usage (433852K) : metal4_nofill has 0 polygons
2026-02-25 10:58:53 +0100: Memory Usage (433852K) : metal4_slit has 0 polygons
2026-02-25 10:58:53 +0100: Memory Usage (433980K) : metal4_text has 0 polygons
2026-02-25 10:58:53 +0100: Memory Usage (433980K) : metal4_opc has 0 polygons
2026-02-25 10:58:53 +0100: Memory Usage (433980K) : metal4_noqrc has 0 polygons
2026-02-25 10:58:53 +0100: Memory Usage (434108K) : metal4_res has 0 polygons
2026-02-25 10:58:53 +0100: Memory Usage (434108K) : metal4_iprobe has 0 polygons
2026-02-25 10:58:53 +0100: Memory Usage (434236K) : metal4_diffprb has 0 polygons
2026-02-25 10:58:53 +0100: Memory Usage (434236K) : heattrans_drw has 18 polygons
2026-02-25 10:58:53 +0100: Memory Usage (434364K) : heatres_drw has 0 polygons
2026-02-25 10:58:53 +0100: Memory Usage (434364K) : pempoly_drw has 0 polygons
2026-02-25 10:58:53 +0100: Memory Usage (434364K) : fbe_drw has 0 polygons
2026-02-25 10:58:53 +0100: Memory Usage (434492K) : empoly_drw has 0 polygons
2026-02-25 10:58:53 +0100: Memory Usage (434492K) : ldmos_drw has 0 polygons
2026-02-25 10:58:53 +0100: Memory Usage (434620K) : pbiwind_drw has 0 polygons
2026-02-25 10:58:53 +0100: Memory Usage (434620K) : digisub_drw has 0 polygons
2026-02-25 10:58:53 +0100: Memory Usage (434620K) : nodrc_drw has 0 polygons
2026-02-25 10:58:53 +0100: Memory Usage (434748K) : text_drw has 18 polygons
2026-02-25 10:58:53 +0100: Memory Usage (434748K) : via4_drw has 72 polygons
2026-02-25 10:58:53 +0100: Memory Usage (434876K) : metal5_drw has 17 polygons
2026-02-25 10:58:53 +0100: Memory Usage (434876K) : metal5_pin has 0 polygons
2026-02-25 10:58:53 +0100: Memory Usage (435004K) : metal5_mask has 0 polygons
2026-02-25 10:58:53 +0100: Memory Usage (435004K) : metal5_filler has 0 polygons
2026-02-25 10:58:53 +0100: Memory Usage (435004K) : metal5_nofill has 0 polygons
2026-02-25 10:58:53 +0100: Memory Usage (435004K) : metal5_slit has 0 polygons
2026-02-25 10:58:53 +0100: Memory Usage (435132K) : metal5_text has 0 polygons
2026-02-25 10:58:53 +0100: Memory Usage (435132K) : metal5_opc has 0 polygons
2026-02-25 10:58:53 +0100: Memory Usage (435132K) : metal5_noqrc has 0 polygons
2026-02-25 10:58:53 +0100: Memory Usage (435260K) : metal5_res has 0 polygons
2026-02-25 10:58:53 +0100: Memory Usage (435260K) : metal5_iprobe has 0 polygons
2026-02-25 10:58:53 +0100: Memory Usage (435388K) : metal5_diffprb has 0 polygons
2026-02-25 10:58:53 +0100: Memory Usage (435388K) : radhard_drw has 0 polygons
2026-02-25 10:58:53 +0100: Memory Usage (435388K) : memcap_drw has 0 polygons
2026-02-25 10:58:53 +0100: Memory Usage (435516K) : varicap_drw has 0 polygons
2026-02-25 10:58:53 +0100: Memory Usage (435516K) : flash_drw has 0 polygons
2026-02-25 10:58:53 +0100: Memory Usage (435644K) : intbondvia_drw has 0 polygons
2026-02-25 10:58:53 +0100: Memory Usage (435644K) : intbondmet_drw has 0 polygons
2026-02-25 10:58:53 +0100: Memory Usage (435772K) : devbondvia_drw has 0 polygons
2026-02-25 10:58:53 +0100: Memory Usage (435772K) : devbondmet_drw has 0 polygons
2026-02-25 10:58:53 +0100: Memory Usage (435772K) : devtrench_drw has 0 polygons
2026-02-25 10:58:53 +0100: Memory Usage (435900K) : redist_drw has 0 polygons
2026-02-25 10:58:53 +0100: Memory Usage (435900K) : graphbot_drw has 0 polygons
2026-02-25 10:58:53 +0100: Memory Usage (436028K) : graphtop_drw has 0 polygons
2026-02-25 10:58:53 +0100: Memory Usage (436028K) : antvia1_drw has 0 polygons
2026-02-25 10:58:53 +0100: Memory Usage (436028K) : antmetal2_drw has 0 polygons
2026-02-25 10:58:53 +0100: Memory Usage (436156K) : graphcont_drw has 0 polygons
2026-02-25 10:58:53 +0100: Memory Usage (436156K) : siwg_drw has 0 polygons
2026-02-25 10:58:53 +0100: Memory Usage (436284K) : siwg_filler has 0 polygons
2026-02-25 10:58:53 +0100: Memory Usage (436284K) : siwg_nofill has 0 polygons
2026-02-25 10:58:53 +0100: Memory Usage (436284K) : sigrating_drw has 0 polygons
2026-02-25 10:58:53 +0100: Memory Usage (436284K) : singrating_drw has 0 polygons
2026-02-25 10:58:53 +0100: Memory Usage (436412K) : graphpas_drw has 0 polygons
2026-02-25 10:58:53 +0100: Memory Usage (436412K) : emwind3_drw has 0 polygons
2026-02-25 10:58:53 +0100: Memory Usage (436412K) : emwihv3_drw has 0 polygons
2026-02-25 10:58:53 +0100: Memory Usage (436540K) : redbulay_drw has 0 polygons
2026-02-25 10:58:53 +0100: Memory Usage (436540K) : smos_drw has 0 polygons
2026-02-25 10:58:53 +0100: Memory Usage (436668K) : graphpad_drw has 0 polygons
2026-02-25 10:58:53 +0100: Memory Usage (436668K) : polimide_drw has 0 polygons
2026-02-25 10:58:53 +0100: Memory Usage (436668K) : polimide_pin has 0 polygons
2026-02-25 10:58:53 +0100: Memory Usage (436796K) : recog_drw has 0 polygons
2026-02-25 10:58:53 +0100: Memory Usage (436796K) : recog_pin has 0 polygons
2026-02-25 10:58:53 +0100: Memory Usage (436924K) : recog_esd has 0 polygons
2026-02-25 10:58:53 +0100: Memory Usage (436924K) : recog_diode has 0 polygons
2026-02-25 10:58:53 +0100: Memory Usage (437052K) : recog_tsv has 0 polygons
2026-02-25 10:58:53 +0100: Memory Usage (437052K) : recog_iprobe has 0 polygons
2026-02-25 10:58:53 +0100: Memory Usage (437052K) : recog_diffprb has 0 polygons
2026-02-25 10:58:53 +0100: Memory Usage (437180K) : recog_pillar has 0 polygons
2026-02-25 10:58:53 +0100: Memory Usage (437180K) : recog_sbump has 0 polygons
2026-02-25 10:58:53 +0100: Memory Usage (437308K) : recog_otp has 0 polygons
2026-02-25 10:58:53 +0100: Memory Usage (437308K) : recog_pdiode has 0 polygons
2026-02-25 10:58:53 +0100: Memory Usage (437436K) : recog_mom has 0 polygons
2026-02-25 10:58:53 +0100: Memory Usage (437436K) : recog_pcm has 0 polygons
2026-02-25 10:58:53 +0100: Memory Usage (437436K) : colopen_drw has 0 polygons
2026-02-25 10:58:53 +0100: Memory Usage (437564K) : graphmetal1_drw has 0 polygons
2026-02-25 10:58:53 +0100: Memory Usage (437564K) : graphmetal1_filler has 0 polygons
2026-02-25 10:58:53 +0100: Memory Usage (437692K) : graphmetal1_nofill has 0 polygons
2026-02-25 10:58:53 +0100: Memory Usage (437692K) : graphmetal1_slit has 0 polygons
2026-02-25 10:58:53 +0100: Memory Usage (437692K) : graphmetal1_opc has 0 polygons
2026-02-25 10:58:53 +0100: Memory Usage (437820K) : graphmet1l_drw has 0 polygons
2026-02-25 10:58:53 +0100: Memory Usage (437820K) : graphmet1l_filler has 0 polygons
2026-02-25 10:58:53 +0100: Memory Usage (437948K) : graphmet1l_nofill has 0 polygons
2026-02-25 10:58:53 +0100: Memory Usage (437948K) : graphmet1l_slit has 0 polygons
2026-02-25 10:58:53 +0100: Memory Usage (438076K) : graphmet1l_opc has 0 polygons
2026-02-25 10:58:53 +0100: Memory Usage (438076K) : extblock_drw has 0 polygons
2026-02-25 10:58:53 +0100: Memory Usage (438076K) : nldd_drw has 0 polygons
2026-02-25 10:58:53 +0100: Memory Usage (438204K) : pldd_drw has 0 polygons
2026-02-25 10:58:53 +0100: Memory Usage (438204K) : next_drw has 0 polygons
2026-02-25 10:58:53 +0100: Memory Usage (438332K) : pext_drw has 0 polygons
2026-02-25 10:58:53 +0100: Memory Usage (438332K) : nexthv_drw has 0 polygons
2026-02-25 10:58:53 +0100: Memory Usage (438460K) : pexthv_drw has 0 polygons
2026-02-25 10:58:53 +0100: Memory Usage (438460K) : graphgate_drw has 0 polygons
2026-02-25 10:58:53 +0100: Memory Usage (438460K) : sinwg_drw has 0 polygons
2026-02-25 10:58:53 +0100: Memory Usage (438588K) : sinwg_filler has 0 polygons
2026-02-25 10:58:53 +0100: Memory Usage (438588K) : sinwg_nofill has 0 polygons
2026-02-25 10:58:53 +0100: Memory Usage (438716K) : mempad_drw has 0 polygons
2026-02-25 10:58:53 +0100: Memory Usage (438716K) : topvia1_drw has 11 polygons
2026-02-25 10:58:53 +0100: Memory Usage (438844K) : topmetal1_drw has 14 polygons
2026-02-25 10:58:53 +0100: Memory Usage (438844K) : topmetal1_pin has 1 polygons
2026-02-25 10:58:53 +0100: Memory Usage (438844K) : topmetal1_mask has 0 polygons
2026-02-25 10:58:53 +0100: Memory Usage (438972K) : topmetal1_filler has 0 polygons
2026-02-25 10:58:53 +0100: Memory Usage (438972K) : topmetal1_nofill has 0 polygons
2026-02-25 10:58:53 +0100: Memory Usage (439100K) : topmetal1_slit has 0 polygons
2026-02-25 10:58:53 +0100: Memory Usage (439100K) : topmetal1_text has 1 polygons
2026-02-25 10:58:53 +0100: Memory Usage (439100K) : topmetal1_noqrc has 0 polygons
2026-02-25 10:58:53 +0100: Memory Usage (439228K) : topmetal1_res has 0 polygons
2026-02-25 10:58:53 +0100: Memory Usage (439228K) : topmetal1_iprobe has 0 polygons
2026-02-25 10:58:53 +0100: Memory Usage (439356K) : topmetal1_diffprb has 0 polygons
2026-02-25 10:58:53 +0100: Memory Usage (439356K) : inldpwl_drw has 0 polygons
2026-02-25 10:58:53 +0100: Memory Usage (439484K) : polyres_drw has 0 polygons
2026-02-25 10:58:53 +0100: Memory Usage (439484K) : polyres_pin has 0 polygons
2026-02-25 10:58:53 +0100: Memory Usage (439484K) : vmim_drw has 65 polygons
2026-02-25 10:58:53 +0100: Memory Usage (439612K) : nbulaycut_drw has 0 polygons
2026-02-25 10:58:53 +0100: Memory Usage (439612K) : antmetal1_drw has 0 polygons
2026-02-25 10:58:53 +0100: Memory Usage (439740K) : topvia2_drw has 4 polygons
2026-02-25 10:58:53 +0100: Memory Usage (439740K) : topmetal2_drw has 4 polygons
2026-02-25 10:58:53 +0100: Memory Usage (439868K) : topmetal2_pin has 1 polygons
2026-02-25 10:58:53 +0100: Memory Usage (439868K) : topmetal2_mask has 0 polygons
2026-02-25 10:58:53 +0100: Memory Usage (439868K) : topmetal2_filler has 0 polygons
2026-02-25 10:58:53 +0100: Memory Usage (439996K) : topmetal2_nofill has 0 polygons
2026-02-25 10:58:53 +0100: Memory Usage (439996K) : topmetal2_slit has 0 polygons
2026-02-25 10:58:53 +0100: Memory Usage (440124K) : topmetal2_text has 1 polygons
2026-02-25 10:58:53 +0100: Memory Usage (440124K) : topmetal2_noqrc has 0 polygons
2026-02-25 10:58:53 +0100: Memory Usage (440124K) : topmetal2_res has 0 polygons
2026-02-25 10:58:53 +0100: Memory Usage (440252K) : topmetal2_iprobe has 0 polygons
2026-02-25 10:58:53 +0100: Memory Usage (440252K) : topmetal2_diffprb has 0 polygons
2026-02-25 10:58:53 +0100: Memory Usage (440380K) : snsring_drw has 0 polygons
2026-02-25 10:58:53 +0100: Memory Usage (440380K) : sensor_drw has 0 polygons
2026-02-25 10:58:53 +0100: Memory Usage (440508K) : snsarms_drw has 0 polygons
2026-02-25 10:58:53 +0100: Memory Usage (440508K) : snscmosvia_drw has 0 polygons
2026-02-25 10:58:53 +0100: Memory Usage (440508K) : colwind_drw has 0 polygons
2026-02-25 10:58:53 +0100: Memory Usage (440636K) : flm_drw has 0 polygons
2026-02-25 10:58:53 +0100: Memory Usage (440636K) : hafniumox_drw has 0 polygons
2026-02-25 10:58:53 +0100: Memory Usage (440764K) : memvia_drw has 0 polygons
2026-02-25 10:58:53 +0100: Memory Usage (440764K) : thinfilmres_drw has 0 polygons
2026-02-25 10:58:53 +0100: Memory Usage (440892K) : rfmem_drw has 0 polygons
2026-02-25 10:58:53 +0100: Memory Usage (440892K) : norcx_drw has 0 polygons
2026-02-25 10:58:53 +0100: Memory Usage (440892K) : norcx_m2m3 has 0 polygons
2026-02-25 10:58:53 +0100: Memory Usage (441020K) : norcx_m2m4 has 0 polygons
2026-02-25 10:58:53 +0100: Memory Usage (441020K) : norcx_m2m5 has 0 polygons
2026-02-25 10:58:53 +0100: Memory Usage (441148K) : norcx_m2tm1 has 0 polygons
2026-02-25 10:58:53 +0100: Memory Usage (441148K) : norcx_m2tm2 has 0 polygons
2026-02-25 10:58:53 +0100: Memory Usage (441148K) : norcx_m3m4 has 0 polygons
2026-02-25 10:58:53 +0100: Memory Usage (441148K) : norcx_m3m5 has 0 polygons
2026-02-25 10:58:53 +0100: Memory Usage (441148K) : norcx_m3tm1 has 0 polygons
2026-02-25 10:58:53 +0100: Memory Usage (441148K) : norcx_m3tm2 has 0 polygons
2026-02-25 10:58:53 +0100: Memory Usage (441148K) : norcx_m4m5 has 0 polygons
2026-02-25 10:58:53 +0100: Memory Usage (441148K) : norcx_m4tm1 has 0 polygons
2026-02-25 10:58:53 +0100: Memory Usage (441276K) : norcx_m4tm2 has 0 polygons
2026-02-25 10:58:53 +0100: Memory Usage (441276K) : norcx_m5tm1 has 0 polygons
2026-02-25 10:58:53 +0100: Memory Usage (441404K) : norcx_m5tm2 has 0 polygons
2026-02-25 10:58:53 +0100: Memory Usage (441404K) : norcx_tm1tm2 has 0 polygons
2026-02-25 10:58:53 +0100: Memory Usage (441532K) : norcx_m1sub has 0 polygons
2026-02-25 10:58:53 +0100: Memory Usage (441532K) : norcx_m2sub has 0 polygons
2026-02-25 10:58:53 +0100: Memory Usage (441532K) : norcx_m3sub has 0 polygons
2026-02-25 10:58:53 +0100: Memory Usage (441660K) : norcx_m4sub has 0 polygons
2026-02-25 10:58:53 +0100: Memory Usage (441660K) : norcx_m5sub has 0 polygons
2026-02-25 10:58:53 +0100: Memory Usage (441788K) : norcx_tm1sub has 0 polygons
2026-02-25 10:58:53 +0100: Memory Usage (441788K) : norcx_tm2sub has 0 polygons
2026-02-25 10:58:53 +0100: Memory Usage (441788K) : snsbotvia_drw has 0 polygons
2026-02-25 10:58:53 +0100: Memory Usage (441916K) : snstopvia_drw has 0 polygons
2026-02-25 10:58:53 +0100: Memory Usage (441916K) : deepvia_drw has 0 polygons
2026-02-25 10:58:53 +0100: Memory Usage (442044K) : fgetch_drw has 0 polygons
2026-02-25 10:58:53 +0100: Memory Usage (442044K) : ctrgat_drw has 0 polygons
2026-02-25 10:58:53 +0100: Memory Usage (442172K) : fgimp_drw has 0 polygons
2026-02-25 10:58:53 +0100: Memory Usage (442172K) : emwihv_drw has 0 polygons
2026-02-25 10:58:53 +0100: Memory Usage (442172K) : lbe_drw has 0 polygons
2026-02-25 10:58:53 +0100: Memory Usage (442300K) : alcustop_drw has 0 polygons
2026-02-25 10:58:53 +0100: Memory Usage (442300K) : nometfiller_drw has 0 polygons
2026-02-25 10:58:53 +0100: Memory Usage (442300K) : prboundary_drw has 0 polygons
2026-02-25 10:58:53 +0100: Memory Usage (442428K) : exchange0_drw has 0 polygons
2026-02-25 10:58:53 +0100: Memory Usage (442428K) : exchange0_pin has 0 polygons
2026-02-25 10:58:53 +0100: Memory Usage (442428K) : exchange0_text has 0 polygons
2026-02-25 10:58:53 +0100: Memory Usage (442556K) : exchange1_drw has 0 polygons
2026-02-25 10:58:53 +0100: Memory Usage (442556K) : exchange1_pin has 0 polygons
2026-02-25 10:58:53 +0100: Memory Usage (442684K) : exchange1_text has 0 polygons
2026-02-25 10:58:53 +0100: Memory Usage (442684K) : exchange2_drw has 0 polygons
2026-02-25 10:58:53 +0100: Memory Usage (442812K) : exchange2_pin has 0 polygons
2026-02-25 10:58:53 +0100: Memory Usage (442812K) : exchange2_text has 0 polygons
2026-02-25 10:58:53 +0100: Memory Usage (442812K) : exchange3_drw has 0 polygons
2026-02-25 10:58:53 +0100: Memory Usage (442940K) : exchange3_pin has 0 polygons
2026-02-25 10:58:53 +0100: Memory Usage (442940K) : exchange3_text has 0 polygons
2026-02-25 10:58:53 +0100: Memory Usage (443068K) : exchange4_drw has 0 polygons
2026-02-25 10:58:53 +0100: Memory Usage (443068K) : exchange4_pin has 0 polygons
2026-02-25 10:58:53 +0100: Memory Usage (443196K) : exchange4_text has 0 polygons
2026-02-25 10:58:53 +0100: Memory Usage (443196K) : isonwell_drw has 0 polygons
2026-02-25 10:58:53 +0100: Memory Usage (443196K) : Total no. of polygons in the design is 1266
2026-02-25 10:58:53 +0100: Memory Usage (443196K) : Loaded TECH DRC rules values from /opt/pdks/ihp-sg13g2/libs.tech/klayout/python/sg13g2_pycell_lib/sg13g2_tech_mod.json
2026-02-25 10:58:53 +0100: Memory Usage (443196K) : Loaded default DRC rules values from /opt/pdks/ihp-sg13g2/libs.tech/klayout/tech/drc/rule_decks/sg13g2_tech_default.json
2026-02-25 10:58:53 +0100: Memory Usage (443196K) : The following rules values were missing in tech json and default values were used:
2026-02-25 10:58:53 +0100: Memory Usage (443196K) :   - Cnt_c_digibnd
2026-02-25 10:58:53 +0100: Memory Usage (444476K) : Total area of the design is 1744.5185999999999 um^2.
2026-02-25 10:58:53 +0100: Memory Usage (444476K) : The design dimensions are 56.760000000000005 µm * 30.735 µm.
2026-02-25 10:58:53 +0100: Memory Usage (444476K) : Starting general IHP-SG13G2 derivations.
2026-02-25 10:58:53 +0100: Memory Usage (444476K) : Starting Pwell derivations
2026-02-25 10:58:53 +0100: Memory Usage (446780K) : Starting n-Activ derivations
2026-02-25 10:58:53 +0100: Memory Usage (447036K) : Starting p-Activ derivations
2026-02-25 10:58:53 +0100: Memory Usage (447164K) : Starting ptap derivations
2026-02-25 10:58:53 +0100: Memory Usage (447292K) : Starting ntap derivations
2026-02-25 10:58:53 +0100: Memory Usage (447292K) : Starting pact FET derivations
2026-02-25 10:58:53 +0100: Memory Usage (447420K) : Starting nact FET derivations
2026-02-25 10:58:53 +0100: Memory Usage (447420K) : Starting Gate derivations
2026-02-25 10:58:53 +0100: Memory Usage (447548K) : Starting cont/contbar general derivations
2026-02-25 10:58:53 +0100: Memory Usage (447804K) : Starting pad general derivations
2026-02-25 10:58:53 +0100: Memory Usage (448060K) : Starting IHP-SG13G2 DRC connectivity related derivations.
2026-02-25 10:58:53 +0100: Memory Usage (448956K) : Starting IHP-SG13G2 DRC connectivity setup
2026-02-25 10:58:53 +0100: Memory Usage (449212K) : Starting IHP-SG13G2 DRC rules.
2026-02-25 10:58:53 +0100: Memory Usage (449212K) : Running all FEOL rules
2026-02-25 10:58:53 +0100: Memory Usage (449212K) : Running all BEOL rules
2026-02-25 10:58:53 +0100: Memory Usage (449212K) : Running all PIN rules
2026-02-25 10:58:53 +0100: Memory Usage (449212K) : Running all FORBIDDEN rules
2026-02-25 10:58:53 +0100: Memory Usage (449212K) : Starting 5.1 NWell table
2026-02-25 10:58:53 +0100: Memory Usage (449212K) : Executing rule NW.b
2026-02-25 10:58:53 +0100: Memory Usage (449852K) : Executing rule NW.b1
2026-02-25 10:58:53 +0100: Memory Usage (450108K) : Starting 5.2 PWell:block
2026-02-25 10:58:53 +0100: Memory Usage (450108K) : Executing rule PWB.e
2026-02-25 10:58:53 +0100: Memory Usage (450236K) : Executing rule PWB.e1
2026-02-25 10:58:53 +0100: Memory Usage (450364K) : Executing rule PWB.f
2026-02-25 10:58:53 +0100: Memory Usage (450492K) : Executing rule PWB.f1
2026-02-25 10:58:54 +0100: Memory Usage (451132K) : Starting 5.3 nBuLay table
2026-02-25 10:58:54 +0100: Memory Usage (451260K) : Executing rule NBL.b
2026-02-25 10:58:54 +0100: Memory Usage (451388K) : Executing rule NBL.c
2026-02-25 10:58:54 +0100: Memory Usage (451644K) : Executing rule NBL.d
2026-02-25 10:58:54 +0100: Memory Usage (451900K) : Executing rule NBL.e
2026-02-25 10:58:54 +0100: Memory Usage (452028K) : Executing rule NBL.f
2026-02-25 10:58:54 +0100: Memory Usage (452156K) : Starting 5.5. Activ table
2026-02-25 10:58:54 +0100: Memory Usage (452156K) : Executing rule Act.a
2026-02-25 10:58:54 +0100: Memory Usage (452156K) : Executing rule Act.b
2026-02-25 10:58:54 +0100: Memory Usage (452284K) : Starting 5.6 Activ:filler table
2026-02-25 10:58:54 +0100: Memory Usage (452540K) : Executing rule AFil.c1
2026-02-25 10:58:54 +0100: Memory Usage (452668K) : Executing rule AFil.c
2026-02-25 10:58:54 +0100: Memory Usage (452796K) : Executing rule AFil.d
2026-02-25 10:58:54 +0100: Memory Usage (453052K) : Executing rule AFil.e
2026-02-25 10:58:54 +0100: Memory Usage (453180K) : Executing rule AFil.j
2026-02-25 10:58:54 +0100: Memory Usage (453436K) : Starting 5.7. ThickGateOx table
2026-02-25 10:58:54 +0100: Memory Usage (453436K) : Executing rule TGO.f
2026-02-25 10:58:54 +0100: Memory Usage (453564K) : Starting 5.8. GatPoly table
2026-02-25 10:58:54 +0100: Memory Usage (453564K) : Executing rule Gat.a
2026-02-25 10:58:54 +0100: Memory Usage (453692K) : Executing rule Gat.b
2026-02-25 10:58:54 +0100: Memory Usage (453692K) : Executing rule Gat.d
2026-02-25 10:58:54 +0100: Memory Usage (453820K) : Executing rule Gat.a1
2026-02-25 10:58:54 +0100: Memory Usage (454332K) : Executing rule Gat.a2
2026-02-25 10:58:54 +0100: Memory Usage (454588K) : Executing rule Gat.g
2026-02-25 10:58:54 +0100: Memory Usage (454844K) : Starting 5.9 GatPoly:filler
2026-02-25 10:58:54 +0100: Memory Usage (455100K) : Executing rule GFil.d
2026-02-25 10:58:54 +0100: Memory Usage (455228K) : Executing rule GFil.e
2026-02-25 10:58:54 +0100: Memory Usage (455356K) : Executing rule GFil.i
2026-02-25 10:58:54 +0100: Memory Usage (455484K) : Starting 5.10 pSD table
2026-02-25 10:58:54 +0100: Memory Usage (455484K) : Executing rule pSD.c1
2026-02-25 10:58:54 +0100: Memory Usage (455740K) : Starting 5.14. Cont table
2026-02-25 10:58:54 +0100: Memory Usage (455740K) : Executing rule Cnt.a
2026-02-25 10:58:54 +0100: Memory Usage (455740K) : Executing rule Cnt.b
2026-02-25 10:58:54 +0100: Memory Usage (455996K) : Executing rule Cnt.c
2026-02-25 10:58:54 +0100: Memory Usage (456124K) : Executing rule Cnt.c
2026-02-25 10:58:54 +0100: Memory Usage (456380K) : Executing rule Cnt.d
2026-02-25 10:58:54 +0100: Memory Usage (456380K) : Executing rule Cnt.e
2026-02-25 10:58:54 +0100: Memory Usage (456636K) : Executing rule Cnt.g1
2026-02-25 10:58:54 +0100: Memory Usage (456764K) : Executing rule Cnt.g2
2026-02-25 10:58:54 +0100: Memory Usage (456764K) : Starting 5.15. ContBar table
2026-02-25 10:58:54 +0100: Memory Usage (456764K) : Executing rule CntB.b1
2026-02-25 10:58:54 +0100: Memory Usage (456764K) : Executing rule CntB.h1
2026-02-25 10:58:54 +0100: Memory Usage (456764K) : Starting 6.1.3 NPN Substrate-Tie table
2026-02-25 10:58:54 +0100: Memory Usage (456764K) : Executing rule npn13G2.bR 
2026-02-25 10:58:54 +0100: Memory Usage (456764K) : Executing rule npn13G2L.cR 
2026-02-25 10:58:54 +0100: Memory Usage (456764K) : Executing rule npn13G2V.cR 
2026-02-25 10:58:54 +0100: Memory Usage (456764K) : Starting 6.7 Schottky diode table
2026-02-25 10:58:54 +0100: Memory Usage (456764K) : Executing rule Sdiod.d
2026-02-25 10:58:54 +0100: Memory Usage (456764K) : Executing rule Sdiod.e
2026-02-25 10:58:54 +0100: Memory Usage (456764K) : Starting 7.2 Latch-up table
2026-02-25 10:58:54 +0100: Memory Usage (456764K) : Executing rule LU.b
2026-02-25 10:58:54 +0100: Memory Usage (456764K) : Starting 5.16. Metal1 table
2026-02-25 10:58:54 +0100: Memory Usage (456764K) : Executing rule M1.a
2026-02-25 10:58:54 +0100: Memory Usage (456764K) : Executing rule M1.b
2026-02-25 10:58:54 +0100: Memory Usage (456764K) : Executing rule M1.e
2026-02-25 10:58:54 +0100: Memory Usage (456764K) : Executing rule M1.f
2026-02-25 10:58:54 +0100: Memory Usage (456764K) : Executing rule M1.g
2026-02-25 10:58:54 +0100: Memory Usage (456764K) : Executing rule M1.i
2026-02-25 10:58:54 +0100: Memory Usage (456764K) : Starting 5.17 Metaln table
2026-02-25 10:58:54 +0100: Memory Usage (456764K) : Executing rule M2.a
2026-02-25 10:58:54 +0100: Memory Usage (456764K) : Executing rule M2.b
2026-02-25 10:58:54 +0100: Memory Usage (456764K) : Executing rule M2.e
2026-02-25 10:58:54 +0100: Memory Usage (456764K) : Executing rule M2.f
2026-02-25 10:58:54 +0100: Memory Usage (456764K) : Executing rule M2.g
2026-02-25 10:58:54 +0100: Memory Usage (456764K) : Executing rule M2.i
2026-02-25 10:58:54 +0100: Memory Usage (456764K) : Executing rule M3.a
2026-02-25 10:58:54 +0100: Memory Usage (456764K) : Executing rule M3.b
2026-02-25 10:58:54 +0100: Memory Usage (456764K) : Executing rule M3.e
2026-02-25 10:58:54 +0100: Memory Usage (456764K) : Executing rule M3.f
2026-02-25 10:58:54 +0100: Memory Usage (456764K) : Executing rule M3.g
2026-02-25 10:58:54 +0100: Memory Usage (456764K) : Executing rule M3.i
2026-02-25 10:58:54 +0100: Memory Usage (456764K) : Executing rule M4.a
2026-02-25 10:58:54 +0100: Memory Usage (456764K) : Executing rule M4.b
2026-02-25 10:58:54 +0100: Memory Usage (456764K) : Executing rule M4.e
2026-02-25 10:58:54 +0100: Memory Usage (456764K) : Executing rule M4.f
2026-02-25 10:58:54 +0100: Memory Usage (456764K) : Executing rule M4.g
2026-02-25 10:58:54 +0100: Memory Usage (456764K) : Executing rule M4.i
2026-02-25 10:58:54 +0100: Memory Usage (456764K) : Executing rule M5.a
2026-02-25 10:58:54 +0100: Memory Usage (456764K) : Executing rule M5.b
2026-02-25 10:58:54 +0100: Memory Usage (456764K) : Executing rule M5.e
2026-02-25 10:58:54 +0100: Memory Usage (456764K) : Executing rule M5.f
2026-02-25 10:58:54 +0100: Memory Usage (456764K) : Executing rule M5.g
2026-02-25 10:58:54 +0100: Memory Usage (456764K) : Executing rule M5.i
2026-02-25 10:58:54 +0100: Memory Usage (456764K) : Starting 5.18 Metaln:filler table
2026-02-25 10:58:54 +0100: Memory Usage (456764K) : Executing rule M1Fil.c
2026-02-25 10:58:54 +0100: Memory Usage (456764K) : Executing rule M1Fil.a2
2026-02-25 10:58:54 +0100: Memory Usage (456764K) : Executing rule M2Fil.c
2026-02-25 10:58:54 +0100: Memory Usage (456764K) : Executing rule M2Fil.a2
2026-02-25 10:58:54 +0100: Memory Usage (456764K) : Executing rule M3Fil.c
2026-02-25 10:58:54 +0100: Memory Usage (456764K) : Executing rule M3Fil.a2
2026-02-25 10:58:54 +0100: Memory Usage (456764K) : Executing rule M4Fil.c
2026-02-25 10:58:54 +0100: Memory Usage (456764K) : Executing rule M4Fil.a2
2026-02-25 10:58:54 +0100: Memory Usage (456764K) : Executing rule M5Fil.c
2026-02-25 10:58:54 +0100: Memory Usage (456764K) : Executing rule M5Fil.a2
2026-02-25 10:58:54 +0100: Memory Usage (456764K) : Starting 5.19. Via1 table
2026-02-25 10:58:54 +0100: Memory Usage (456764K) : Starting 5.19. Via1 table derivations
2026-02-25 10:58:54 +0100: Memory Usage (456764K) : Executing rule V1.a
2026-02-25 10:58:54 +0100: Memory Usage (456764K) : Executing rule V1.b
2026-02-25 10:58:54 +0100: Memory Usage (456764K) : Executing rule V1.c
2026-02-25 10:58:54 +0100: Memory Usage (456764K) : Starting 5.20. Vian table
2026-02-25 10:58:54 +0100: Memory Usage (456764K) : Executing rule V2.a
2026-02-25 10:58:54 +0100: Memory Usage (456764K) : Executing rule V2.b
2026-02-25 10:58:54 +0100: Memory Usage (456764K) : Executing rule V2.c
2026-02-25 10:58:54 +0100: Memory Usage (456764K) : Executing rule V3.a
2026-02-25 10:58:54 +0100: Memory Usage (456764K) : Executing rule V3.b
2026-02-25 10:58:54 +0100: Memory Usage (456764K) : Executing rule V3.c
2026-02-25 10:58:54 +0100: Memory Usage (456764K) : Executing rule V4.a
2026-02-25 10:58:54 +0100: Memory Usage (456764K) : Executing rule V4.b
2026-02-25 10:58:54 +0100: Memory Usage (456764K) : Executing rule V4.c
2026-02-25 10:58:54 +0100: Memory Usage (456764K) : Starting 5.21. TopVia1 table
2026-02-25 10:58:54 +0100: Memory Usage (456764K) : Executing rule TV1.a
2026-02-25 10:58:54 +0100: Memory Usage (456764K) : Executing rule TV1.b
2026-02-25 10:58:54 +0100: Memory Usage (456764K) : Executing rule TV1.c
2026-02-25 10:58:54 +0100: Memory Usage (456764K) : Executing rule TV1.d
2026-02-25 10:58:54 +0100: Memory Usage (456764K) : Starting 5.22. TopMetal1 table
2026-02-25 10:58:54 +0100: Memory Usage (456764K) : Executing rule TM1.a
2026-02-25 10:58:54 +0100: Memory Usage (456764K) : Executing rule TM1.b
2026-02-25 10:58:54 +0100: Memory Usage (456764K) : Starting 5.23 TopMetal1:filler table
2026-02-25 10:58:54 +0100: Memory Usage (456764K) : Executing rule TM1Fil.c
2026-02-25 10:58:54 +0100: Memory Usage (456764K) : Executing rule TM1Fil.a1
2026-02-25 10:58:54 +0100: Memory Usage (456764K) : Starting 5.24. TopVia2 table
2026-02-25 10:58:54 +0100: Memory Usage (456764K) : Executing rule TV2.a
2026-02-25 10:58:54 +0100: Memory Usage (456764K) : Executing rule TV2.b
2026-02-25 10:58:54 +0100: Memory Usage (456764K) : Executing rule TV2.c
2026-02-25 10:58:54 +0100: Memory Usage (456764K) : Executing rule TV2.d
2026-02-25 10:58:54 +0100: Memory Usage (456764K) : Starting 5.25. TopMetal2 table
2026-02-25 10:58:54 +0100: Memory Usage (456764K) : Executing rule TM2.a
2026-02-25 10:58:54 +0100: Memory Usage (456764K) : Executing rule TM2.b
2026-02-25 10:58:54 +0100: Memory Usage (456764K) : Executing rule TM2.bR
2026-02-25 10:58:54 +0100: Memory Usage (456764K) : Starting 5.26 TopMetal2:filler table
2026-02-25 10:58:54 +0100: Memory Usage (456764K) : Executing rule TM2Fil.c
2026-02-25 10:58:54 +0100: Memory Usage (456764K) : Executing rule TM2Fil.a1
2026-02-25 10:58:54 +0100: Memory Usage (456764K) : Starting 5.27. Passiv table
2026-02-25 10:58:54 +0100: Memory Usage (456764K) : Executing rule Pas.a
2026-02-25 10:58:54 +0100: Memory Usage (456764K) : Executing rule Pas.b
2026-02-25 10:58:54 +0100: Memory Usage (456764K) : Executing rule Pas.c
2026-02-25 10:58:54 +0100: Memory Usage (456764K) : Starting 6.9.2 Copper Pillar table
2026-02-25 10:58:54 +0100: Memory Usage (456764K) : Executing rule Padc.a
2026-02-25 10:58:54 +0100: Memory Usage (456764K) : Executing rule Padc.b
2026-02-25 10:58:54 +0100: Memory Usage (456764K) : Executing rule Padc.c
2026-02-25 10:58:54 +0100: Memory Usage (456764K) : Executing rule Padb.f
2026-02-25 10:58:54 +0100: Memory Usage (456764K) : Starting 6.9 Pad table
2026-02-25 10:58:54 +0100: Memory Usage (456764K) : Executing rule Pad.m
2026-02-25 10:58:54 +0100: Memory Usage (456764K) : Executing rule Pad.fR_M1
2026-02-25 10:58:54 +0100: Memory Usage (456764K) : Executing rule Pad.fR_M2
2026-02-25 10:58:54 +0100: Memory Usage (456764K) : Executing rule Pad.fR_M3
2026-02-25 10:58:54 +0100: Memory Usage (456764K) : Executing rule Pad.fR_M4
2026-02-25 10:58:54 +0100: Memory Usage (456764K) : Executing rule Pad.fR_M5
2026-02-25 10:58:54 +0100: Memory Usage (456764K) : Executing rule Pad.fR_TM1
2026-02-25 10:58:54 +0100: Memory Usage (456764K) : Executing rule Pad.fR_TM2
2026-02-25 10:58:54 +0100: Memory Usage (456764K) : Executing rule Pad.i
2026-02-25 10:58:54 +0100: Memory Usage (456764K) : Starting 6.9.1 Solder Bump
2026-02-25 10:58:54 +0100: Memory Usage (456764K) : Executing rule Padb.a
2026-02-25 10:58:54 +0100: Memory Usage (456764K) : Executing rule Padb.b
2026-02-25 10:58:54 +0100: Memory Usage (456764K) : Executing rule Padb.c
2026-02-25 10:58:54 +0100: Memory Usage (456764K) : Executing rule Padb.f
2026-02-25 10:58:54 +0100: Memory Usage (456764K) : Executing rule Padb.d
2026-02-25 10:58:54 +0100: Memory Usage (456764K) : Starting 6.10 Sealring table
2026-02-25 10:58:54 +0100: Memory Usage (456764K) : Executing rule Seal.l
2026-02-25 10:58:54 +0100: Memory Usage (456764K) : Executing rule Seal.n
2026-02-25 10:58:54 +0100: Memory Usage (456764K) : Executing rule seal.b_metal1
2026-02-25 10:58:54 +0100: Memory Usage (456764K) : Executing rule seal.b_metal2
2026-02-25 10:58:54 +0100: Memory Usage (456764K) : Executing rule seal.b_metal3
2026-02-25 10:58:54 +0100: Memory Usage (456764K) : Executing rule seal.b_metal4
2026-02-25 10:58:54 +0100: Memory Usage (456764K) : Executing rule seal.b_metal5
2026-02-25 10:58:54 +0100: Memory Usage (456764K) : Executing rule seal.b_topmetal1
2026-02-25 10:58:54 +0100: Memory Usage (456764K) : Executing rule seal.b_topmetal2
2026-02-25 10:58:54 +0100: Memory Usage (456764K) : Executing rule seal.b_activ
2026-02-25 10:58:54 +0100: Memory Usage (456764K) : Executing rule seal.b_psd
2026-02-25 10:58:54 +0100: Memory Usage (456764K) : Executing rule Seal.k
2026-02-25 10:58:54 +0100: Memory Usage (456764K) : Executing rule Seal.m
2026-02-25 10:58:54 +0100: Memory Usage (456764K) : Starting 6.11 MIM table
2026-02-25 10:58:54 +0100: Memory Usage (456764K) : Executing rule MIM.c
2026-02-25 10:58:54 +0100: Memory Usage (456764K) : Executing rule MIM.d
2026-02-25 10:58:54 +0100: Memory Usage (456764K) : Executing rule MIM.gR
2026-02-25 10:58:54 +0100: Memory Usage (456764K) : Starting 7.3 Metal Slits table
2026-02-25 10:58:54 +0100: Memory Usage (456764K) : Executing rule Slt.e1_M1
2026-02-25 10:58:54 +0100: Memory Usage (456764K) : Executing rule Slt.e1_M2
2026-02-25 10:58:54 +0100: Memory Usage (456764K) : Executing rule Slt.e1_M3
2026-02-25 10:58:54 +0100: Memory Usage (456764K) : Executing rule Slt.e1_M4
2026-02-25 10:58:54 +0100: Memory Usage (456764K) : Executing rule Slt.e1_M5
2026-02-25 10:58:54 +0100: Memory Usage (456764K) : Executing rule Slt.e1_TM1
2026-02-25 10:58:54 +0100: Memory Usage (456764K) : Executing rule Slt.e1_TM2
2026-02-25 10:58:54 +0100: Memory Usage (456764K) : Starting 9.1. LBE table
2026-02-25 10:58:54 +0100: Memory Usage (456764K) : Executing rule LBE.a
2026-02-25 10:58:54 +0100: Memory Usage (456764K) : Executing rule LBE.b
2026-02-25 10:58:54 +0100: Memory Usage (456764K) : Executing rule LBE.b1
2026-02-25 10:58:54 +0100: Memory Usage (456892K) : Executing rule LBE.c
2026-02-25 10:58:54 +0100: Memory Usage (457020K) : Executing rule LBE.d
2026-02-25 10:58:54 +0100: Memory Usage (457148K) : Executing rule LBE.h
2026-02-25 10:58:54 +0100: Memory Usage (457276K) : Starting 7.4. PIN table
2026-02-25 10:58:54 +0100: Memory Usage (457276K) : Executing rule Pin.a
2026-02-25 10:58:54 +0100: Memory Usage (457404K) : Executing rule Pin.b
2026-02-25 10:58:54 +0100: Memory Usage (457532K) : Executing rule Pin.e
2026-02-25 10:58:54 +0100: Memory Usage (457660K) : Executing rule Pin.f_M2
2026-02-25 10:58:54 +0100: Memory Usage (457788K) : Executing rule Pin.f_M3
2026-02-25 10:58:54 +0100: Memory Usage (457916K) : Executing rule Pin.f_M4
2026-02-25 10:58:54 +0100: Memory Usage (458044K) : Executing rule Pin.f_M5
2026-02-25 10:58:54 +0100: Memory Usage (458172K) : Executing rule Pin.g
2026-02-25 10:58:54 +0100: Memory Usage (458300K) : Executing rule Pin.h
2026-02-25 10:58:54 +0100: Memory Usage (458428K) : Starting 3.2. FORBIDDEN table
2026-02-25 10:58:54 +0100: Memory Usage (458428K) : Executing rule forbidden.biwind
2026-02-25 10:58:54 +0100: Memory Usage (458428K) : Executing rule forbidden.pemwind
2026-02-25 10:58:54 +0100: Memory Usage (458556K) : Executing rule forbidden.baspoly
2026-02-25 10:58:54 +0100: Memory Usage (458556K) : Executing rule forbidden.deepco
2026-02-25 10:58:54 +0100: Memory Usage (458684K) : Executing rule forbidden.pempoly
2026-02-25 10:58:54 +0100: Memory Usage (458684K) : Executing rule forbidden.empoly
2026-02-25 10:58:54 +0100: Memory Usage (458684K) : Executing rule forbidden.ldmos
2026-02-25 10:58:54 +0100: Memory Usage (458684K) : Executing rule forbidden.pbiwind
2026-02-25 10:58:54 +0100: Memory Usage (458684K) : Executing rule forbidden.nodrc
2026-02-25 10:58:54 +0100: Memory Usage (458684K) : Executing rule forbidden.flash
2026-02-25 10:58:54 +0100: Memory Usage (458684K) : Executing rule forbidden.colwind
2026-02-25 10:58:54 +0100: Memory Usage (458684K) : KLayout DRC run for tables 'main' completed in 1.03 seconds
