# Logfile created on 2026-02-11 05:35:43 +0100 by logger.rb/v1.4.3
2026-02-11 05:35:43 +0100: Memory Usage (428896K) : Starting running IHP-SG13G2 KLayout DRC runset on /home/designer/shared/IHP-AnalogAcademy/modules/module_3_8_bit_SAR_ADC/part_5_analog_layout/CDAC/layout/C-DAC.gds
2026-02-11 05:35:43 +0100: Memory Usage (428896K) : Ruby Version for klayout: 3.0.2
2026-02-11 05:35:43 +0100: Memory Usage (430048K) : Loading database to memory is complete.
2026-02-11 05:35:43 +0100: Memory Usage (430048K) : IHP-SG13G2 KLayout DRC runset output at: /home/designer/shared/IHP-AnalogAcademy/modules/module_3_8_bit_SAR_ADC/part_5_analog_layout/CDAC/schematic/drc_run_CDAC/C-DAC_CDAC_main.lyrdb
2026-02-11 05:35:43 +0100: Memory Usage (430048K) : Evaluate switches.
2026-02-11 05:35:43 +0100: Memory Usage (430048K) : tables selected: main
2026-02-11 05:35:43 +0100: Memory Usage (430048K) : KLayout will use 1 thread(s) in tiling mode.
2026-02-11 05:35:43 +0100: Memory Usage (430048K) : deep mode is enabled.
2026-02-11 05:35:43 +0100: Memory Usage (430048K) : FEOL enabled: true
2026-02-11 05:35:43 +0100: Memory Usage (430048K) : BEOL enabled: true
2026-02-11 05:35:43 +0100: Memory Usage (430048K) : OFFGRID enabled: true
2026-02-11 05:35:43 +0100: Memory Usage (430048K) : PIN enabled: true
2026-02-11 05:35:43 +0100: Memory Usage (430048K) : FORBIDDEN enabled: true
2026-02-11 05:35:43 +0100: Memory Usage (430048K) : RECOMMENDED enabled: false
2026-02-11 05:35:43 +0100: Memory Usage (430048K) : PreCheck DRC enabled: false
2026-02-11 05:35:43 +0100: Memory Usage (430048K) : CONNECTIVITY_RULES enabled: true.
2026-02-11 05:35:43 +0100: Memory Usage (430048K) : Read in polygons from layers.
2026-02-11 05:35:43 +0100: Memory Usage (430560K) : activ_drw has 0 polygons
2026-02-11 05:35:43 +0100: Memory Usage (430560K) : activ_pin has 0 polygons
2026-02-11 05:35:43 +0100: Memory Usage (430560K) : activ_mask has 0 polygons
2026-02-11 05:35:43 +0100: Memory Usage (430560K) : activ_filler has 0 polygons
2026-02-11 05:35:43 +0100: Memory Usage (430560K) : activ_nofill has 0 polygons
2026-02-11 05:35:43 +0100: Memory Usage (430560K) : activ_opc has 0 polygons
2026-02-11 05:35:44 +0100: Memory Usage (430560K) : activ_iopc has 0 polygons
2026-02-11 05:35:44 +0100: Memory Usage (430560K) : activ_noqrc has 0 polygons
2026-02-11 05:35:44 +0100: Memory Usage (430560K) : biwind_drw has 0 polygons
2026-02-11 05:35:44 +0100: Memory Usage (430560K) : biwind_opc has 0 polygons
2026-02-11 05:35:44 +0100: Memory Usage (430560K) : pemwind_drw has 0 polygons
2026-02-11 05:35:44 +0100: Memory Usage (430560K) : gatpoly_drw has 0 polygons
2026-02-11 05:35:44 +0100: Memory Usage (430560K) : gatpoly_pin has 0 polygons
2026-02-11 05:35:44 +0100: Memory Usage (430560K) : gatpoly_filler has 0 polygons
2026-02-11 05:35:44 +0100: Memory Usage (430560K) : gatpoly_nofill has 0 polygons
2026-02-11 05:35:44 +0100: Memory Usage (430560K) : gatpoly_opc has 0 polygons
2026-02-11 05:35:44 +0100: Memory Usage (430560K) : gatpoly_iopc has 0 polygons
2026-02-11 05:35:44 +0100: Memory Usage (430560K) : gatpoly_noqrc has 0 polygons
2026-02-11 05:35:44 +0100: Memory Usage (430560K) : cont_drw has 0 polygons
2026-02-11 05:35:44 +0100: Memory Usage (430560K) : cont_opc has 0 polygons
2026-02-11 05:35:44 +0100: Memory Usage (430560K) : nsd_drw has 0 polygons
2026-02-11 05:35:44 +0100: Memory Usage (430560K) : nsd_block has 0 polygons
2026-02-11 05:35:44 +0100: Memory Usage (430560K) : metal1_drw has 0 polygons
2026-02-11 05:35:44 +0100: Memory Usage (430560K) : metal1_pin has 0 polygons
2026-02-11 05:35:44 +0100: Memory Usage (430560K) : metal1_mask has 0 polygons
2026-02-11 05:35:44 +0100: Memory Usage (430560K) : metal1_filler has 0 polygons
2026-02-11 05:35:44 +0100: Memory Usage (430688K) : metal1_nofill has 0 polygons
2026-02-11 05:35:44 +0100: Memory Usage (430688K) : metal1_slit has 0 polygons
2026-02-11 05:35:44 +0100: Memory Usage (430944K) : metal1_text has 0 polygons
2026-02-11 05:35:44 +0100: Memory Usage (430944K) : metal1_opc has 0 polygons
2026-02-11 05:35:44 +0100: Memory Usage (430944K) : metal1_noqrc has 0 polygons
2026-02-11 05:35:44 +0100: Memory Usage (431200K) : metal1_res has 0 polygons
2026-02-11 05:35:44 +0100: Memory Usage (431200K) : metal1_iprobe has 0 polygons
2026-02-11 05:35:44 +0100: Memory Usage (431200K) : metal1_diffprb has 0 polygons
2026-02-11 05:35:44 +0100: Memory Usage (431200K) : passiv_drw has 0 polygons
2026-02-11 05:35:44 +0100: Memory Usage (431200K) : passiv_pin has 0 polygons
2026-02-11 05:35:44 +0100: Memory Usage (431200K) : passiv_sbump has 0 polygons
2026-02-11 05:35:44 +0100: Memory Usage (431328K) : passiv_pillar has 0 polygons
2026-02-11 05:35:44 +0100: Memory Usage (431328K) : passiv_pdl has 0 polygons
2026-02-11 05:35:44 +0100: Memory Usage (431328K) : metal2_drw has 0 polygons
2026-02-11 05:35:44 +0100: Memory Usage (431456K) : metal2_pin has 0 polygons
2026-02-11 05:35:44 +0100: Memory Usage (431456K) : metal2_mask has 0 polygons
2026-02-11 05:35:44 +0100: Memory Usage (431456K) : metal2_filler has 0 polygons
2026-02-11 05:35:44 +0100: Memory Usage (431584K) : metal2_nofill has 0 polygons
2026-02-11 05:35:44 +0100: Memory Usage (431584K) : metal2_slit has 0 polygons
2026-02-11 05:35:44 +0100: Memory Usage (431584K) : metal2_text has 0 polygons
2026-02-11 05:35:44 +0100: Memory Usage (431712K) : metal2_opc has 0 polygons
2026-02-11 05:35:44 +0100: Memory Usage (431712K) : metal2_noqrc has 0 polygons
2026-02-11 05:35:44 +0100: Memory Usage (431712K) : metal2_res has 0 polygons
2026-02-11 05:35:44 +0100: Memory Usage (431712K) : metal2_iprobe has 0 polygons
2026-02-11 05:35:44 +0100: Memory Usage (431840K) : metal2_diffprb has 0 polygons
2026-02-11 05:35:44 +0100: Memory Usage (431840K) : baspoly_drw has 0 polygons
2026-02-11 05:35:44 +0100: Memory Usage (431840K) : baspoly_pin has 0 polygons
2026-02-11 05:35:44 +0100: Memory Usage (431968K) : psd_drw has 0 polygons
2026-02-11 05:35:44 +0100: Memory Usage (431968K) : nldb_drw has 0 polygons
2026-02-11 05:35:44 +0100: Memory Usage (431968K) : digibnd_drw has 0 polygons
2026-02-11 05:35:44 +0100: Memory Usage (432096K) : via1_drw has 0 polygons
2026-02-11 05:35:44 +0100: Memory Usage (432096K) : backmetal1_drw has 0 polygons
2026-02-11 05:35:44 +0100: Memory Usage (432096K) : backmetal1_pin has 0 polygons
2026-02-11 05:35:44 +0100: Memory Usage (432224K) : backmetal1_mask has 0 polygons
2026-02-11 05:35:44 +0100: Memory Usage (432224K) : backmetal1_filler has 0 polygons
2026-02-11 05:35:44 +0100: Memory Usage (432224K) : backmetal1_nofill has 0 polygons
2026-02-11 05:35:44 +0100: Memory Usage (432352K) : backmetal1_slit has 0 polygons
2026-02-11 05:35:44 +0100: Memory Usage (432352K) : backmetal1_text has 0 polygons
2026-02-11 05:35:44 +0100: Memory Usage (432352K) : backmetal1_opc has 0 polygons
2026-02-11 05:35:44 +0100: Memory Usage (432480K) : backmetal1_noqrc has 0 polygons
2026-02-11 05:35:44 +0100: Memory Usage (432480K) : backmetal1_res has 0 polygons
2026-02-11 05:35:44 +0100: Memory Usage (432480K) : backmetal1_iprobe has 0 polygons
2026-02-11 05:35:44 +0100: Memory Usage (432608K) : backmetal1_diffprb has 0 polygons
2026-02-11 05:35:44 +0100: Memory Usage (432608K) : backpassiv_drw has 0 polygons
2026-02-11 05:35:44 +0100: Memory Usage (432608K) : res_drw has 0 polygons
2026-02-11 05:35:44 +0100: Memory Usage (432608K) : sram_drw has 0 polygons
2026-02-11 05:35:44 +0100: Memory Usage (432736K) : trans_drw has 0 polygons
2026-02-11 05:35:44 +0100: Memory Usage (432736K) : ind_drw has 0 polygons
2026-02-11 05:35:44 +0100: Memory Usage (432736K) : ind_pin has 0 polygons
2026-02-11 05:35:44 +0100: Memory Usage (432864K) : ind_text has 0 polygons
2026-02-11 05:35:44 +0100: Memory Usage (432864K) : salblock_drw has 0 polygons
2026-02-11 05:35:44 +0100: Memory Usage (432864K) : via2_drw has 0 polygons
2026-02-11 05:35:44 +0100: Memory Usage (432992K) : metal3_drw has 0 polygons
2026-02-11 05:35:44 +0100: Memory Usage (432992K) : metal3_pin has 0 polygons
2026-02-11 05:35:44 +0100: Memory Usage (432992K) : metal3_mask has 0 polygons
2026-02-11 05:35:44 +0100: Memory Usage (433120K) : metal3_filler has 0 polygons
2026-02-11 05:35:44 +0100: Memory Usage (433120K) : metal3_nofill has 0 polygons
2026-02-11 05:35:44 +0100: Memory Usage (433120K) : metal3_slit has 0 polygons
2026-02-11 05:35:44 +0100: Memory Usage (433248K) : metal3_text has 0 polygons
2026-02-11 05:35:44 +0100: Memory Usage (433248K) : metal3_opc has 0 polygons
2026-02-11 05:35:44 +0100: Memory Usage (433248K) : metal3_noqrc has 0 polygons
2026-02-11 05:35:44 +0100: Memory Usage (433376K) : metal3_res has 0 polygons
2026-02-11 05:35:44 +0100: Memory Usage (433376K) : metal3_iprobe has 0 polygons
2026-02-11 05:35:44 +0100: Memory Usage (433376K) : metal3_diffprb has 0 polygons
2026-02-11 05:35:44 +0100: Memory Usage (433504K) : nwell_drw has 0 polygons
2026-02-11 05:35:44 +0100: Memory Usage (433504K) : nwell_pin has 0 polygons
2026-02-11 05:35:44 +0100: Memory Usage (433504K) : nbulay_drw has 0 polygons
2026-02-11 05:35:44 +0100: Memory Usage (433504K) : nbulay_pin has 0 polygons
2026-02-11 05:35:44 +0100: Memory Usage (433504K) : nbulay_block has 0 polygons
2026-02-11 05:35:44 +0100: Memory Usage (433632K) : emwind_drw has 0 polygons
2026-02-11 05:35:44 +0100: Memory Usage (433632K) : emwind_opc has 0 polygons
2026-02-11 05:35:44 +0100: Memory Usage (433632K) : deepco_drw has 0 polygons
2026-02-11 05:35:44 +0100: Memory Usage (433760K) : deepco_drw has 0 polygons
2026-02-11 05:35:44 +0100: Memory Usage (434016K) : mim_drw has 168 polygons
2026-02-11 05:35:44 +0100: Memory Usage (434144K) : edgeseal_drw has 0 polygons
2026-02-11 05:35:44 +0100: Memory Usage (434144K) : edgeseal_bound has 0 polygons
2026-02-11 05:35:44 +0100: Memory Usage (434272K) : substrate_drw has 0 polygons
2026-02-11 05:35:44 +0100: Memory Usage (434272K) : substrate_text has 0 polygons
2026-02-11 05:35:44 +0100: Memory Usage (434272K) : dfpad_drw has 0 polygons
2026-02-11 05:35:44 +0100: Memory Usage (434400K) : dfpad_pillar has 0 polygons
2026-02-11 05:35:44 +0100: Memory Usage (434400K) : dfpad_sbump has 0 polygons
2026-02-11 05:35:44 +0100: Memory Usage (434528K) : thickgateox_drw has 0 polygons
2026-02-11 05:35:44 +0100: Memory Usage (434528K) : pldb_drw has 0 polygons
2026-02-11 05:35:44 +0100: Memory Usage (434528K) : pwell_drw has 0 polygons
2026-02-11 05:35:44 +0100: Memory Usage (434656K) : pwell_pin has 0 polygons
2026-02-11 05:35:44 +0100: Memory Usage (434656K) : pwell_block has 0 polygons
2026-02-11 05:35:44 +0100: Memory Usage (434784K) : ic_drw has 0 polygons
2026-02-11 05:35:44 +0100: Memory Usage (434784K) : via3_drw has 0 polygons
2026-02-11 05:35:44 +0100: Memory Usage (434912K) : metal4_drw has 0 polygons
2026-02-11 05:35:44 +0100: Memory Usage (434912K) : metal4_pin has 0 polygons
2026-02-11 05:35:44 +0100: Memory Usage (434912K) : metal4_mask has 0 polygons
2026-02-11 05:35:44 +0100: Memory Usage (434912K) : metal4_filler has 0 polygons
2026-02-11 05:35:44 +0100: Memory Usage (435040K) : metal4_nofill has 0 polygons
2026-02-11 05:35:44 +0100: Memory Usage (435040K) : metal4_slit has 0 polygons
2026-02-11 05:35:44 +0100: Memory Usage (435040K) : metal4_text has 0 polygons
2026-02-11 05:35:44 +0100: Memory Usage (435168K) : metal4_opc has 0 polygons
2026-02-11 05:35:44 +0100: Memory Usage (435168K) : metal4_noqrc has 0 polygons
2026-02-11 05:35:44 +0100: Memory Usage (435296K) : metal4_res has 0 polygons
2026-02-11 05:35:44 +0100: Memory Usage (435296K) : metal4_iprobe has 0 polygons
2026-02-11 05:35:44 +0100: Memory Usage (435296K) : metal4_diffprb has 0 polygons
2026-02-11 05:35:44 +0100: Memory Usage (435424K) : heattrans_drw has 0 polygons
2026-02-11 05:35:44 +0100: Memory Usage (435424K) : heatres_drw has 0 polygons
2026-02-11 05:35:44 +0100: Memory Usage (435552K) : pempoly_drw has 0 polygons
2026-02-11 05:35:44 +0100: Memory Usage (435552K) : fbe_drw has 0 polygons
2026-02-11 05:35:44 +0100: Memory Usage (435680K) : empoly_drw has 0 polygons
2026-02-11 05:35:44 +0100: Memory Usage (435680K) : ldmos_drw has 0 polygons
2026-02-11 05:35:44 +0100: Memory Usage (435808K) : pbiwind_drw has 0 polygons
2026-02-11 05:35:44 +0100: Memory Usage (435808K) : digisub_drw has 0 polygons
2026-02-11 05:35:44 +0100: Memory Usage (435808K) : nodrc_drw has 0 polygons
2026-02-11 05:35:44 +0100: Memory Usage (435936K) : text_drw has 0 polygons
2026-02-11 05:35:44 +0100: Memory Usage (435936K) : via4_drw has 0 polygons
2026-02-11 05:35:44 +0100: Memory Usage (436064K) : metal5_drw has 225 polygons
2026-02-11 05:35:44 +0100: Memory Usage (436064K) : metal5_pin has 8 polygons
2026-02-11 05:35:44 +0100: Memory Usage (436192K) : metal5_mask has 0 polygons
2026-02-11 05:35:44 +0100: Memory Usage (436192K) : metal5_filler has 0 polygons
2026-02-11 05:35:44 +0100: Memory Usage (436192K) : metal5_nofill has 0 polygons
2026-02-11 05:35:44 +0100: Memory Usage (436192K) : metal5_slit has 0 polygons
2026-02-11 05:35:44 +0100: Memory Usage (436320K) : metal5_text has 8 polygons
2026-02-11 05:35:44 +0100: Memory Usage (436320K) : metal5_opc has 0 polygons
2026-02-11 05:35:44 +0100: Memory Usage (436320K) : metal5_noqrc has 0 polygons
2026-02-11 05:35:44 +0100: Memory Usage (436448K) : metal5_res has 0 polygons
2026-02-11 05:35:44 +0100: Memory Usage (436448K) : metal5_iprobe has 0 polygons
2026-02-11 05:35:44 +0100: Memory Usage (436448K) : metal5_diffprb has 0 polygons
2026-02-11 05:35:44 +0100: Memory Usage (436576K) : radhard_drw has 0 polygons
2026-02-11 05:35:44 +0100: Memory Usage (436576K) : memcap_drw has 0 polygons
2026-02-11 05:35:44 +0100: Memory Usage (436704K) : varicap_drw has 0 polygons
2026-02-11 05:35:44 +0100: Memory Usage (436704K) : flash_drw has 0 polygons
2026-02-11 05:35:44 +0100: Memory Usage (436832K) : intbondvia_drw has 0 polygons
2026-02-11 05:35:44 +0100: Memory Usage (436832K) : intbondmet_drw has 0 polygons
2026-02-11 05:35:44 +0100: Memory Usage (436832K) : devbondvia_drw has 0 polygons
2026-02-11 05:35:44 +0100: Memory Usage (436960K) : devbondmet_drw has 0 polygons
2026-02-11 05:35:44 +0100: Memory Usage (436960K) : devtrench_drw has 0 polygons
2026-02-11 05:35:44 +0100: Memory Usage (437088K) : redist_drw has 0 polygons
2026-02-11 05:35:44 +0100: Memory Usage (437088K) : graphbot_drw has 0 polygons
2026-02-11 05:35:44 +0100: Memory Usage (437088K) : graphtop_drw has 0 polygons
2026-02-11 05:35:44 +0100: Memory Usage (437216K) : antvia1_drw has 0 polygons
2026-02-11 05:35:44 +0100: Memory Usage (437216K) : antmetal2_drw has 0 polygons
2026-02-11 05:35:44 +0100: Memory Usage (437344K) : graphcont_drw has 0 polygons
2026-02-11 05:35:44 +0100: Memory Usage (437344K) : siwg_drw has 0 polygons
2026-02-11 05:35:44 +0100: Memory Usage (437344K) : siwg_filler has 0 polygons
2026-02-11 05:35:44 +0100: Memory Usage (437344K) : siwg_nofill has 0 polygons
2026-02-11 05:35:44 +0100: Memory Usage (437472K) : sigrating_drw has 0 polygons
2026-02-11 05:35:44 +0100: Memory Usage (437472K) : singrating_drw has 0 polygons
2026-02-11 05:35:44 +0100: Memory Usage (437472K) : graphpas_drw has 0 polygons
2026-02-11 05:35:44 +0100: Memory Usage (437600K) : emwind3_drw has 0 polygons
2026-02-11 05:35:44 +0100: Memory Usage (437600K) : emwihv3_drw has 0 polygons
2026-02-11 05:35:44 +0100: Memory Usage (437728K) : redbulay_drw has 0 polygons
2026-02-11 05:35:44 +0100: Memory Usage (437728K) : smos_drw has 0 polygons
2026-02-11 05:35:44 +0100: Memory Usage (437856K) : graphpad_drw has 0 polygons
2026-02-11 05:35:44 +0100: Memory Usage (437856K) : polimide_drw has 0 polygons
2026-02-11 05:35:44 +0100: Memory Usage (437856K) : polimide_pin has 0 polygons
2026-02-11 05:35:44 +0100: Memory Usage (437984K) : recog_drw has 0 polygons
2026-02-11 05:35:44 +0100: Memory Usage (437984K) : recog_pin has 0 polygons
2026-02-11 05:35:44 +0100: Memory Usage (438112K) : recog_esd has 0 polygons
2026-02-11 05:35:44 +0100: Memory Usage (438112K) : recog_diode has 0 polygons
2026-02-11 05:35:44 +0100: Memory Usage (438240K) : recog_tsv has 0 polygons
2026-02-11 05:35:44 +0100: Memory Usage (438240K) : recog_iprobe has 0 polygons
2026-02-11 05:35:44 +0100: Memory Usage (438240K) : recog_diffprb has 0 polygons
2026-02-11 05:35:44 +0100: Memory Usage (438368K) : recog_pillar has 0 polygons
2026-02-11 05:35:44 +0100: Memory Usage (438368K) : recog_sbump has 0 polygons
2026-02-11 05:35:44 +0100: Memory Usage (438496K) : recog_otp has 0 polygons
2026-02-11 05:35:44 +0100: Memory Usage (438496K) : recog_pdiode has 0 polygons
2026-02-11 05:35:44 +0100: Memory Usage (438496K) : recog_mom has 0 polygons
2026-02-11 05:35:44 +0100: Memory Usage (438624K) : recog_pcm has 0 polygons
2026-02-11 05:35:44 +0100: Memory Usage (438624K) : colopen_drw has 0 polygons
2026-02-11 05:35:44 +0100: Memory Usage (438752K) : graphmetal1_drw has 0 polygons
2026-02-11 05:35:44 +0100: Memory Usage (438752K) : graphmetal1_filler has 0 polygons
2026-02-11 05:35:44 +0100: Memory Usage (438880K) : graphmetal1_nofill has 0 polygons
2026-02-11 05:35:44 +0100: Memory Usage (438880K) : graphmetal1_slit has 0 polygons
2026-02-11 05:35:44 +0100: Memory Usage (438880K) : graphmetal1_opc has 0 polygons
2026-02-11 05:35:44 +0100: Memory Usage (439008K) : graphmet1l_drw has 0 polygons
2026-02-11 05:35:44 +0100: Memory Usage (439008K) : graphmet1l_filler has 0 polygons
2026-02-11 05:35:44 +0100: Memory Usage (439136K) : graphmet1l_nofill has 0 polygons
2026-02-11 05:35:44 +0100: Memory Usage (439136K) : graphmet1l_slit has 0 polygons
2026-02-11 05:35:44 +0100: Memory Usage (439136K) : graphmet1l_opc has 0 polygons
2026-02-11 05:35:44 +0100: Memory Usage (439264K) : extblock_drw has 0 polygons
2026-02-11 05:35:44 +0100: Memory Usage (439264K) : nldd_drw has 0 polygons
2026-02-11 05:35:44 +0100: Memory Usage (439392K) : pldd_drw has 0 polygons
2026-02-11 05:35:44 +0100: Memory Usage (439392K) : next_drw has 0 polygons
2026-02-11 05:35:44 +0100: Memory Usage (439520K) : pext_drw has 0 polygons
2026-02-11 05:35:44 +0100: Memory Usage (439520K) : nexthv_drw has 0 polygons
2026-02-11 05:35:44 +0100: Memory Usage (439520K) : pexthv_drw has 0 polygons
2026-02-11 05:35:44 +0100: Memory Usage (439648K) : graphgate_drw has 0 polygons
2026-02-11 05:35:44 +0100: Memory Usage (439648K) : sinwg_drw has 0 polygons
2026-02-11 05:35:44 +0100: Memory Usage (439776K) : sinwg_filler has 0 polygons
2026-02-11 05:35:44 +0100: Memory Usage (439776K) : sinwg_nofill has 0 polygons
2026-02-11 05:35:44 +0100: Memory Usage (439904K) : mempad_drw has 0 polygons
2026-02-11 05:35:44 +0100: Memory Usage (439904K) : topvia1_drw has 0 polygons
2026-02-11 05:35:44 +0100: Memory Usage (439904K) : topmetal1_drw has 202 polygons
2026-02-11 05:35:44 +0100: Memory Usage (440032K) : topmetal1_pin has 1 polygons
2026-02-11 05:35:44 +0100: Memory Usage (440032K) : topmetal1_mask has 0 polygons
2026-02-11 05:35:44 +0100: Memory Usage (440160K) : topmetal1_filler has 0 polygons
2026-02-11 05:35:44 +0100: Memory Usage (440160K) : topmetal1_nofill has 0 polygons
2026-02-11 05:35:44 +0100: Memory Usage (440160K) : topmetal1_slit has 0 polygons
2026-02-11 05:35:44 +0100: Memory Usage (440288K) : topmetal1_text has 1 polygons
2026-02-11 05:35:44 +0100: Memory Usage (440288K) : topmetal1_noqrc has 0 polygons
2026-02-11 05:35:44 +0100: Memory Usage (440416K) : topmetal1_res has 0 polygons
2026-02-11 05:35:44 +0100: Memory Usage (440416K) : topmetal1_iprobe has 0 polygons
2026-02-11 05:35:44 +0100: Memory Usage (440544K) : topmetal1_diffprb has 0 polygons
2026-02-11 05:35:44 +0100: Memory Usage (440544K) : inldpwl_drw has 0 polygons
2026-02-11 05:35:44 +0100: Memory Usage (440544K) : polyres_drw has 0 polygons
2026-02-11 05:35:44 +0100: Memory Usage (440672K) : polyres_pin has 0 polygons
2026-02-11 05:35:44 +0100: Memory Usage (440672K) : vmim_drw has 2688 polygons
2026-02-11 05:35:44 +0100: Memory Usage (440800K) : nbulaycut_drw has 0 polygons
2026-02-11 05:35:44 +0100: Memory Usage (440800K) : antmetal1_drw has 0 polygons
2026-02-11 05:35:44 +0100: Memory Usage (440928K) : topvia2_drw has 0 polygons
2026-02-11 05:35:44 +0100: Memory Usage (440928K) : topmetal2_drw has 0 polygons
2026-02-11 05:35:44 +0100: Memory Usage (440928K) : topmetal2_pin has 0 polygons
2026-02-11 05:35:44 +0100: Memory Usage (441056K) : topmetal2_mask has 0 polygons
2026-02-11 05:35:44 +0100: Memory Usage (441056K) : topmetal2_filler has 0 polygons
2026-02-11 05:35:44 +0100: Memory Usage (441184K) : topmetal2_nofill has 0 polygons
2026-02-11 05:35:44 +0100: Memory Usage (441184K) : topmetal2_slit has 0 polygons
2026-02-11 05:35:44 +0100: Memory Usage (441184K) : topmetal2_text has 0 polygons
2026-02-11 05:35:44 +0100: Memory Usage (441312K) : topmetal2_noqrc has 0 polygons
2026-02-11 05:35:44 +0100: Memory Usage (441312K) : topmetal2_res has 0 polygons
2026-02-11 05:35:44 +0100: Memory Usage (441440K) : topmetal2_iprobe has 0 polygons
2026-02-11 05:35:44 +0100: Memory Usage (441440K) : topmetal2_diffprb has 0 polygons
2026-02-11 05:35:44 +0100: Memory Usage (441440K) : snsring_drw has 0 polygons
2026-02-11 05:35:44 +0100: Memory Usage (441568K) : sensor_drw has 0 polygons
2026-02-11 05:35:44 +0100: Memory Usage (441568K) : snsarms_drw has 0 polygons
2026-02-11 05:35:44 +0100: Memory Usage (441696K) : snscmosvia_drw has 0 polygons
2026-02-11 05:35:44 +0100: Memory Usage (441696K) : colwind_drw has 0 polygons
2026-02-11 05:35:44 +0100: Memory Usage (441824K) : flm_drw has 0 polygons
2026-02-11 05:35:44 +0100: Memory Usage (441824K) : hafniumox_drw has 0 polygons
2026-02-11 05:35:44 +0100: Memory Usage (441824K) : memvia_drw has 0 polygons
2026-02-11 05:35:44 +0100: Memory Usage (441952K) : thinfilmres_drw has 0 polygons
2026-02-11 05:35:44 +0100: Memory Usage (441952K) : rfmem_drw has 0 polygons
2026-02-11 05:35:44 +0100: Memory Usage (442080K) : norcx_drw has 0 polygons
2026-02-11 05:35:44 +0100: Memory Usage (442080K) : norcx_m2m3 has 0 polygons
2026-02-11 05:35:44 +0100: Memory Usage (442208K) : norcx_m2m4 has 0 polygons
2026-02-11 05:35:44 +0100: Memory Usage (442208K) : norcx_m2m5 has 0 polygons
2026-02-11 05:35:44 +0100: Memory Usage (442336K) : norcx_m2tm1 has 0 polygons
2026-02-11 05:35:44 +0100: Memory Usage (442336K) : norcx_m2tm2 has 0 polygons
2026-02-11 05:35:44 +0100: Memory Usage (442336K) : norcx_m3m4 has 0 polygons
2026-02-11 05:35:44 +0100: Memory Usage (442336K) : norcx_m3m5 has 0 polygons
2026-02-11 05:35:44 +0100: Memory Usage (442336K) : norcx_m3tm1 has 0 polygons
2026-02-11 05:35:44 +0100: Memory Usage (442336K) : norcx_m3tm2 has 0 polygons
2026-02-11 05:35:44 +0100: Memory Usage (442336K) : norcx_m4m5 has 0 polygons
2026-02-11 05:35:44 +0100: Memory Usage (442336K) : norcx_m4tm1 has 0 polygons
2026-02-11 05:35:44 +0100: Memory Usage (442464K) : norcx_m4tm2 has 0 polygons
2026-02-11 05:35:44 +0100: Memory Usage (442464K) : norcx_m5tm1 has 0 polygons
2026-02-11 05:35:44 +0100: Memory Usage (442592K) : norcx_m5tm2 has 0 polygons
2026-02-11 05:35:44 +0100: Memory Usage (442592K) : norcx_tm1tm2 has 0 polygons
2026-02-11 05:35:44 +0100: Memory Usage (442720K) : norcx_m1sub has 0 polygons
2026-02-11 05:35:44 +0100: Memory Usage (442720K) : norcx_m2sub has 0 polygons
2026-02-11 05:35:44 +0100: Memory Usage (442720K) : norcx_m3sub has 0 polygons
2026-02-11 05:35:44 +0100: Memory Usage (442848K) : norcx_m4sub has 0 polygons
2026-02-11 05:35:44 +0100: Memory Usage (442848K) : norcx_m5sub has 0 polygons
2026-02-11 05:35:44 +0100: Memory Usage (442976K) : norcx_tm1sub has 0 polygons
2026-02-11 05:35:44 +0100: Memory Usage (442976K) : norcx_tm2sub has 0 polygons
2026-02-11 05:35:44 +0100: Memory Usage (442976K) : snsbotvia_drw has 0 polygons
2026-02-11 05:35:44 +0100: Memory Usage (443104K) : snstopvia_drw has 0 polygons
2026-02-11 05:35:44 +0100: Memory Usage (443104K) : deepvia_drw has 0 polygons
2026-02-11 05:35:44 +0100: Memory Usage (443232K) : fgetch_drw has 0 polygons
2026-02-11 05:35:44 +0100: Memory Usage (443232K) : ctrgat_drw has 0 polygons
2026-02-11 05:35:44 +0100: Memory Usage (443360K) : fgimp_drw has 0 polygons
2026-02-11 05:35:44 +0100: Memory Usage (443360K) : emwihv_drw has 0 polygons
2026-02-11 05:35:44 +0100: Memory Usage (443360K) : lbe_drw has 0 polygons
2026-02-11 05:35:44 +0100: Memory Usage (443488K) : alcustop_drw has 0 polygons
2026-02-11 05:35:44 +0100: Memory Usage (443488K) : nometfiller_drw has 0 polygons
2026-02-11 05:35:44 +0100: Memory Usage (443488K) : prboundary_drw has 0 polygons
2026-02-11 05:35:44 +0100: Memory Usage (443616K) : exchange0_drw has 0 polygons
2026-02-11 05:35:44 +0100: Memory Usage (443616K) : exchange0_pin has 0 polygons
2026-02-11 05:35:44 +0100: Memory Usage (443616K) : exchange0_text has 0 polygons
2026-02-11 05:35:44 +0100: Memory Usage (443744K) : exchange1_drw has 0 polygons
2026-02-11 05:35:44 +0100: Memory Usage (443744K) : exchange1_pin has 0 polygons
2026-02-11 05:35:44 +0100: Memory Usage (443872K) : exchange1_text has 0 polygons
2026-02-11 05:35:44 +0100: Memory Usage (443872K) : exchange2_drw has 0 polygons
2026-02-11 05:35:44 +0100: Memory Usage (444000K) : exchange2_pin has 0 polygons
2026-02-11 05:35:44 +0100: Memory Usage (444000K) : exchange2_text has 0 polygons
2026-02-11 05:35:44 +0100: Memory Usage (444000K) : exchange3_drw has 0 polygons
2026-02-11 05:35:44 +0100: Memory Usage (444128K) : exchange3_pin has 0 polygons
2026-02-11 05:35:44 +0100: Memory Usage (444128K) : exchange3_text has 0 polygons
2026-02-11 05:35:44 +0100: Memory Usage (444256K) : exchange4_drw has 0 polygons
2026-02-11 05:35:44 +0100: Memory Usage (444256K) : exchange4_pin has 0 polygons
2026-02-11 05:35:44 +0100: Memory Usage (444256K) : exchange4_text has 0 polygons
2026-02-11 05:35:44 +0100: Memory Usage (444384K) : isonwell_drw has 0 polygons
2026-02-11 05:35:44 +0100: Memory Usage (444384K) : Total no. of polygons in the design is 3301
2026-02-11 05:35:44 +0100: Memory Usage (444384K) : Loaded TECH DRC rules values from /opt/pdks/ihp-sg13g2/libs.tech/klayout/python/sg13g2_pycell_lib/sg13g2_tech_mod.json
2026-02-11 05:35:44 +0100: Memory Usage (444384K) : Loaded default DRC rules values from /opt/pdks/ihp-sg13g2/libs.tech/klayout/tech/drc/rule_decks/sg13g2_tech_default.json
2026-02-11 05:35:44 +0100: Memory Usage (444384K) : The following rules values were missing in tech json and default values were used:
2026-02-11 05:35:44 +0100: Memory Usage (444384K) :   - Cnt_c_digibnd
2026-02-11 05:35:44 +0100: Memory Usage (445664K) : Total area of the design is 9059.3904 um^2.
2026-02-11 05:35:44 +0100: Memory Usage (445664K) : The design dimensions are 91.04 µm * 99.51 µm.
2026-02-11 05:35:44 +0100: Memory Usage (445664K) : Starting general IHP-SG13G2 derivations.
2026-02-11 05:35:44 +0100: Memory Usage (445664K) : Starting Pwell derivations
2026-02-11 05:35:44 +0100: Memory Usage (446176K) : Starting n-Activ derivations
2026-02-11 05:35:44 +0100: Memory Usage (446304K) : Starting p-Activ derivations
2026-02-11 05:35:44 +0100: Memory Usage (446304K) : Starting ptap derivations
2026-02-11 05:35:44 +0100: Memory Usage (446432K) : Starting ntap derivations
2026-02-11 05:35:44 +0100: Memory Usage (446432K) : Starting pact FET derivations
2026-02-11 05:35:44 +0100: Memory Usage (446560K) : Starting nact FET derivations
2026-02-11 05:35:44 +0100: Memory Usage (446560K) : Starting Gate derivations
2026-02-11 05:35:44 +0100: Memory Usage (446688K) : Starting cont/contbar general derivations
2026-02-11 05:35:44 +0100: Memory Usage (446816K) : Starting pad general derivations
2026-02-11 05:35:44 +0100: Memory Usage (447072K) : Starting IHP-SG13G2 DRC connectivity related derivations.
2026-02-11 05:35:44 +0100: Memory Usage (449888K) : Starting IHP-SG13G2 DRC connectivity setup
2026-02-11 05:35:44 +0100: Memory Usage (450400K) : Starting IHP-SG13G2 DRC rules.
2026-02-11 05:35:44 +0100: Memory Usage (450400K) : Running all FEOL rules
2026-02-11 05:35:44 +0100: Memory Usage (450400K) : Running all BEOL rules
2026-02-11 05:35:44 +0100: Memory Usage (450400K) : Running all PIN rules
2026-02-11 05:35:44 +0100: Memory Usage (450400K) : Running all FORBIDDEN rules
2026-02-11 05:35:44 +0100: Memory Usage (450400K) : Starting 5.1 NWell table
2026-02-11 05:35:44 +0100: Memory Usage (450400K) : Executing rule NW.b
2026-02-11 05:35:44 +0100: Memory Usage (450784K) : Executing rule NW.b1
2026-02-11 05:35:44 +0100: Memory Usage (451040K) : Starting 5.2 PWell:block
2026-02-11 05:35:44 +0100: Memory Usage (451040K) : Executing rule PWB.e
2026-02-11 05:35:44 +0100: Memory Usage (451168K) : Executing rule PWB.e1
2026-02-11 05:35:44 +0100: Memory Usage (451296K) : Executing rule PWB.f
2026-02-11 05:35:44 +0100: Memory Usage (451424K) : Executing rule PWB.f1
2026-02-11 05:35:44 +0100: Memory Usage (452064K) : Starting 5.3 nBuLay table
2026-02-11 05:35:44 +0100: Memory Usage (452192K) : Executing rule NBL.b
2026-02-11 05:35:44 +0100: Memory Usage (452320K) : Executing rule NBL.c
2026-02-11 05:35:44 +0100: Memory Usage (452576K) : Executing rule NBL.d
2026-02-11 05:35:44 +0100: Memory Usage (452832K) : Executing rule NBL.e
2026-02-11 05:35:44 +0100: Memory Usage (452960K) : Executing rule NBL.f
2026-02-11 05:35:44 +0100: Memory Usage (452960K) : Starting 5.5. Activ table
2026-02-11 05:35:44 +0100: Memory Usage (452960K) : Executing rule Act.a
2026-02-11 05:35:44 +0100: Memory Usage (453088K) : Executing rule Act.b
2026-02-11 05:35:44 +0100: Memory Usage (453216K) : Starting 5.6 Activ:filler table
2026-02-11 05:35:44 +0100: Memory Usage (453344K) : Executing rule AFil.c1
2026-02-11 05:35:44 +0100: Memory Usage (453472K) : Executing rule AFil.c
2026-02-11 05:35:44 +0100: Memory Usage (453472K) : Executing rule AFil.d
2026-02-11 05:35:44 +0100: Memory Usage (453856K) : Executing rule AFil.e
2026-02-11 05:35:44 +0100: Memory Usage (453856K) : Executing rule AFil.j
2026-02-11 05:35:44 +0100: Memory Usage (454240K) : Starting 5.7. ThickGateOx table
2026-02-11 05:35:44 +0100: Memory Usage (454240K) : Executing rule TGO.f
2026-02-11 05:35:44 +0100: Memory Usage (454368K) : Starting 5.8. GatPoly table
2026-02-11 05:35:44 +0100: Memory Usage (454368K) : Executing rule Gat.a
2026-02-11 05:35:44 +0100: Memory Usage (454368K) : Executing rule Gat.b
2026-02-11 05:35:44 +0100: Memory Usage (454496K) : Executing rule Gat.d
2026-02-11 05:35:44 +0100: Memory Usage (454624K) : Executing rule Gat.a1
2026-02-11 05:35:44 +0100: Memory Usage (455136K) : Executing rule Gat.a2
2026-02-11 05:35:44 +0100: Memory Usage (455392K) : Executing rule Gat.g
2026-02-11 05:35:44 +0100: Memory Usage (455648K) : Starting 5.9 GatPoly:filler
2026-02-11 05:35:44 +0100: Memory Usage (455904K) : Executing rule GFil.d
2026-02-11 05:35:44 +0100: Memory Usage (456032K) : Executing rule GFil.e
2026-02-11 05:35:44 +0100: Memory Usage (456160K) : Executing rule GFil.i
2026-02-11 05:35:44 +0100: Memory Usage (456160K) : Starting 5.10 pSD table
2026-02-11 05:35:44 +0100: Memory Usage (456160K) : Executing rule pSD.c1
2026-02-11 05:35:44 +0100: Memory Usage (456416K) : Starting 5.14. Cont table
2026-02-11 05:35:44 +0100: Memory Usage (456416K) : Executing rule Cnt.a
2026-02-11 05:35:44 +0100: Memory Usage (456544K) : Executing rule Cnt.b
2026-02-11 05:35:44 +0100: Memory Usage (456672K) : Executing rule Cnt.c
2026-02-11 05:35:44 +0100: Memory Usage (456800K) : Executing rule Cnt.c
2026-02-11 05:35:44 +0100: Memory Usage (456928K) : Executing rule Cnt.d
2026-02-11 05:35:44 +0100: Memory Usage (457056K) : Executing rule Cnt.e
2026-02-11 05:35:44 +0100: Memory Usage (457184K) : Executing rule Cnt.g1
2026-02-11 05:35:44 +0100: Memory Usage (457312K) : Executing rule Cnt.g2
2026-02-11 05:35:44 +0100: Memory Usage (457568K) : Starting 5.15. ContBar table
2026-02-11 05:35:44 +0100: Memory Usage (457568K) : Executing rule CntB.b1
2026-02-11 05:35:44 +0100: Memory Usage (457568K) : Executing rule CntB.h1
2026-02-11 05:35:44 +0100: Memory Usage (457696K) : Starting 6.1.3 NPN Substrate-Tie table
2026-02-11 05:35:44 +0100: Memory Usage (457824K) : Executing rule npn13G2.bR 
2026-02-11 05:35:44 +0100: Memory Usage (458080K) : Executing rule npn13G2L.cR 
2026-02-11 05:35:44 +0100: Memory Usage (458208K) : Executing rule npn13G2V.cR 
2026-02-11 05:35:44 +0100: Memory Usage (458336K) : Starting 6.7 Schottky diode table
2026-02-11 05:35:44 +0100: Memory Usage (458336K) : Executing rule Sdiod.d
2026-02-11 05:35:44 +0100: Memory Usage (458336K) : Executing rule Sdiod.e
2026-02-11 05:35:44 +0100: Memory Usage (458464K) : Starting 7.2 Latch-up table
2026-02-11 05:35:44 +0100: Memory Usage (458464K) : Executing rule LU.b
2026-02-11 05:35:44 +0100: Memory Usage (460256K) : Starting 5.16. Metal1 table
2026-02-11 05:35:44 +0100: Memory Usage (460256K) : Executing rule M1.a
2026-02-11 05:35:44 +0100: Memory Usage (460384K) : Executing rule M1.b
2026-02-11 05:35:44 +0100: Memory Usage (460512K) : Executing rule M1.e
2026-02-11 05:35:44 +0100: Memory Usage (460640K) : Executing rule M1.f
2026-02-11 05:35:44 +0100: Memory Usage (460640K) : Executing rule M1.g
2026-02-11 05:35:44 +0100: Memory Usage (460640K) : Executing rule M1.i
2026-02-11 05:35:44 +0100: Memory Usage (460640K) : Starting 5.17 Metaln table
2026-02-11 05:35:44 +0100: Memory Usage (460640K) : Executing rule M2.a
2026-02-11 05:35:44 +0100: Memory Usage (460640K) : Executing rule M2.b
2026-02-11 05:35:44 +0100: Memory Usage (460640K) : Executing rule M2.e
2026-02-11 05:35:44 +0100: Memory Usage (460640K) : Executing rule M2.f
2026-02-11 05:35:44 +0100: Memory Usage (460640K) : Executing rule M2.g
2026-02-11 05:35:44 +0100: Memory Usage (460640K) : Executing rule M2.i
2026-02-11 05:35:44 +0100: Memory Usage (460640K) : Executing rule M3.a
2026-02-11 05:35:44 +0100: Memory Usage (460640K) : Executing rule M3.b
2026-02-11 05:35:44 +0100: Memory Usage (460640K) : Executing rule M3.e
2026-02-11 05:35:44 +0100: Memory Usage (460640K) : Executing rule M3.f
2026-02-11 05:35:44 +0100: Memory Usage (460640K) : Executing rule M3.g
2026-02-11 05:35:44 +0100: Memory Usage (460640K) : Executing rule M3.i
2026-02-11 05:35:44 +0100: Memory Usage (460640K) : Executing rule M4.a
2026-02-11 05:35:44 +0100: Memory Usage (460640K) : Executing rule M4.b
2026-02-11 05:35:44 +0100: Memory Usage (460640K) : Executing rule M4.e
2026-02-11 05:35:44 +0100: Memory Usage (460640K) : Executing rule M4.f
2026-02-11 05:35:44 +0100: Memory Usage (460640K) : Executing rule M4.g
2026-02-11 05:35:44 +0100: Memory Usage (460640K) : Executing rule M4.i
2026-02-11 05:35:44 +0100: Memory Usage (460640K) : Executing rule M5.a
2026-02-11 05:35:44 +0100: Memory Usage (460768K) : Executing rule M5.b
2026-02-11 05:35:44 +0100: Memory Usage (461536K) : Executing rule M5.e
2026-02-11 05:35:44 +0100: Memory Usage (461920K) : Executing rule M5.f
2026-02-11 05:35:44 +0100: Memory Usage (461920K) : Executing rule M5.g
2026-02-11 05:35:44 +0100: Memory Usage (461920K) : Executing rule M5.i
2026-02-11 05:35:44 +0100: Memory Usage (461920K) : Starting 5.18 Metaln:filler table
2026-02-11 05:35:44 +0100: Memory Usage (461920K) : Executing rule M1Fil.c
2026-02-11 05:35:44 +0100: Memory Usage (461920K) : Executing rule M1Fil.a2
2026-02-11 05:35:44 +0100: Memory Usage (461920K) : Executing rule M2Fil.c
2026-02-11 05:35:44 +0100: Memory Usage (461920K) : Executing rule M2Fil.a2
2026-02-11 05:35:44 +0100: Memory Usage (461920K) : Executing rule M3Fil.c
2026-02-11 05:35:44 +0100: Memory Usage (461920K) : Executing rule M3Fil.a2
2026-02-11 05:35:44 +0100: Memory Usage (461920K) : Executing rule M4Fil.c
2026-02-11 05:35:44 +0100: Memory Usage (461920K) : Executing rule M4Fil.a2
2026-02-11 05:35:44 +0100: Memory Usage (461920K) : Executing rule M5Fil.c
2026-02-11 05:35:44 +0100: Memory Usage (461920K) : Executing rule M5Fil.a2
2026-02-11 05:35:44 +0100: Memory Usage (461920K) : Starting 5.19. Via1 table
2026-02-11 05:35:44 +0100: Memory Usage (461920K) : Starting 5.19. Via1 table derivations
2026-02-11 05:35:44 +0100: Memory Usage (461920K) : Executing rule V1.a
2026-02-11 05:35:44 +0100: Memory Usage (461920K) : Executing rule V1.b
2026-02-11 05:35:44 +0100: Memory Usage (461920K) : Executing rule V1.c
2026-02-11 05:35:44 +0100: Memory Usage (461920K) : Starting 5.20. Vian table
2026-02-11 05:35:44 +0100: Memory Usage (461920K) : Executing rule V2.a
2026-02-11 05:35:44 +0100: Memory Usage (461920K) : Executing rule V2.b
2026-02-11 05:35:44 +0100: Memory Usage (461920K) : Executing rule V2.c
2026-02-11 05:35:44 +0100: Memory Usage (461920K) : Executing rule V3.a
2026-02-11 05:35:44 +0100: Memory Usage (461920K) : Executing rule V3.b
2026-02-11 05:35:44 +0100: Memory Usage (461920K) : Executing rule V3.c
2026-02-11 05:35:44 +0100: Memory Usage (461920K) : Executing rule V4.a
2026-02-11 05:35:44 +0100: Memory Usage (461920K) : Executing rule V4.b
2026-02-11 05:35:44 +0100: Memory Usage (461920K) : Executing rule V4.c
2026-02-11 05:35:44 +0100: Memory Usage (461920K) : Starting 5.21. TopVia1 table
2026-02-11 05:35:44 +0100: Memory Usage (461920K) : Executing rule TV1.a
2026-02-11 05:35:44 +0100: Memory Usage (461920K) : Executing rule TV1.b
2026-02-11 05:35:44 +0100: Memory Usage (461920K) : Executing rule TV1.c
2026-02-11 05:35:44 +0100: Memory Usage (461920K) : Executing rule TV1.d
2026-02-11 05:35:44 +0100: Memory Usage (461920K) : Starting 5.22. TopMetal1 table
2026-02-11 05:35:44 +0100: Memory Usage (461920K) : Executing rule TM1.a
2026-02-11 05:35:44 +0100: Memory Usage (461920K) : Executing rule TM1.b
2026-02-11 05:35:44 +0100: Memory Usage (461920K) : Starting 5.23 TopMetal1:filler table
2026-02-11 05:35:44 +0100: Memory Usage (461920K) : Executing rule TM1Fil.c
2026-02-11 05:35:44 +0100: Memory Usage (461920K) : Executing rule TM1Fil.a1
2026-02-11 05:35:44 +0100: Memory Usage (461920K) : Starting 5.24. TopVia2 table
2026-02-11 05:35:44 +0100: Memory Usage (461920K) : Executing rule TV2.a
2026-02-11 05:35:44 +0100: Memory Usage (461920K) : Executing rule TV2.b
2026-02-11 05:35:44 +0100: Memory Usage (461920K) : Executing rule TV2.c
2026-02-11 05:35:44 +0100: Memory Usage (461920K) : Executing rule TV2.d
2026-02-11 05:35:44 +0100: Memory Usage (461920K) : Starting 5.25. TopMetal2 table
2026-02-11 05:35:44 +0100: Memory Usage (461920K) : Executing rule TM2.a
2026-02-11 05:35:44 +0100: Memory Usage (461920K) : Executing rule TM2.b
2026-02-11 05:35:44 +0100: Memory Usage (461920K) : Executing rule TM2.bR
2026-02-11 05:35:44 +0100: Memory Usage (461920K) : Starting 5.26 TopMetal2:filler table
2026-02-11 05:35:44 +0100: Memory Usage (461920K) : Executing rule TM2Fil.c
2026-02-11 05:35:44 +0100: Memory Usage (461920K) : Executing rule TM2Fil.a1
2026-02-11 05:35:44 +0100: Memory Usage (461920K) : Starting 5.27. Passiv table
2026-02-11 05:35:44 +0100: Memory Usage (461920K) : Executing rule Pas.a
2026-02-11 05:35:44 +0100: Memory Usage (461920K) : Executing rule Pas.b
2026-02-11 05:35:44 +0100: Memory Usage (461920K) : Executing rule Pas.c
2026-02-11 05:35:44 +0100: Memory Usage (461920K) : Starting 6.9.2 Copper Pillar table
2026-02-11 05:35:44 +0100: Memory Usage (461920K) : Executing rule Padc.a
2026-02-11 05:35:44 +0100: Memory Usage (461920K) : Executing rule Padc.b
2026-02-11 05:35:44 +0100: Memory Usage (461920K) : Executing rule Padc.c
2026-02-11 05:35:44 +0100: Memory Usage (461920K) : Executing rule Padb.f
2026-02-11 05:35:44 +0100: Memory Usage (461920K) : Starting 6.9.1 Solder Bump
2026-02-11 05:35:44 +0100: Memory Usage (461920K) : Executing rule Padb.a
2026-02-11 05:35:44 +0100: Memory Usage (461920K) : Executing rule Padb.b
2026-02-11 05:35:44 +0100: Memory Usage (461920K) : Executing rule Padb.c
2026-02-11 05:35:44 +0100: Memory Usage (461920K) : Executing rule Padb.f
2026-02-11 05:35:44 +0100: Memory Usage (461920K) : Executing rule Padb.d
2026-02-11 05:35:44 +0100: Memory Usage (461920K) : Starting 6.10 Sealring table
2026-02-11 05:35:44 +0100: Memory Usage (461920K) : Executing rule Seal.l
2026-02-11 05:35:44 +0100: Memory Usage (461920K) : Executing rule Seal.n
2026-02-11 05:35:44 +0100: Memory Usage (461920K) : Executing rule seal.b_metal1
2026-02-11 05:35:44 +0100: Memory Usage (461920K) : Executing rule seal.b_metal2
2026-02-11 05:35:44 +0100: Memory Usage (461920K) : Executing rule seal.b_metal3
2026-02-11 05:35:44 +0100: Memory Usage (461920K) : Executing rule seal.b_metal4
2026-02-11 05:35:44 +0100: Memory Usage (461920K) : Executing rule seal.b_metal5
2026-02-11 05:35:44 +0100: Memory Usage (461920K) : Executing rule seal.b_topmetal1
2026-02-11 05:35:44 +0100: Memory Usage (461920K) : Executing rule seal.b_topmetal2
2026-02-11 05:35:44 +0100: Memory Usage (461920K) : Executing rule seal.b_activ
2026-02-11 05:35:44 +0100: Memory Usage (461920K) : Executing rule seal.b_psd
2026-02-11 05:35:44 +0100: Memory Usage (461920K) : Executing rule Seal.k
2026-02-11 05:35:44 +0100: Memory Usage (461920K) : Executing rule Seal.m
2026-02-11 05:35:44 +0100: Memory Usage (461920K) : Starting 6.11 MIM table
2026-02-11 05:35:44 +0100: Memory Usage (461920K) : Executing rule MIM.c
2026-02-11 05:35:44 +0100: Memory Usage (461920K) : Executing rule MIM.d
2026-02-11 05:35:44 +0100: Memory Usage (461920K) : Executing rule MIM.gR
2026-02-11 05:35:44 +0100: Memory Usage (461920K) : Starting 7.3 Metal Slits table
2026-02-11 05:35:44 +0100: Memory Usage (461920K) : Executing rule Slt.e1_M1
2026-02-11 05:35:44 +0100: Memory Usage (461920K) : Executing rule Slt.e1_M2
2026-02-11 05:35:44 +0100: Memory Usage (461920K) : Executing rule Slt.e1_M3
2026-02-11 05:35:44 +0100: Memory Usage (461920K) : Executing rule Slt.e1_M4
2026-02-11 05:35:44 +0100: Memory Usage (461920K) : Executing rule Slt.e1_M5
2026-02-11 05:35:44 +0100: Memory Usage (461920K) : Executing rule Slt.e1_TM1
2026-02-11 05:35:44 +0100: Memory Usage (461920K) : Executing rule Slt.e1_TM2
2026-02-11 05:35:44 +0100: Memory Usage (461920K) : Starting 9.1. LBE table
2026-02-11 05:35:44 +0100: Memory Usage (461920K) : Executing rule LBE.a
2026-02-11 05:35:44 +0100: Memory Usage (461920K) : Executing rule LBE.b
2026-02-11 05:35:44 +0100: Memory Usage (461920K) : Executing rule LBE.b1
2026-02-11 05:35:44 +0100: Memory Usage (461920K) : Executing rule LBE.c
2026-02-11 05:35:44 +0100: Memory Usage (461920K) : Executing rule LBE.d
2026-02-11 05:35:44 +0100: Memory Usage (461920K) : Executing rule LBE.h
2026-02-11 05:35:44 +0100: Memory Usage (461920K) : Starting 7.4. PIN table
2026-02-11 05:35:44 +0100: Memory Usage (461920K) : Executing rule Pin.a
2026-02-11 05:35:44 +0100: Memory Usage (461920K) : Executing rule Pin.b
2026-02-11 05:35:44 +0100: Memory Usage (461920K) : Executing rule Pin.e
2026-02-11 05:35:44 +0100: Memory Usage (461920K) : Executing rule Pin.f_M2
2026-02-11 05:35:44 +0100: Memory Usage (461920K) : Executing rule Pin.f_M3
2026-02-11 05:35:44 +0100: Memory Usage (461920K) : Executing rule Pin.f_M4
2026-02-11 05:35:44 +0100: Memory Usage (461920K) : Executing rule Pin.f_M5
2026-02-11 05:35:44 +0100: Memory Usage (461920K) : Executing rule Pin.g
2026-02-11 05:35:44 +0100: Memory Usage (461920K) : Executing rule Pin.h
2026-02-11 05:35:44 +0100: Memory Usage (461920K) : Starting 3.2. FORBIDDEN table
2026-02-11 05:35:44 +0100: Memory Usage (461920K) : Executing rule forbidden.biwind
2026-02-11 05:35:44 +0100: Memory Usage (461920K) : Executing rule forbidden.pemwind
2026-02-11 05:35:44 +0100: Memory Usage (461920K) : Executing rule forbidden.baspoly
2026-02-11 05:35:44 +0100: Memory Usage (461920K) : Executing rule forbidden.deepco
2026-02-11 05:35:44 +0100: Memory Usage (461920K) : Executing rule forbidden.pempoly
2026-02-11 05:35:44 +0100: Memory Usage (461920K) : Executing rule forbidden.empoly
2026-02-11 05:35:44 +0100: Memory Usage (461920K) : Executing rule forbidden.ldmos
2026-02-11 05:35:44 +0100: Memory Usage (461920K) : Executing rule forbidden.pbiwind
2026-02-11 05:35:44 +0100: Memory Usage (461920K) : Executing rule forbidden.nodrc
2026-02-11 05:35:44 +0100: Memory Usage (461920K) : Executing rule forbidden.flash
2026-02-11 05:35:44 +0100: Memory Usage (461920K) : Executing rule forbidden.colwind
2026-02-11 05:35:44 +0100: Memory Usage (461920K) : KLayout DRC run for tables 'main' completed in 0.86 seconds
