# Logfile created on 2026-02-11 04:54:19 +0100 by logger.rb/v1.4.3
2026-02-11 04:54:19 +0100: Memory Usage (428268K) : Starting running IHP-SG13G2 KLayout DRC runset on /home/designer/shared/IHP-AnalogAcademy/modules/module_3_8_bit_SAR_ADC/part_5_analog_layout/CDAC/layout/C-DAC.gds
2026-02-11 04:54:19 +0100: Memory Usage (428268K) : Ruby Version for klayout: 3.0.2
2026-02-11 04:54:19 +0100: Memory Usage (429420K) : Loading database to memory is complete.
2026-02-11 04:54:19 +0100: Memory Usage (429420K) : IHP-SG13G2 KLayout DRC runset output at: /home/designer/shared/IHP-AnalogAcademy/modules/module_3_8_bit_SAR_ADC/part_5_analog_layout/CDAC/layout/drc_run_CDAC/C-DAC_CDAC_main.lyrdb
2026-02-11 04:54:19 +0100: Memory Usage (429420K) : Evaluate switches.
2026-02-11 04:54:19 +0100: Memory Usage (429420K) : tables selected: main
2026-02-11 04:54:19 +0100: Memory Usage (429420K) : KLayout will use 1 thread(s) in tiling mode.
2026-02-11 04:54:19 +0100: Memory Usage (429420K) : deep mode is enabled.
2026-02-11 04:54:19 +0100: Memory Usage (429420K) : FEOL enabled: true
2026-02-11 04:54:19 +0100: Memory Usage (429420K) : BEOL enabled: true
2026-02-11 04:54:19 +0100: Memory Usage (429420K) : OFFGRID enabled: true
2026-02-11 04:54:19 +0100: Memory Usage (429420K) : PIN enabled: true
2026-02-11 04:54:19 +0100: Memory Usage (429420K) : FORBIDDEN enabled: true
2026-02-11 04:54:19 +0100: Memory Usage (429420K) : RECOMMENDED enabled: false
2026-02-11 04:54:19 +0100: Memory Usage (429420K) : PreCheck DRC enabled: false
2026-02-11 04:54:19 +0100: Memory Usage (429420K) : CONNECTIVITY_RULES enabled: true.
2026-02-11 04:54:19 +0100: Memory Usage (429420K) : Read in polygons from layers.
2026-02-11 04:54:19 +0100: Memory Usage (429932K) : activ_drw has 0 polygons
2026-02-11 04:54:19 +0100: Memory Usage (429932K) : activ_pin has 0 polygons
2026-02-11 04:54:19 +0100: Memory Usage (429932K) : activ_mask has 0 polygons
2026-02-11 04:54:19 +0100: Memory Usage (429932K) : activ_filler has 0 polygons
2026-02-11 04:54:19 +0100: Memory Usage (429932K) : activ_nofill has 0 polygons
2026-02-11 04:54:19 +0100: Memory Usage (429932K) : activ_opc has 0 polygons
2026-02-11 04:54:19 +0100: Memory Usage (429932K) : activ_iopc has 0 polygons
2026-02-11 04:54:19 +0100: Memory Usage (429932K) : activ_noqrc has 0 polygons
2026-02-11 04:54:19 +0100: Memory Usage (429932K) : biwind_drw has 0 polygons
2026-02-11 04:54:19 +0100: Memory Usage (429932K) : biwind_opc has 0 polygons
2026-02-11 04:54:19 +0100: Memory Usage (429932K) : pemwind_drw has 0 polygons
2026-02-11 04:54:19 +0100: Memory Usage (429932K) : gatpoly_drw has 0 polygons
2026-02-11 04:54:19 +0100: Memory Usage (429932K) : gatpoly_pin has 0 polygons
2026-02-11 04:54:19 +0100: Memory Usage (429932K) : gatpoly_filler has 0 polygons
2026-02-11 04:54:19 +0100: Memory Usage (429932K) : gatpoly_nofill has 0 polygons
2026-02-11 04:54:19 +0100: Memory Usage (429932K) : gatpoly_opc has 0 polygons
2026-02-11 04:54:19 +0100: Memory Usage (429932K) : gatpoly_iopc has 0 polygons
2026-02-11 04:54:19 +0100: Memory Usage (429932K) : gatpoly_noqrc has 0 polygons
2026-02-11 04:54:19 +0100: Memory Usage (429932K) : cont_drw has 0 polygons
2026-02-11 04:54:19 +0100: Memory Usage (429932K) : cont_opc has 0 polygons
2026-02-11 04:54:19 +0100: Memory Usage (429932K) : nsd_drw has 0 polygons
2026-02-11 04:54:19 +0100: Memory Usage (429932K) : nsd_block has 0 polygons
2026-02-11 04:54:19 +0100: Memory Usage (429932K) : metal1_drw has 0 polygons
2026-02-11 04:54:19 +0100: Memory Usage (429932K) : metal1_pin has 0 polygons
2026-02-11 04:54:19 +0100: Memory Usage (429932K) : metal1_mask has 0 polygons
2026-02-11 04:54:19 +0100: Memory Usage (429932K) : metal1_filler has 0 polygons
2026-02-11 04:54:19 +0100: Memory Usage (429932K) : metal1_nofill has 0 polygons
2026-02-11 04:54:19 +0100: Memory Usage (429932K) : metal1_slit has 0 polygons
2026-02-11 04:54:19 +0100: Memory Usage (430060K) : metal1_text has 0 polygons
2026-02-11 04:54:19 +0100: Memory Usage (430316K) : metal1_opc has 0 polygons
2026-02-11 04:54:19 +0100: Memory Usage (430316K) : metal1_noqrc has 0 polygons
2026-02-11 04:54:19 +0100: Memory Usage (430316K) : metal1_res has 0 polygons
2026-02-11 04:54:19 +0100: Memory Usage (430316K) : metal1_iprobe has 0 polygons
2026-02-11 04:54:19 +0100: Memory Usage (430316K) : metal1_diffprb has 0 polygons
2026-02-11 04:54:19 +0100: Memory Usage (430316K) : passiv_drw has 0 polygons
2026-02-11 04:54:19 +0100: Memory Usage (430444K) : passiv_pin has 0 polygons
2026-02-11 04:54:19 +0100: Memory Usage (430444K) : passiv_sbump has 0 polygons
2026-02-11 04:54:19 +0100: Memory Usage (430444K) : passiv_pillar has 0 polygons
2026-02-11 04:54:19 +0100: Memory Usage (430572K) : passiv_pdl has 0 polygons
2026-02-11 04:54:19 +0100: Memory Usage (430572K) : metal2_drw has 0 polygons
2026-02-11 04:54:19 +0100: Memory Usage (430572K) : metal2_pin has 0 polygons
2026-02-11 04:54:19 +0100: Memory Usage (430572K) : metal2_mask has 0 polygons
2026-02-11 04:54:19 +0100: Memory Usage (430700K) : metal2_filler has 0 polygons
2026-02-11 04:54:19 +0100: Memory Usage (430700K) : metal2_nofill has 0 polygons
2026-02-11 04:54:19 +0100: Memory Usage (430700K) : metal2_slit has 0 polygons
2026-02-11 04:54:19 +0100: Memory Usage (430828K) : metal2_text has 0 polygons
2026-02-11 04:54:19 +0100: Memory Usage (430828K) : metal2_opc has 0 polygons
2026-02-11 04:54:19 +0100: Memory Usage (430828K) : metal2_noqrc has 0 polygons
2026-02-11 04:54:19 +0100: Memory Usage (430956K) : metal2_res has 0 polygons
2026-02-11 04:54:19 +0100: Memory Usage (430956K) : metal2_iprobe has 0 polygons
2026-02-11 04:54:19 +0100: Memory Usage (430956K) : metal2_diffprb has 0 polygons
2026-02-11 04:54:19 +0100: Memory Usage (431084K) : baspoly_drw has 0 polygons
2026-02-11 04:54:19 +0100: Memory Usage (431084K) : baspoly_pin has 0 polygons
2026-02-11 04:54:19 +0100: Memory Usage (431084K) : psd_drw has 0 polygons
2026-02-11 04:54:19 +0100: Memory Usage (431212K) : nldb_drw has 0 polygons
2026-02-11 04:54:19 +0100: Memory Usage (431212K) : digibnd_drw has 0 polygons
2026-02-11 04:54:19 +0100: Memory Usage (431212K) : via1_drw has 0 polygons
2026-02-11 04:54:19 +0100: Memory Usage (431340K) : backmetal1_drw has 0 polygons
2026-02-11 04:54:19 +0100: Memory Usage (431340K) : backmetal1_pin has 0 polygons
2026-02-11 04:54:19 +0100: Memory Usage (431340K) : backmetal1_mask has 0 polygons
2026-02-11 04:54:19 +0100: Memory Usage (431468K) : backmetal1_filler has 0 polygons
2026-02-11 04:54:19 +0100: Memory Usage (431468K) : backmetal1_nofill has 0 polygons
2026-02-11 04:54:19 +0100: Memory Usage (431468K) : backmetal1_slit has 0 polygons
2026-02-11 04:54:19 +0100: Memory Usage (431596K) : backmetal1_text has 0 polygons
2026-02-11 04:54:19 +0100: Memory Usage (431596K) : backmetal1_opc has 0 polygons
2026-02-11 04:54:19 +0100: Memory Usage (431596K) : backmetal1_noqrc has 0 polygons
2026-02-11 04:54:19 +0100: Memory Usage (431724K) : backmetal1_res has 0 polygons
2026-02-11 04:54:19 +0100: Memory Usage (431724K) : backmetal1_iprobe has 0 polygons
2026-02-11 04:54:19 +0100: Memory Usage (431724K) : backmetal1_diffprb has 0 polygons
2026-02-11 04:54:19 +0100: Memory Usage (431852K) : backpassiv_drw has 0 polygons
2026-02-11 04:54:19 +0100: Memory Usage (431852K) : res_drw has 0 polygons
2026-02-11 04:54:19 +0100: Memory Usage (431852K) : sram_drw has 0 polygons
2026-02-11 04:54:19 +0100: Memory Usage (431852K) : trans_drw has 0 polygons
2026-02-11 04:54:19 +0100: Memory Usage (431980K) : ind_drw has 0 polygons
2026-02-11 04:54:19 +0100: Memory Usage (431980K) : ind_pin has 0 polygons
2026-02-11 04:54:19 +0100: Memory Usage (431980K) : ind_text has 0 polygons
2026-02-11 04:54:19 +0100: Memory Usage (432108K) : salblock_drw has 0 polygons
2026-02-11 04:54:19 +0100: Memory Usage (432108K) : via2_drw has 0 polygons
2026-02-11 04:54:19 +0100: Memory Usage (432108K) : metal3_drw has 0 polygons
2026-02-11 04:54:19 +0100: Memory Usage (432236K) : metal3_pin has 0 polygons
2026-02-11 04:54:19 +0100: Memory Usage (432236K) : metal3_mask has 0 polygons
2026-02-11 04:54:19 +0100: Memory Usage (432236K) : metal3_filler has 0 polygons
2026-02-11 04:54:19 +0100: Memory Usage (432364K) : metal3_nofill has 0 polygons
2026-02-11 04:54:19 +0100: Memory Usage (432364K) : metal3_slit has 0 polygons
2026-02-11 04:54:19 +0100: Memory Usage (432364K) : metal3_text has 0 polygons
2026-02-11 04:54:19 +0100: Memory Usage (432492K) : metal3_opc has 0 polygons
2026-02-11 04:54:19 +0100: Memory Usage (432492K) : metal3_noqrc has 0 polygons
2026-02-11 04:54:19 +0100: Memory Usage (432492K) : metal3_res has 0 polygons
2026-02-11 04:54:19 +0100: Memory Usage (432620K) : metal3_iprobe has 0 polygons
2026-02-11 04:54:19 +0100: Memory Usage (432620K) : metal3_diffprb has 0 polygons
2026-02-11 04:54:19 +0100: Memory Usage (432620K) : nwell_drw has 0 polygons
2026-02-11 04:54:19 +0100: Memory Usage (432748K) : nwell_pin has 0 polygons
2026-02-11 04:54:19 +0100: Memory Usage (432748K) : nbulay_drw has 0 polygons
2026-02-11 04:54:19 +0100: Memory Usage (432748K) : nbulay_pin has 0 polygons
2026-02-11 04:54:19 +0100: Memory Usage (432748K) : nbulay_block has 0 polygons
2026-02-11 04:54:19 +0100: Memory Usage (432748K) : emwind_drw has 0 polygons
2026-02-11 04:54:19 +0100: Memory Usage (432876K) : emwind_opc has 0 polygons
2026-02-11 04:54:19 +0100: Memory Usage (432876K) : deepco_drw has 0 polygons
2026-02-11 04:54:19 +0100: Memory Usage (432876K) : deepco_drw has 0 polygons
2026-02-11 04:54:19 +0100: Memory Usage (433388K) : mim_drw has 168 polygons
2026-02-11 04:54:19 +0100: Memory Usage (433388K) : edgeseal_drw has 0 polygons
2026-02-11 04:54:19 +0100: Memory Usage (433388K) : edgeseal_bound has 0 polygons
2026-02-11 04:54:19 +0100: Memory Usage (433388K) : substrate_drw has 0 polygons
2026-02-11 04:54:19 +0100: Memory Usage (433516K) : substrate_text has 0 polygons
2026-02-11 04:54:19 +0100: Memory Usage (433516K) : dfpad_drw has 0 polygons
2026-02-11 04:54:19 +0100: Memory Usage (433644K) : dfpad_pillar has 0 polygons
2026-02-11 04:54:19 +0100: Memory Usage (433644K) : dfpad_sbump has 0 polygons
2026-02-11 04:54:19 +0100: Memory Usage (433644K) : thickgateox_drw has 0 polygons
2026-02-11 04:54:19 +0100: Memory Usage (433772K) : pldb_drw has 0 polygons
2026-02-11 04:54:19 +0100: Memory Usage (433772K) : pwell_drw has 0 polygons
2026-02-11 04:54:19 +0100: Memory Usage (433900K) : pwell_pin has 0 polygons
2026-02-11 04:54:19 +0100: Memory Usage (433900K) : pwell_block has 0 polygons
2026-02-11 04:54:19 +0100: Memory Usage (434028K) : ic_drw has 0 polygons
2026-02-11 04:54:19 +0100: Memory Usage (434028K) : via3_drw has 0 polygons
2026-02-11 04:54:19 +0100: Memory Usage (434028K) : metal4_drw has 0 polygons
2026-02-11 04:54:19 +0100: Memory Usage (434156K) : metal4_pin has 0 polygons
2026-02-11 04:54:19 +0100: Memory Usage (434156K) : metal4_mask has 0 polygons
2026-02-11 04:54:19 +0100: Memory Usage (434156K) : metal4_filler has 0 polygons
2026-02-11 04:54:19 +0100: Memory Usage (434284K) : metal4_nofill has 0 polygons
2026-02-11 04:54:19 +0100: Memory Usage (434284K) : metal4_slit has 0 polygons
2026-02-11 04:54:19 +0100: Memory Usage (434284K) : metal4_text has 0 polygons
2026-02-11 04:54:19 +0100: Memory Usage (434412K) : metal4_opc has 0 polygons
2026-02-11 04:54:19 +0100: Memory Usage (434412K) : metal4_noqrc has 0 polygons
2026-02-11 04:54:19 +0100: Memory Usage (434540K) : metal4_res has 0 polygons
2026-02-11 04:54:19 +0100: Memory Usage (434540K) : metal4_iprobe has 0 polygons
2026-02-11 04:54:19 +0100: Memory Usage (434668K) : metal4_diffprb has 0 polygons
2026-02-11 04:54:19 +0100: Memory Usage (434668K) : heattrans_drw has 0 polygons
2026-02-11 04:54:19 +0100: Memory Usage (434668K) : heatres_drw has 0 polygons
2026-02-11 04:54:19 +0100: Memory Usage (434796K) : pempoly_drw has 0 polygons
2026-02-11 04:54:19 +0100: Memory Usage (434796K) : fbe_drw has 0 polygons
2026-02-11 04:54:19 +0100: Memory Usage (434924K) : empoly_drw has 0 polygons
2026-02-11 04:54:19 +0100: Memory Usage (434924K) : ldmos_drw has 0 polygons
2026-02-11 04:54:19 +0100: Memory Usage (435052K) : pbiwind_drw has 0 polygons
2026-02-11 04:54:19 +0100: Memory Usage (435052K) : digisub_drw has 0 polygons
2026-02-11 04:54:19 +0100: Memory Usage (435052K) : nodrc_drw has 0 polygons
2026-02-11 04:54:19 +0100: Memory Usage (435180K) : text_drw has 0 polygons
2026-02-11 04:54:19 +0100: Memory Usage (435180K) : via4_drw has 0 polygons
2026-02-11 04:54:19 +0100: Memory Usage (435308K) : metal5_drw has 225 polygons
2026-02-11 04:54:19 +0100: Memory Usage (435308K) : metal5_pin has 8 polygons
2026-02-11 04:54:19 +0100: Memory Usage (435308K) : metal5_mask has 0 polygons
2026-02-11 04:54:19 +0100: Memory Usage (435436K) : metal5_filler has 0 polygons
2026-02-11 04:54:19 +0100: Memory Usage (435436K) : metal5_nofill has 0 polygons
2026-02-11 04:54:19 +0100: Memory Usage (435436K) : metal5_slit has 0 polygons
2026-02-11 04:54:19 +0100: Memory Usage (435692K) : metal5_text has 8 polygons
2026-02-11 04:54:19 +0100: Memory Usage (435692K) : metal5_opc has 0 polygons
2026-02-11 04:54:19 +0100: Memory Usage (435692K) : metal5_noqrc has 0 polygons
2026-02-11 04:54:19 +0100: Memory Usage (435820K) : metal5_res has 0 polygons
2026-02-11 04:54:19 +0100: Memory Usage (435820K) : metal5_iprobe has 0 polygons
2026-02-11 04:54:19 +0100: Memory Usage (435820K) : metal5_diffprb has 0 polygons
2026-02-11 04:54:19 +0100: Memory Usage (435948K) : radhard_drw has 0 polygons
2026-02-11 04:54:19 +0100: Memory Usage (435948K) : memcap_drw has 0 polygons
2026-02-11 04:54:19 +0100: Memory Usage (436076K) : varicap_drw has 0 polygons
2026-02-11 04:54:19 +0100: Memory Usage (436076K) : flash_drw has 0 polygons
2026-02-11 04:54:19 +0100: Memory Usage (436204K) : intbondvia_drw has 0 polygons
2026-02-11 04:54:19 +0100: Memory Usage (436204K) : intbondmet_drw has 0 polygons
2026-02-11 04:54:19 +0100: Memory Usage (436204K) : devbondvia_drw has 0 polygons
2026-02-11 04:54:19 +0100: Memory Usage (436332K) : devbondmet_drw has 0 polygons
2026-02-11 04:54:19 +0100: Memory Usage (436332K) : devtrench_drw has 0 polygons
2026-02-11 04:54:19 +0100: Memory Usage (436460K) : redist_drw has 0 polygons
2026-02-11 04:54:19 +0100: Memory Usage (436460K) : graphbot_drw has 0 polygons
2026-02-11 04:54:19 +0100: Memory Usage (436460K) : graphtop_drw has 0 polygons
2026-02-11 04:54:19 +0100: Memory Usage (436588K) : antvia1_drw has 0 polygons
2026-02-11 04:54:19 +0100: Memory Usage (436588K) : antmetal2_drw has 0 polygons
2026-02-11 04:54:19 +0100: Memory Usage (436716K) : graphcont_drw has 0 polygons
2026-02-11 04:54:19 +0100: Memory Usage (436716K) : siwg_drw has 0 polygons
2026-02-11 04:54:19 +0100: Memory Usage (436716K) : siwg_filler has 0 polygons
2026-02-11 04:54:19 +0100: Memory Usage (436716K) : siwg_nofill has 0 polygons
2026-02-11 04:54:19 +0100: Memory Usage (436844K) : sigrating_drw has 0 polygons
2026-02-11 04:54:19 +0100: Memory Usage (436844K) : singrating_drw has 0 polygons
2026-02-11 04:54:19 +0100: Memory Usage (436844K) : graphpas_drw has 0 polygons
2026-02-11 04:54:19 +0100: Memory Usage (436972K) : emwind3_drw has 0 polygons
2026-02-11 04:54:19 +0100: Memory Usage (436972K) : emwihv3_drw has 0 polygons
2026-02-11 04:54:19 +0100: Memory Usage (437100K) : redbulay_drw has 0 polygons
2026-02-11 04:54:19 +0100: Memory Usage (437100K) : smos_drw has 0 polygons
2026-02-11 04:54:19 +0100: Memory Usage (437228K) : graphpad_drw has 0 polygons
2026-02-11 04:54:19 +0100: Memory Usage (437228K) : polimide_drw has 0 polygons
2026-02-11 04:54:19 +0100: Memory Usage (437228K) : polimide_pin has 0 polygons
2026-02-11 04:54:19 +0100: Memory Usage (437356K) : recog_drw has 0 polygons
2026-02-11 04:54:19 +0100: Memory Usage (437356K) : recog_pin has 0 polygons
2026-02-11 04:54:19 +0100: Memory Usage (437484K) : recog_esd has 0 polygons
2026-02-11 04:54:19 +0100: Memory Usage (437484K) : recog_diode has 0 polygons
2026-02-11 04:54:19 +0100: Memory Usage (437484K) : recog_tsv has 0 polygons
2026-02-11 04:54:19 +0100: Memory Usage (437612K) : recog_iprobe has 0 polygons
2026-02-11 04:54:19 +0100: Memory Usage (437612K) : recog_diffprb has 0 polygons
2026-02-11 04:54:19 +0100: Memory Usage (437740K) : recog_pillar has 0 polygons
2026-02-11 04:54:19 +0100: Memory Usage (437740K) : recog_sbump has 0 polygons
2026-02-11 04:54:19 +0100: Memory Usage (437868K) : recog_otp has 0 polygons
2026-02-11 04:54:19 +0100: Memory Usage (437868K) : recog_pdiode has 0 polygons
2026-02-11 04:54:19 +0100: Memory Usage (437868K) : recog_mom has 0 polygons
2026-02-11 04:54:19 +0100: Memory Usage (437996K) : recog_pcm has 0 polygons
2026-02-11 04:54:19 +0100: Memory Usage (437996K) : colopen_drw has 0 polygons
2026-02-11 04:54:19 +0100: Memory Usage (438124K) : graphmetal1_drw has 0 polygons
2026-02-11 04:54:19 +0100: Memory Usage (438124K) : graphmetal1_filler has 0 polygons
2026-02-11 04:54:19 +0100: Memory Usage (438124K) : graphmetal1_nofill has 0 polygons
2026-02-11 04:54:19 +0100: Memory Usage (438252K) : graphmetal1_slit has 0 polygons
2026-02-11 04:54:19 +0100: Memory Usage (438252K) : graphmetal1_opc has 0 polygons
2026-02-11 04:54:19 +0100: Memory Usage (438380K) : graphmet1l_drw has 0 polygons
2026-02-11 04:54:19 +0100: Memory Usage (438380K) : graphmet1l_filler has 0 polygons
2026-02-11 04:54:19 +0100: Memory Usage (438508K) : graphmet1l_nofill has 0 polygons
2026-02-11 04:54:19 +0100: Memory Usage (438508K) : graphmet1l_slit has 0 polygons
2026-02-11 04:54:19 +0100: Memory Usage (438508K) : graphmet1l_opc has 0 polygons
2026-02-11 04:54:19 +0100: Memory Usage (438636K) : extblock_drw has 0 polygons
2026-02-11 04:54:19 +0100: Memory Usage (438636K) : nldd_drw has 0 polygons
2026-02-11 04:54:19 +0100: Memory Usage (438764K) : pldd_drw has 0 polygons
2026-02-11 04:54:19 +0100: Memory Usage (438764K) : next_drw has 0 polygons
2026-02-11 04:54:19 +0100: Memory Usage (438892K) : pext_drw has 0 polygons
2026-02-11 04:54:19 +0100: Memory Usage (438892K) : nexthv_drw has 0 polygons
2026-02-11 04:54:19 +0100: Memory Usage (438892K) : pexthv_drw has 0 polygons
2026-02-11 04:54:19 +0100: Memory Usage (439020K) : graphgate_drw has 0 polygons
2026-02-11 04:54:19 +0100: Memory Usage (439020K) : sinwg_drw has 0 polygons
2026-02-11 04:54:19 +0100: Memory Usage (439148K) : sinwg_filler has 0 polygons
2026-02-11 04:54:19 +0100: Memory Usage (439148K) : sinwg_nofill has 0 polygons
2026-02-11 04:54:19 +0100: Memory Usage (439276K) : mempad_drw has 0 polygons
2026-02-11 04:54:19 +0100: Memory Usage (439276K) : topvia1_drw has 0 polygons
2026-02-11 04:54:19 +0100: Memory Usage (439276K) : topmetal1_drw has 202 polygons
2026-02-11 04:54:19 +0100: Memory Usage (439404K) : topmetal1_pin has 1 polygons
2026-02-11 04:54:19 +0100: Memory Usage (439404K) : topmetal1_mask has 0 polygons
2026-02-11 04:54:19 +0100: Memory Usage (439532K) : topmetal1_filler has 0 polygons
2026-02-11 04:54:19 +0100: Memory Usage (439532K) : topmetal1_nofill has 0 polygons
2026-02-11 04:54:19 +0100: Memory Usage (439660K) : topmetal1_slit has 0 polygons
2026-02-11 04:54:19 +0100: Memory Usage (439660K) : topmetal1_text has 1 polygons
2026-02-11 04:54:19 +0100: Memory Usage (439660K) : topmetal1_noqrc has 0 polygons
2026-02-11 04:54:19 +0100: Memory Usage (439788K) : topmetal1_res has 0 polygons
2026-02-11 04:54:19 +0100: Memory Usage (439788K) : topmetal1_iprobe has 0 polygons
2026-02-11 04:54:19 +0100: Memory Usage (439916K) : topmetal1_diffprb has 0 polygons
2026-02-11 04:54:19 +0100: Memory Usage (439916K) : inldpwl_drw has 0 polygons
2026-02-11 04:54:19 +0100: Memory Usage (439916K) : polyres_drw has 0 polygons
2026-02-11 04:54:19 +0100: Memory Usage (440044K) : polyres_pin has 0 polygons
2026-02-11 04:54:19 +0100: Memory Usage (440044K) : vmim_drw has 2688 polygons
2026-02-11 04:54:19 +0100: Memory Usage (440172K) : nbulaycut_drw has 0 polygons
2026-02-11 04:54:19 +0100: Memory Usage (440172K) : antmetal1_drw has 0 polygons
2026-02-11 04:54:19 +0100: Memory Usage (440172K) : topvia2_drw has 0 polygons
2026-02-11 04:54:19 +0100: Memory Usage (440300K) : topmetal2_drw has 0 polygons
2026-02-11 04:54:19 +0100: Memory Usage (440300K) : topmetal2_pin has 0 polygons
2026-02-11 04:54:19 +0100: Memory Usage (440428K) : topmetal2_mask has 0 polygons
2026-02-11 04:54:19 +0100: Memory Usage (440428K) : topmetal2_filler has 0 polygons
2026-02-11 04:54:19 +0100: Memory Usage (440556K) : topmetal2_nofill has 0 polygons
2026-02-11 04:54:19 +0100: Memory Usage (440556K) : topmetal2_slit has 0 polygons
2026-02-11 04:54:19 +0100: Memory Usage (440556K) : topmetal2_text has 0 polygons
2026-02-11 04:54:19 +0100: Memory Usage (440684K) : topmetal2_noqrc has 0 polygons
2026-02-11 04:54:19 +0100: Memory Usage (440684K) : topmetal2_res has 0 polygons
2026-02-11 04:54:19 +0100: Memory Usage (440812K) : topmetal2_iprobe has 0 polygons
2026-02-11 04:54:19 +0100: Memory Usage (440812K) : topmetal2_diffprb has 0 polygons
2026-02-11 04:54:19 +0100: Memory Usage (440940K) : snsring_drw has 0 polygons
2026-02-11 04:54:19 +0100: Memory Usage (440940K) : sensor_drw has 0 polygons
2026-02-11 04:54:19 +0100: Memory Usage (440940K) : snsarms_drw has 0 polygons
2026-02-11 04:54:19 +0100: Memory Usage (441068K) : snscmosvia_drw has 0 polygons
2026-02-11 04:54:19 +0100: Memory Usage (441068K) : colwind_drw has 0 polygons
2026-02-11 04:54:19 +0100: Memory Usage (441196K) : flm_drw has 0 polygons
2026-02-11 04:54:19 +0100: Memory Usage (441196K) : hafniumox_drw has 0 polygons
2026-02-11 04:54:19 +0100: Memory Usage (441196K) : memvia_drw has 0 polygons
2026-02-11 04:54:19 +0100: Memory Usage (441324K) : thinfilmres_drw has 0 polygons
2026-02-11 04:54:19 +0100: Memory Usage (441324K) : rfmem_drw has 0 polygons
2026-02-11 04:54:19 +0100: Memory Usage (441452K) : norcx_drw has 0 polygons
2026-02-11 04:54:19 +0100: Memory Usage (441452K) : norcx_m2m3 has 0 polygons
2026-02-11 04:54:19 +0100: Memory Usage (441580K) : norcx_m2m4 has 0 polygons
2026-02-11 04:54:19 +0100: Memory Usage (441580K) : norcx_m2m5 has 0 polygons
2026-02-11 04:54:19 +0100: Memory Usage (441580K) : norcx_m2tm1 has 0 polygons
2026-02-11 04:54:19 +0100: Memory Usage (441580K) : norcx_m2tm2 has 0 polygons
2026-02-11 04:54:19 +0100: Memory Usage (441708K) : norcx_m3m4 has 0 polygons
2026-02-11 04:54:19 +0100: Memory Usage (441708K) : norcx_m3m5 has 0 polygons
2026-02-11 04:54:19 +0100: Memory Usage (441708K) : norcx_m3tm1 has 0 polygons
2026-02-11 04:54:19 +0100: Memory Usage (441708K) : norcx_m3tm2 has 0 polygons
2026-02-11 04:54:19 +0100: Memory Usage (441708K) : norcx_m4m5 has 0 polygons
2026-02-11 04:54:19 +0100: Memory Usage (441836K) : norcx_m4tm1 has 0 polygons
2026-02-11 04:54:19 +0100: Memory Usage (441836K) : norcx_m4tm2 has 0 polygons
2026-02-11 04:54:19 +0100: Memory Usage (441836K) : norcx_m5tm1 has 0 polygons
2026-02-11 04:54:19 +0100: Memory Usage (441964K) : norcx_m5tm2 has 0 polygons
2026-02-11 04:54:19 +0100: Memory Usage (441964K) : norcx_tm1tm2 has 0 polygons
2026-02-11 04:54:19 +0100: Memory Usage (441964K) : norcx_m1sub has 0 polygons
2026-02-11 04:54:19 +0100: Memory Usage (442092K) : norcx_m2sub has 0 polygons
2026-02-11 04:54:19 +0100: Memory Usage (442092K) : norcx_m3sub has 0 polygons
2026-02-11 04:54:19 +0100: Memory Usage (442220K) : norcx_m4sub has 0 polygons
2026-02-11 04:54:19 +0100: Memory Usage (442220K) : norcx_m5sub has 0 polygons
2026-02-11 04:54:19 +0100: Memory Usage (442348K) : norcx_tm1sub has 0 polygons
2026-02-11 04:54:19 +0100: Memory Usage (442348K) : norcx_tm2sub has 0 polygons
2026-02-11 04:54:19 +0100: Memory Usage (442348K) : snsbotvia_drw has 0 polygons
2026-02-11 04:54:19 +0100: Memory Usage (442476K) : snstopvia_drw has 0 polygons
2026-02-11 04:54:19 +0100: Memory Usage (442476K) : deepvia_drw has 0 polygons
2026-02-11 04:54:19 +0100: Memory Usage (442604K) : fgetch_drw has 0 polygons
2026-02-11 04:54:19 +0100: Memory Usage (442604K) : ctrgat_drw has 0 polygons
2026-02-11 04:54:19 +0100: Memory Usage (442604K) : fgimp_drw has 0 polygons
2026-02-11 04:54:19 +0100: Memory Usage (442732K) : emwihv_drw has 0 polygons
2026-02-11 04:54:19 +0100: Memory Usage (442732K) : lbe_drw has 0 polygons
2026-02-11 04:54:19 +0100: Memory Usage (442860K) : alcustop_drw has 0 polygons
2026-02-11 04:54:19 +0100: Memory Usage (442860K) : nometfiller_drw has 0 polygons
2026-02-11 04:54:19 +0100: Memory Usage (442860K) : prboundary_drw has 0 polygons
2026-02-11 04:54:19 +0100: Memory Usage (442988K) : exchange0_drw has 0 polygons
2026-02-11 04:54:19 +0100: Memory Usage (442988K) : exchange0_pin has 0 polygons
2026-02-11 04:54:19 +0100: Memory Usage (442988K) : exchange0_text has 0 polygons
2026-02-11 04:54:19 +0100: Memory Usage (443116K) : exchange1_drw has 0 polygons
2026-02-11 04:54:19 +0100: Memory Usage (443116K) : exchange1_pin has 0 polygons
2026-02-11 04:54:19 +0100: Memory Usage (443244K) : exchange1_text has 0 polygons
2026-02-11 04:54:19 +0100: Memory Usage (443244K) : exchange2_drw has 0 polygons
2026-02-11 04:54:19 +0100: Memory Usage (443244K) : exchange2_pin has 0 polygons
2026-02-11 04:54:19 +0100: Memory Usage (443372K) : exchange2_text has 0 polygons
2026-02-11 04:54:19 +0100: Memory Usage (443372K) : exchange3_drw has 0 polygons
2026-02-11 04:54:19 +0100: Memory Usage (443500K) : exchange3_pin has 0 polygons
2026-02-11 04:54:19 +0100: Memory Usage (443500K) : exchange3_text has 0 polygons
2026-02-11 04:54:19 +0100: Memory Usage (443628K) : exchange4_drw has 0 polygons
2026-02-11 04:54:19 +0100: Memory Usage (443628K) : exchange4_pin has 0 polygons
2026-02-11 04:54:19 +0100: Memory Usage (443628K) : exchange4_text has 0 polygons
2026-02-11 04:54:19 +0100: Memory Usage (443756K) : isonwell_drw has 0 polygons
2026-02-11 04:54:19 +0100: Memory Usage (443756K) : Total no. of polygons in the design is 3301
2026-02-11 04:54:19 +0100: Memory Usage (443756K) : Loaded TECH DRC rules values from /opt/pdks/ihp-sg13g2/libs.tech/klayout/python/sg13g2_pycell_lib/sg13g2_tech_mod.json
2026-02-11 04:54:19 +0100: Memory Usage (443756K) : Loaded default DRC rules values from /opt/pdks/ihp-sg13g2/libs.tech/klayout/tech/drc/rule_decks/sg13g2_tech_default.json
2026-02-11 04:54:19 +0100: Memory Usage (443756K) : The following rules values were missing in tech json and default values were used:
2026-02-11 04:54:19 +0100: Memory Usage (443756K) :   - Cnt_c_digibnd
2026-02-11 04:54:19 +0100: Memory Usage (445164K) : Total area of the design is 9059.3904 um^2.
2026-02-11 04:54:19 +0100: Memory Usage (445164K) : The design dimensions are 91.04 µm * 99.51 µm.
2026-02-11 04:54:19 +0100: Memory Usage (445164K) : Starting general IHP-SG13G2 derivations.
2026-02-11 04:54:19 +0100: Memory Usage (445164K) : Starting Pwell derivations
2026-02-11 04:54:19 +0100: Memory Usage (445548K) : Starting n-Activ derivations
2026-02-11 04:54:19 +0100: Memory Usage (445676K) : Starting p-Activ derivations
2026-02-11 04:54:19 +0100: Memory Usage (445676K) : Starting ptap derivations
2026-02-11 04:54:19 +0100: Memory Usage (445804K) : Starting ntap derivations
2026-02-11 04:54:19 +0100: Memory Usage (445804K) : Starting pact FET derivations
2026-02-11 04:54:19 +0100: Memory Usage (445932K) : Starting nact FET derivations
2026-02-11 04:54:19 +0100: Memory Usage (445932K) : Starting Gate derivations
2026-02-11 04:54:19 +0100: Memory Usage (446060K) : Starting cont/contbar general derivations
2026-02-11 04:54:19 +0100: Memory Usage (446188K) : Starting pad general derivations
2026-02-11 04:54:19 +0100: Memory Usage (446444K) : Starting IHP-SG13G2 DRC connectivity related derivations.
2026-02-11 04:54:19 +0100: Memory Usage (449516K) : Starting IHP-SG13G2 DRC connectivity setup
2026-02-11 04:54:19 +0100: Memory Usage (449900K) : Starting IHP-SG13G2 DRC rules.
2026-02-11 04:54:19 +0100: Memory Usage (449900K) : Running all FEOL rules
2026-02-11 04:54:19 +0100: Memory Usage (449900K) : Running all BEOL rules
2026-02-11 04:54:19 +0100: Memory Usage (449900K) : Running all PIN rules
2026-02-11 04:54:19 +0100: Memory Usage (449900K) : Running all FORBIDDEN rules
2026-02-11 04:54:19 +0100: Memory Usage (449900K) : Starting 5.1 NWell table
2026-02-11 04:54:19 +0100: Memory Usage (449900K) : Executing rule NW.b
2026-02-11 04:54:19 +0100: Memory Usage (450156K) : Executing rule NW.b1
2026-02-11 04:54:19 +0100: Memory Usage (450412K) : Starting 5.2 PWell:block
2026-02-11 04:54:19 +0100: Memory Usage (450412K) : Executing rule PWB.e
2026-02-11 04:54:19 +0100: Memory Usage (450540K) : Executing rule PWB.e1
2026-02-11 04:54:19 +0100: Memory Usage (450668K) : Executing rule PWB.f
2026-02-11 04:54:19 +0100: Memory Usage (450796K) : Executing rule PWB.f1
2026-02-11 04:54:19 +0100: Memory Usage (451436K) : Starting 5.3 nBuLay table
2026-02-11 04:54:19 +0100: Memory Usage (451564K) : Executing rule NBL.b
2026-02-11 04:54:19 +0100: Memory Usage (451692K) : Executing rule NBL.c
2026-02-11 04:54:19 +0100: Memory Usage (451948K) : Executing rule NBL.d
2026-02-11 04:54:19 +0100: Memory Usage (452204K) : Executing rule NBL.e
2026-02-11 04:54:19 +0100: Memory Usage (452332K) : Executing rule NBL.f
2026-02-11 04:54:19 +0100: Memory Usage (452332K) : Starting 5.5. Activ table
2026-02-11 04:54:19 +0100: Memory Usage (452332K) : Executing rule Act.a
2026-02-11 04:54:19 +0100: Memory Usage (452460K) : Executing rule Act.b
2026-02-11 04:54:19 +0100: Memory Usage (452588K) : Starting 5.6 Activ:filler table
2026-02-11 04:54:19 +0100: Memory Usage (452716K) : Executing rule AFil.c1
2026-02-11 04:54:19 +0100: Memory Usage (452844K) : Executing rule AFil.c
2026-02-11 04:54:19 +0100: Memory Usage (452844K) : Executing rule AFil.d
2026-02-11 04:54:19 +0100: Memory Usage (453228K) : Executing rule AFil.e
2026-02-11 04:54:19 +0100: Memory Usage (453228K) : Executing rule AFil.j
2026-02-11 04:54:19 +0100: Memory Usage (453612K) : Starting 5.7. ThickGateOx table
2026-02-11 04:54:19 +0100: Memory Usage (453612K) : Executing rule TGO.f
2026-02-11 04:54:19 +0100: Memory Usage (453740K) : Starting 5.8. GatPoly table
2026-02-11 04:54:19 +0100: Memory Usage (453740K) : Executing rule Gat.a
2026-02-11 04:54:19 +0100: Memory Usage (453740K) : Executing rule Gat.b
2026-02-11 04:54:19 +0100: Memory Usage (453868K) : Executing rule Gat.d
2026-02-11 04:54:19 +0100: Memory Usage (453996K) : Executing rule Gat.a1
2026-02-11 04:54:19 +0100: Memory Usage (454508K) : Executing rule Gat.a2
2026-02-11 04:54:19 +0100: Memory Usage (454764K) : Executing rule Gat.g
2026-02-11 04:54:19 +0100: Memory Usage (455020K) : Starting 5.9 GatPoly:filler
2026-02-11 04:54:19 +0100: Memory Usage (455276K) : Executing rule GFil.d
2026-02-11 04:54:19 +0100: Memory Usage (455404K) : Executing rule GFil.e
2026-02-11 04:54:19 +0100: Memory Usage (455532K) : Executing rule GFil.i
2026-02-11 04:54:19 +0100: Memory Usage (455532K) : Starting 5.10 pSD table
2026-02-11 04:54:19 +0100: Memory Usage (455532K) : Executing rule pSD.c1
2026-02-11 04:54:19 +0100: Memory Usage (455660K) : Starting 5.14. Cont table
2026-02-11 04:54:19 +0100: Memory Usage (455660K) : Executing rule Cnt.a
2026-02-11 04:54:19 +0100: Memory Usage (455660K) : Executing rule Cnt.b
2026-02-11 04:54:19 +0100: Memory Usage (455660K) : Executing rule Cnt.c
2026-02-11 04:54:19 +0100: Memory Usage (455660K) : Executing rule Cnt.c
2026-02-11 04:54:19 +0100: Memory Usage (455660K) : Executing rule Cnt.d
2026-02-11 04:54:19 +0100: Memory Usage (455660K) : Executing rule Cnt.e
2026-02-11 04:54:19 +0100: Memory Usage (455660K) : Executing rule Cnt.g1
2026-02-11 04:54:19 +0100: Memory Usage (455660K) : Executing rule Cnt.g2
2026-02-11 04:54:19 +0100: Memory Usage (455660K) : Starting 5.15. ContBar table
2026-02-11 04:54:19 +0100: Memory Usage (455660K) : Executing rule CntB.b1
2026-02-11 04:54:19 +0100: Memory Usage (455660K) : Executing rule CntB.h1
2026-02-11 04:54:19 +0100: Memory Usage (455660K) : Starting 6.1.3 NPN Substrate-Tie table
2026-02-11 04:54:19 +0100: Memory Usage (455660K) : Executing rule npn13G2.bR 
2026-02-11 04:54:19 +0100: Memory Usage (455660K) : Executing rule npn13G2L.cR 
2026-02-11 04:54:19 +0100: Memory Usage (455660K) : Executing rule npn13G2V.cR 
2026-02-11 04:54:19 +0100: Memory Usage (455660K) : Starting 6.7 Schottky diode table
2026-02-11 04:54:19 +0100: Memory Usage (455660K) : Executing rule Sdiod.d
2026-02-11 04:54:19 +0100: Memory Usage (455660K) : Executing rule Sdiod.e
2026-02-11 04:54:19 +0100: Memory Usage (455660K) : Starting 7.2 Latch-up table
2026-02-11 04:54:19 +0100: Memory Usage (455660K) : Executing rule LU.b
2026-02-11 04:54:19 +0100: Memory Usage (455660K) : Starting 5.16. Metal1 table
2026-02-11 04:54:19 +0100: Memory Usage (455660K) : Executing rule M1.a
2026-02-11 04:54:19 +0100: Memory Usage (455660K) : Executing rule M1.b
2026-02-11 04:54:19 +0100: Memory Usage (455660K) : Executing rule M1.e
2026-02-11 04:54:19 +0100: Memory Usage (455660K) : Executing rule M1.f
2026-02-11 04:54:19 +0100: Memory Usage (455660K) : Executing rule M1.g
2026-02-11 04:54:19 +0100: Memory Usage (455660K) : Executing rule M1.i
2026-02-11 04:54:19 +0100: Memory Usage (455660K) : Starting 5.17 Metaln table
2026-02-11 04:54:19 +0100: Memory Usage (455660K) : Executing rule M2.a
2026-02-11 04:54:19 +0100: Memory Usage (455660K) : Executing rule M2.b
2026-02-11 04:54:19 +0100: Memory Usage (455660K) : Executing rule M2.e
2026-02-11 04:54:19 +0100: Memory Usage (455660K) : Executing rule M2.f
2026-02-11 04:54:19 +0100: Memory Usage (455660K) : Executing rule M2.g
2026-02-11 04:54:19 +0100: Memory Usage (455660K) : Executing rule M2.i
2026-02-11 04:54:19 +0100: Memory Usage (455660K) : Executing rule M3.a
2026-02-11 04:54:19 +0100: Memory Usage (455660K) : Executing rule M3.b
2026-02-11 04:54:19 +0100: Memory Usage (455660K) : Executing rule M3.e
2026-02-11 04:54:19 +0100: Memory Usage (455660K) : Executing rule M3.f
2026-02-11 04:54:19 +0100: Memory Usage (455660K) : Executing rule M3.g
2026-02-11 04:54:19 +0100: Memory Usage (455660K) : Executing rule M3.i
2026-02-11 04:54:19 +0100: Memory Usage (455660K) : Executing rule M4.a
2026-02-11 04:54:19 +0100: Memory Usage (455660K) : Executing rule M4.b
2026-02-11 04:54:19 +0100: Memory Usage (455660K) : Executing rule M4.e
2026-02-11 04:54:19 +0100: Memory Usage (455660K) : Executing rule M4.f
2026-02-11 04:54:19 +0100: Memory Usage (455660K) : Executing rule M4.g
2026-02-11 04:54:19 +0100: Memory Usage (455660K) : Executing rule M4.i
2026-02-11 04:54:19 +0100: Memory Usage (455660K) : Executing rule M5.a
2026-02-11 04:54:19 +0100: Memory Usage (455660K) : Executing rule M5.b
2026-02-11 04:54:19 +0100: Memory Usage (456428K) : Executing rule M5.e
2026-02-11 04:54:19 +0100: Memory Usage (456684K) : Executing rule M5.f
2026-02-11 04:54:19 +0100: Memory Usage (456684K) : Executing rule M5.g
2026-02-11 04:54:19 +0100: Memory Usage (456684K) : Executing rule M5.i
2026-02-11 04:54:19 +0100: Memory Usage (456684K) : Starting 5.18 Metaln:filler table
2026-02-11 04:54:19 +0100: Memory Usage (456684K) : Executing rule M1Fil.c
2026-02-11 04:54:19 +0100: Memory Usage (456684K) : Executing rule M1Fil.a2
2026-02-11 04:54:19 +0100: Memory Usage (456684K) : Executing rule M2Fil.c
2026-02-11 04:54:19 +0100: Memory Usage (456684K) : Executing rule M2Fil.a2
2026-02-11 04:54:19 +0100: Memory Usage (456684K) : Executing rule M3Fil.c
2026-02-11 04:54:19 +0100: Memory Usage (456684K) : Executing rule M3Fil.a2
2026-02-11 04:54:19 +0100: Memory Usage (456684K) : Executing rule M4Fil.c
2026-02-11 04:54:19 +0100: Memory Usage (456684K) : Executing rule M4Fil.a2
2026-02-11 04:54:19 +0100: Memory Usage (456684K) : Executing rule M5Fil.c
2026-02-11 04:54:19 +0100: Memory Usage (456684K) : Executing rule M5Fil.a2
2026-02-11 04:54:19 +0100: Memory Usage (456684K) : Starting 5.19. Via1 table
2026-02-11 04:54:19 +0100: Memory Usage (456684K) : Starting 5.19. Via1 table derivations
2026-02-11 04:54:19 +0100: Memory Usage (456684K) : Executing rule V1.a
2026-02-11 04:54:19 +0100: Memory Usage (456684K) : Executing rule V1.b
2026-02-11 04:54:19 +0100: Memory Usage (456684K) : Executing rule V1.c
2026-02-11 04:54:19 +0100: Memory Usage (456684K) : Starting 5.20. Vian table
2026-02-11 04:54:19 +0100: Memory Usage (456684K) : Executing rule V2.a
2026-02-11 04:54:19 +0100: Memory Usage (456684K) : Executing rule V2.b
2026-02-11 04:54:19 +0100: Memory Usage (456684K) : Executing rule V2.c
2026-02-11 04:54:19 +0100: Memory Usage (456684K) : Executing rule V3.a
2026-02-11 04:54:19 +0100: Memory Usage (456684K) : Executing rule V3.b
2026-02-11 04:54:19 +0100: Memory Usage (456684K) : Executing rule V3.c
2026-02-11 04:54:19 +0100: Memory Usage (456684K) : Executing rule V4.a
2026-02-11 04:54:19 +0100: Memory Usage (456684K) : Executing rule V4.b
2026-02-11 04:54:19 +0100: Memory Usage (456684K) : Executing rule V4.c
2026-02-11 04:54:19 +0100: Memory Usage (456684K) : Starting 5.21. TopVia1 table
2026-02-11 04:54:19 +0100: Memory Usage (456684K) : Executing rule TV1.a
2026-02-11 04:54:19 +0100: Memory Usage (456684K) : Executing rule TV1.b
2026-02-11 04:54:19 +0100: Memory Usage (456684K) : Executing rule TV1.c
2026-02-11 04:54:19 +0100: Memory Usage (456684K) : Executing rule TV1.d
2026-02-11 04:54:19 +0100: Memory Usage (456684K) : Starting 5.22. TopMetal1 table
2026-02-11 04:54:19 +0100: Memory Usage (456684K) : Executing rule TM1.a
2026-02-11 04:54:19 +0100: Memory Usage (456684K) : Executing rule TM1.b
2026-02-11 04:54:19 +0100: Memory Usage (456684K) : Starting 5.23 TopMetal1:filler table
2026-02-11 04:54:19 +0100: Memory Usage (456684K) : Executing rule TM1Fil.c
2026-02-11 04:54:19 +0100: Memory Usage (456684K) : Executing rule TM1Fil.a1
2026-02-11 04:54:19 +0100: Memory Usage (456684K) : Starting 5.24. TopVia2 table
2026-02-11 04:54:19 +0100: Memory Usage (456684K) : Executing rule TV2.a
2026-02-11 04:54:19 +0100: Memory Usage (456684K) : Executing rule TV2.b
2026-02-11 04:54:19 +0100: Memory Usage (456684K) : Executing rule TV2.c
2026-02-11 04:54:19 +0100: Memory Usage (456684K) : Executing rule TV2.d
2026-02-11 04:54:19 +0100: Memory Usage (456684K) : Starting 5.25. TopMetal2 table
2026-02-11 04:54:19 +0100: Memory Usage (456684K) : Executing rule TM2.a
2026-02-11 04:54:19 +0100: Memory Usage (456684K) : Executing rule TM2.b
2026-02-11 04:54:19 +0100: Memory Usage (456684K) : Executing rule TM2.bR
2026-02-11 04:54:19 +0100: Memory Usage (456684K) : Starting 5.26 TopMetal2:filler table
2026-02-11 04:54:19 +0100: Memory Usage (456684K) : Executing rule TM2Fil.c
2026-02-11 04:54:19 +0100: Memory Usage (456684K) : Executing rule TM2Fil.a1
2026-02-11 04:54:19 +0100: Memory Usage (456684K) : Starting 5.27. Passiv table
2026-02-11 04:54:19 +0100: Memory Usage (456684K) : Executing rule Pas.a
2026-02-11 04:54:19 +0100: Memory Usage (456684K) : Executing rule Pas.b
2026-02-11 04:54:19 +0100: Memory Usage (456684K) : Executing rule Pas.c
2026-02-11 04:54:19 +0100: Memory Usage (456684K) : Starting 6.9.2 Copper Pillar table
2026-02-11 04:54:19 +0100: Memory Usage (456684K) : Executing rule Padc.a
2026-02-11 04:54:19 +0100: Memory Usage (456684K) : Executing rule Padc.b
2026-02-11 04:54:19 +0100: Memory Usage (456684K) : Executing rule Padc.c
2026-02-11 04:54:19 +0100: Memory Usage (456684K) : Executing rule Padb.f
2026-02-11 04:54:19 +0100: Memory Usage (456684K) : Starting 6.9.1 Solder Bump
2026-02-11 04:54:19 +0100: Memory Usage (456684K) : Executing rule Padb.a
2026-02-11 04:54:19 +0100: Memory Usage (456684K) : Executing rule Padb.b
2026-02-11 04:54:19 +0100: Memory Usage (456684K) : Executing rule Padb.c
2026-02-11 04:54:19 +0100: Memory Usage (456684K) : Executing rule Padb.f
2026-02-11 04:54:19 +0100: Memory Usage (456684K) : Executing rule Padb.d
2026-02-11 04:54:19 +0100: Memory Usage (456684K) : Starting 6.10 Sealring table
2026-02-11 04:54:19 +0100: Memory Usage (456684K) : Executing rule Seal.l
2026-02-11 04:54:19 +0100: Memory Usage (456684K) : Executing rule Seal.n
2026-02-11 04:54:19 +0100: Memory Usage (456684K) : Executing rule seal.b_metal1
2026-02-11 04:54:19 +0100: Memory Usage (456684K) : Executing rule seal.b_metal2
2026-02-11 04:54:19 +0100: Memory Usage (456684K) : Executing rule seal.b_metal3
2026-02-11 04:54:19 +0100: Memory Usage (456684K) : Executing rule seal.b_metal4
2026-02-11 04:54:19 +0100: Memory Usage (456684K) : Executing rule seal.b_metal5
2026-02-11 04:54:19 +0100: Memory Usage (456684K) : Executing rule seal.b_topmetal1
2026-02-11 04:54:19 +0100: Memory Usage (456684K) : Executing rule seal.b_topmetal2
2026-02-11 04:54:19 +0100: Memory Usage (456684K) : Executing rule seal.b_activ
2026-02-11 04:54:19 +0100: Memory Usage (456684K) : Executing rule seal.b_psd
2026-02-11 04:54:19 +0100: Memory Usage (456684K) : Executing rule Seal.k
2026-02-11 04:54:19 +0100: Memory Usage (456684K) : Executing rule Seal.m
2026-02-11 04:54:19 +0100: Memory Usage (456684K) : Starting 6.11 MIM table
2026-02-11 04:54:19 +0100: Memory Usage (456684K) : Executing rule MIM.c
2026-02-11 04:54:19 +0100: Memory Usage (456812K) : Executing rule MIM.d
2026-02-11 04:54:19 +0100: Memory Usage (456812K) : Executing rule MIM.gR
2026-02-11 04:54:19 +0100: Memory Usage (456812K) : Starting 7.3 Metal Slits table
2026-02-11 04:54:19 +0100: Memory Usage (456812K) : Executing rule Slt.e1_M1
2026-02-11 04:54:19 +0100: Memory Usage (456812K) : Executing rule Slt.e1_M2
2026-02-11 04:54:19 +0100: Memory Usage (456812K) : Executing rule Slt.e1_M3
2026-02-11 04:54:20 +0100: Memory Usage (456812K) : Executing rule Slt.e1_M4
2026-02-11 04:54:20 +0100: Memory Usage (456812K) : Executing rule Slt.e1_M5
2026-02-11 04:54:20 +0100: Memory Usage (456812K) : Executing rule Slt.e1_TM1
2026-02-11 04:54:20 +0100: Memory Usage (456812K) : Executing rule Slt.e1_TM2
2026-02-11 04:54:20 +0100: Memory Usage (456812K) : Starting 9.1. LBE table
2026-02-11 04:54:20 +0100: Memory Usage (456812K) : Executing rule LBE.a
2026-02-11 04:54:20 +0100: Memory Usage (456812K) : Executing rule LBE.b
2026-02-11 04:54:20 +0100: Memory Usage (456812K) : Executing rule LBE.b1
2026-02-11 04:54:20 +0100: Memory Usage (456812K) : Executing rule LBE.c
2026-02-11 04:54:20 +0100: Memory Usage (456812K) : Executing rule LBE.d
2026-02-11 04:54:20 +0100: Memory Usage (456812K) : Executing rule LBE.h
2026-02-11 04:54:20 +0100: Memory Usage (456812K) : Starting 7.4. PIN table
2026-02-11 04:54:20 +0100: Memory Usage (456812K) : Executing rule Pin.a
2026-02-11 04:54:20 +0100: Memory Usage (456812K) : Executing rule Pin.b
2026-02-11 04:54:20 +0100: Memory Usage (456812K) : Executing rule Pin.e
2026-02-11 04:54:20 +0100: Memory Usage (456812K) : Executing rule Pin.f_M2
2026-02-11 04:54:20 +0100: Memory Usage (456812K) : Executing rule Pin.f_M3
2026-02-11 04:54:20 +0100: Memory Usage (456812K) : Executing rule Pin.f_M4
2026-02-11 04:54:20 +0100: Memory Usage (456940K) : Executing rule Pin.f_M5
2026-02-11 04:54:20 +0100: Memory Usage (457068K) : Executing rule Pin.g
2026-02-11 04:54:20 +0100: Memory Usage (457196K) : Executing rule Pin.h
2026-02-11 04:54:20 +0100: Memory Usage (457324K) : Starting 3.2. FORBIDDEN table
2026-02-11 04:54:20 +0100: Memory Usage (457324K) : Executing rule forbidden.biwind
2026-02-11 04:54:20 +0100: Memory Usage (457452K) : Executing rule forbidden.pemwind
2026-02-11 04:54:20 +0100: Memory Usage (457452K) : Executing rule forbidden.baspoly
2026-02-11 04:54:20 +0100: Memory Usage (457452K) : Executing rule forbidden.deepco
2026-02-11 04:54:20 +0100: Memory Usage (457580K) : Executing rule forbidden.pempoly
2026-02-11 04:54:20 +0100: Memory Usage (457580K) : Executing rule forbidden.empoly
2026-02-11 04:54:20 +0100: Memory Usage (457708K) : Executing rule forbidden.ldmos
2026-02-11 04:54:20 +0100: Memory Usage (457708K) : Executing rule forbidden.pbiwind
2026-02-11 04:54:20 +0100: Memory Usage (457836K) : Executing rule forbidden.nodrc
2026-02-11 04:54:20 +0100: Memory Usage (457836K) : Executing rule forbidden.flash
2026-02-11 04:54:20 +0100: Memory Usage (457964K) : Executing rule forbidden.colwind
2026-02-11 04:54:20 +0100: Memory Usage (457964K) : KLayout DRC run for tables 'main' completed in 0.99 seconds
